Zoo uptime: 7 days.


Day 1:

Zookeeper Zuhaib arrives at the Zoo.
Zookeeper Zuhaib wakes up Hang the Hippo.
Hang the Hippo has woken up.
Zookeeper Zuhaib wakes up Heidi the Hippo.
Heidi the Hippo has woken up.
Zookeeper Zuhaib wakes up Hilal the Hippo.
Hilal the Hippo has woken up.
Zookeeper Zuhaib wakes up Haziel the Hippo.
Haziel the Hippo has woken up.
Zookeeper Zuhaib wakes up Evienne the Elephant.
Evienne the Elephant has woken up.
Zookeeper Zuhaib wakes up Eliud the Elephant.
Eliud the Elephant has woken up.
Zookeeper Zuhaib wakes up Rikkilynn the Rhino.
Rikkilynn the Rhino has woken up.
Zookeeper Zuhaib wakes up Royesha the Rhino.
Royesha the Rhino has woken up.
Zookeeper Zuhaib wakes up Regina the Rhino.
Regina the Rhino has woken up.
Zookeeper Zuhaib wakes up Regana the Rhino.
Regana the Rhino has woken up.
Zookeeper Zuhaib wakes up Callister the Cat.
Callister the Cat has woken up.
Zookeeper Zuhaib wakes up Chriss the Cat.
Chriss the Cat has woken up.
Zookeeper Zuhaib wakes up Chardell the Cat.
Chardell the Cat has woken up.
Zookeeper Zuhaib wakes up Leotha the Lion.
Leotha the Lion has woken up.
Zookeeper Zuhaib wakes up Laquishia the Lion.
Laquishia the Lion has woken up.
Zookeeper Zuhaib wakes up Lavergne the Lion.
Lavergne the Lion has woken up.
Zookeeper Zuhaib wakes up Lindal the Lion.
Lindal the Lion has woken up.
Zookeeper Zuhaib wakes up Tice the Tiger.
Tice the Tiger has woken up.
Zookeeper Zuhaib wakes up Traegan the Tiger.
Traegan the Tiger has woken up.
Zookeeper Zuhaib wakes up Wylene the Wolf.
Wylene the Wolf has woken up.
Zookeeper Zuhaib wakes up Wasseem the Wolf.
Wasseem the Wolf has woken up.
Zookeeper Zuhaib wakes up Darionte the Dog.
Darionte the Dog has woken up.
Zookeeper Zuhaib wakes up Derriona the Dog.
Derriona the Dog has woken up.
Zookeeper Zuhaib wakes up Brehanna the Brown Bear.
Brehanna the Brown Bear has woken up.
Zookeeper Zuhaib wakes up Brieona the Brown Bear.
Brieona the Brown Bear has woken up.
Zookeeper Zuhaib wakes up Santee the Sun Bear.
Santee the Sun Bear has woken up.
Zookeeper Zuhaib wakes up Seona the Sun Bear.
Seona the Sun Bear has woken up.
Zookeeper Zuhaib roll calls Hang the Hippo.
Hang the Hippo groans.
Zookeeper Zuhaib roll calls Heidi the Hippo.
Heidi the Hippo groans.
Zookeeper Zuhaib roll calls Hilal the Hippo.
Hilal the Hippo groans.
Zookeeper Zuhaib roll calls Haziel the Hippo.
Haziel the Hippo groans.
Zookeeper Zuhaib roll calls Evienne the Elephant.
Evienne the Elephant trumpets.
Zookeeper Zuhaib roll calls Eliud the Elephant.
Eliud the Elephant trumpets.
Zookeeper Zuhaib roll calls Rikkilynn the Rhino.
Rikkilynn the Rhino growels.
Zookeeper Zuhaib roll calls Royesha the Rhino.
Royesha the Rhino growels.
Zookeeper Zuhaib roll calls Regina the Rhino.
Regina the Rhino growels.
Zookeeper Zuhaib roll calls Regana the Rhino.
Regana the Rhino growels.
Zookeeper Zuhaib roll calls Callister the Cat.
Callister the Cat purrs.
Zookeeper Zuhaib roll calls Chriss the Cat.
Chriss the Cat purrs.
Zookeeper Zuhaib roll calls Chardell the Cat.
Chardell the Cat purrs.
Zookeeper Zuhaib roll calls Leotha the Lion.
Leotha the Lion roars.
Zookeeper Zuhaib roll calls Laquishia the Lion.
Laquishia the Lion roars.
Zookeeper Zuhaib roll calls Lavergne the Lion.
Lavergne the Lion roars.
Zookeeper Zuhaib roll calls Lindal the Lion.
Lindal the Lion roars.
Zookeeper Zuhaib roll calls Tice the Tiger.
Tice the Tiger purrs.
Zookeeper Zuhaib roll calls Traegan the Tiger.
Traegan the Tiger purrs.
Zookeeper Zuhaib roll calls Wylene the Wolf.
Wylene the Wolf howls.
Zookeeper Zuhaib roll calls Wasseem the Wolf.
Wasseem the Wolf howls.
Zookeeper Zuhaib roll calls Darionte the Dog.
Darionte the Dog barks.
Zookeeper Zuhaib roll calls Derriona the Dog.
Derriona the Dog barks.
Zookeeper Zuhaib roll calls Brehanna the Brown Bear.
Brehanna the Brown Bear growels.
Zookeeper Zuhaib roll calls Brieona the Brown Bear.
Brieona the Brown Bear growels.
Zookeeper Zuhaib roll calls Santee the Sun Bear.
Santee the Sun Bear roars aggressively.
Zookeeper Zuhaib roll calls Seona the Sun Bear.
Seona the Sun Bear roars aggressively.
Zookeeper Zuhaib feeds Hang the Hippo.
Hang the Hippo has eaten.
Zookeeper Zuhaib feeds Heidi the Hippo.
Heidi the Hippo has eaten.
Zookeeper Zuhaib feeds Hilal the Hippo.
Hilal the Hippo has eaten.
Zookeeper Zuhaib feeds Haziel the Hippo.
Haziel the Hippo has eaten.
Zookeeper Zuhaib feeds Evienne the Elephant.
Evienne the Elephant has eaten.
Zookeeper Zuhaib feeds Eliud the Elephant.
Eliud the Elephant has eaten.
Zookeeper Zuhaib feeds Rikkilynn the Rhino.
Rikkilynn the Rhino has eaten.
Zookeeper Zuhaib feeds Royesha the Rhino.
Royesha the Rhino has eaten.
Zookeeper Zuhaib feeds Regina the Rhino.
Regina the Rhino has eaten.
Zookeeper Zuhaib feeds Regana the Rhino.
Regana the Rhino has eaten.
Zookeeper Zuhaib feeds Callister the Cat.
Callister the Cat has eaten.
Zookeeper Zuhaib feeds Chriss the Cat.
Chriss the Cat has eaten.
Zookeeper Zuhaib feeds Chardell the Cat.
Chardell the Cat has eaten.
Zookeeper Zuhaib feeds Leotha the Lion.
Leotha the Lion has eaten.
Zookeeper Zuhaib feeds Laquishia the Lion.
Laquishia the Lion has eaten.
Zookeeper Zuhaib feeds Lavergne the Lion.
Lavergne the Lion has eaten.
Zookeeper Zuhaib feeds Lindal the Lion.
Lindal the Lion has eaten.
Zookeeper Zuhaib feeds Tice the Tiger.
Tice the Tiger has eaten.
Zookeeper Zuhaib feeds Traegan the Tiger.
Traegan the Tiger has eaten.
Zookeeper Zuhaib feeds Wylene the Wolf.
Wylene the Wolf has eaten.
Zookeeper Zuhaib feeds Wasseem the Wolf.
Wasseem the Wolf has eaten.
Zookeeper Zuhaib feeds Darionte the Dog.
Darionte the Dog has eaten.
Zookeeper Zuhaib feeds Derriona the Dog.
Derriona the Dog has eaten.
Zookeeper Zuhaib feeds Brehanna the Brown Bear.
Brehanna the Brown Bear has eaten.
Zookeeper Zuhaib feeds Brieona the Brown Bear.
Brieona the Brown Bear feasts on a large meal.
Zookeeper Zuhaib feeds Santee the Sun Bear.
Santee the Sun Bear has eaten.
Zookeeper Zuhaib feeds Seona the Sun Bear.
Seona the Sun Bear feasts on a large meal.
Zookeeper Zuhaib exercises Hang the Hippo.
Hang the Hippo has charged.
Zookeeper Zuhaib exercises Heidi the Hippo.
Heidi the Hippo has roamed / exercised.
Zookeeper Zuhaib exercises Hilal the Hippo.
Hilal the Hippo has roamed / exercised.
Zookeeper Zuhaib exercises Haziel the Hippo.
Haziel the Hippo has roamed / exercised.
Zookeeper Zuhaib exercises Evienne the Elephant.
Evienne the Elephant has roamed / exercised.
Zookeeper Zuhaib exercises Eliud the Elephant.
Eliud the Elephant has roamed / exercised.
Zookeeper Zuhaib exercises Rikkilynn the Rhino.
Rikkilynn the Rhino has roamed / exercised.
Zookeeper Zuhaib exercises Royesha the Rhino.
Royesha the Rhino has roamed / exercised.
Zookeeper Zuhaib exercises Regina the Rhino.
Regina the Rhino has roamed / exercised.
Zookeeper Zuhaib exercises Regana the Rhino.
Regana the Rhino has roamed / exercised.
Zookeeper Zuhaib exercises Callister the Cat.
Callister the Cat has roamed / exercised.
Zookeeper Zuhaib exercises Chriss the Cat.
Chriss the Cat has roamed / exercised.
Zookeeper Zuhaib exercises Chardell the Cat.
Chardell the Cat has roamed / exercised.
Zookeeper Zuhaib exercises Leotha the Lion.
Leotha the Lion has roamed / exercised.
Zookeeper Zuhaib exercises Laquishia the Lion.
Laquishia the Lion has roamed / exercised.
Zookeeper Zuhaib exercises Lavergne the Lion.
Lavergne the Lion has roamed / exercised.
Zookeeper Zuhaib exercises Lindal the Lion.
Lindal the Lion has roamed / exercised.
Zookeeper Zuhaib exercises Tice the Tiger.
Tice the Tiger has roamed / exercised.
Zookeeper Zuhaib exercises Traegan the Tiger.
Traegan the Tiger has roamed / exercised.
Zookeeper Zuhaib exercises Wylene the Wolf.
Wylene the Wolf has roamed / exercised.
Zookeeper Zuhaib exercises Wasseem the Wolf.
Wasseem the Wolf has roamed / exercised.
Zookeeper Zuhaib exercises Darionte the Dog.
Darionte the Dog has roamed / exercised.
Zookeeper Zuhaib exercises Derriona the Dog.
Derriona the Dog has roamed / exercised.
Zookeeper Zuhaib exercises Brehanna the Brown Bear.
Brehanna the Brown Bear has roamed / exercised.
Zookeeper Zuhaib exercises Brieona the Brown Bear.
Brieona the Brown Bear has roamed / exercised.
Zookeeper Zuhaib exercises Santee the Sun Bear.
Santee the Sun Bear has roamed / exercised.
Zookeeper Zuhaib exercises Seona the Sun Bear.
Seona the Sun Bear has roamed / exercised.
Zookeeper Zuhaib tucks in Hang the Hippo.
Hang the Hippo slumbers.
Zookeeper Zuhaib tucks in Heidi the Hippo.
Heidi the Hippo slumbers.
Zookeeper Zuhaib tucks in Hilal the Hippo.
Hilal the Hippo slumbers.
Zookeeper Zuhaib tucks in Haziel the Hippo.
Haziel the Hippo slumbers.
Zookeeper Zuhaib tucks in Evienne the Elephant.
Evienne the Elephant slumbers.
Zookeeper Zuhaib tucks in Eliud the Elephant.
Eliud the Elephant slumbers.
Zookeeper Zuhaib tucks in Rikkilynn the Rhino.
Rikkilynn the Rhino slumbers.
Zookeeper Zuhaib tucks in Royesha the Rhino.
Royesha the Rhino slumbers.
Zookeeper Zuhaib tucks in Regina the Rhino.
Regina the Rhino slumbers.
Zookeeper Zuhaib tucks in Regana the Rhino.
Regana the Rhino slumbers.
Zookeeper Zuhaib tucks in Callister the Cat.
Callister the Cat has roamed / exercised.
Zookeeper Zuhaib tucks in Chriss the Cat.
Chriss the Cat has roamed / exercised.
Zookeeper Zuhaib tucks in Chardell the Cat.
Chardell the Cat slumbers.
Zookeeper Zuhaib tucks in Leotha the Lion.
Leotha the Lion roars.
Zookeeper Zuhaib tucks in Laquishia the Lion.
Laquishia the Lion roars.
Zookeeper Zuhaib tucks in Lavergne the Lion.
Lavergne the Lion roars.
Zookeeper Zuhaib tucks in Lindal the Lion.
Lindal the Lion slumbers.
Zookeeper Zuhaib tucks in Tice the Tiger.
Tice the Tiger purrs.
Zookeeper Zuhaib tucks in Traegan the Tiger.
Traegan the Tiger purrs.
Zookeeper Zuhaib tucks in Wylene the Wolf.
Wylene the Wolf slumbers.
Zookeeper Zuhaib tucks in Wasseem the Wolf.
Wasseem the Wolf slumbers.
Zookeeper Zuhaib tucks in Darionte the Dog.
Darionte the Dog slumbers.
Zookeeper Zuhaib tucks in Derriona the Dog.
Derriona the Dog slumbers.
Zookeeper Zuhaib tucks in Brehanna the Brown Bear.
Brehanna the Brown Bear slumbers.
Zookeeper Zuhaib tucks in Brieona the Brown Bear.
Brieona the Brown Bear slumbers.
Zookeeper Zuhaib tucks in Santee the Sun Bear.
Santee the Sun Bear slumbers.
Zookeeper Zuhaib tucks in Seona the Sun Bear.
Seona the Sun Bear slumbers.
Zookeeper Zuhaib leaves at the Zoo.
Zoo Food Server Zamarcus arrives at the Zoo.
Zoo Food Server Zamarcus leaves the Zoo.

Day 2:

Zookeeper Zuhaib arrives at the Zoo.
Zookeeper Zuhaib wakes up Hang the Hippo.
Hang the Hippo has woken up.
Zookeeper Zuhaib wakes up Heidi the Hippo.
Heidi the Hippo has woken up.
Zookeeper Zuhaib wakes up Hilal the Hippo.
Hilal the Hippo has woken up.
Zookeeper Zuhaib wakes up Haziel the Hippo.
Haziel the Hippo has woken up.
Zookeeper Zuhaib wakes up Evienne the Elephant.
Evienne the Elephant has woken up.
Zookeeper Zuhaib wakes up Eliud the Elephant.
Eliud the Elephant has woken up.
Zookeeper Zuhaib wakes up Rikkilynn the Rhino.
Rikkilynn the Rhino has woken up.
Zookeeper Zuhaib wakes up Royesha the Rhino.
Royesha the Rhino has woken up.
Zookeeper Zuhaib wakes up Regina the Rhino.
Regina the Rhino has woken up.
Zookeeper Zuhaib wakes up Regana the Rhino.
Regana the Rhino has woken up.
Zookeeper Zuhaib wakes up Callister the Cat.
Callister the Cat is already awake.
Zookeeper Zuhaib wakes up Chriss the Cat.
Chriss the Cat is already awake.
Zookeeper Zuhaib wakes up Chardell the Cat.
Chardell the Cat has woken up.
Zookeeper Zuhaib wakes up Leotha the Lion.
Leotha the Lion is already awake.
Zookeeper Zuhaib wakes up Laquishia the Lion.
Laquishia the Lion is already awake.
Zookeeper Zuhaib wakes up Lavergne the Lion.
Lavergne the Lion is already awake.
Zookeeper Zuhaib wakes up Lindal the Lion.
Lindal the Lion has woken up.
Zookeeper Zuhaib wakes up Tice the Tiger.
Tice the Tiger is already awake.
Zookeeper Zuhaib wakes up Traegan the Tiger.
Traegan the Tiger is already awake.
Zookeeper Zuhaib wakes up Wylene the Wolf.
Wylene the Wolf has woken up.
Zookeeper Zuhaib wakes up Wasseem the Wolf.
Wasseem the Wolf has woken up.
Zookeeper Zuhaib wakes up Darionte the Dog.
Darionte the Dog has woken up.
Zookeeper Zuhaib wakes up Derriona the Dog.
Derriona the Dog has woken up.
Zookeeper Zuhaib wakes up Brehanna the Brown Bear.
Brehanna the Brown Bear has woken up.
Zookeeper Zuhaib wakes up Brieona the Brown Bear.
Brieona the Brown Bear has woken up.
Zookeeper Zuhaib wakes up Santee the Sun Bear.
Santee the Sun Bear has woken up.
Zookeeper Zuhaib wakes up Seona the Sun Bear.
Seona the Sun Bear has woken up.
Zookeeper Zuhaib roll calls Hang the Hippo.
Hang the Hippo groans.
Zookeeper Zuhaib roll calls Heidi the Hippo.
Heidi the Hippo groans.
Zookeeper Zuhaib roll calls Hilal the Hippo.
Hilal the Hippo groans.
Zookeeper Zuhaib roll calls Haziel the Hippo.
Haziel the Hippo groans.
Zookeeper Zuhaib roll calls Evienne the Elephant.
Evienne the Elephant trumpets.
Zookeeper Zuhaib roll calls Eliud the Elephant.
Eliud the Elephant trumpets.
Zookeeper Zuhaib roll calls Rikkilynn the Rhino.
Rikkilynn the Rhino growels.
Zookeeper Zuhaib roll calls Royesha the Rhino.
Royesha the Rhino growels.
Zookeeper Zuhaib roll calls Regina the Rhino.
Regina the Rhino growels.
Zookeeper Zuhaib roll calls Regana the Rhino.
Regana the Rhino growels.
Zookeeper Zuhaib roll calls Callister the Cat.
Callister the Cat purrs.
Zookeeper Zuhaib roll calls Chriss the Cat.
Chriss the Cat purrs.
Zookeeper Zuhaib roll calls Chardell the Cat.
Chardell the Cat purrs.
Zookeeper Zuhaib roll calls Leotha the Lion.
Leotha the Lion roars.
Zookeeper Zuhaib roll calls Laquishia the Lion.
Laquishia the Lion roars.
Zookeeper Zuhaib roll calls Lavergne the Lion.
Lavergne the Lion roars.
Zookeeper Zuhaib roll calls Lindal the Lion.
Lindal the Lion roars.
Zookeeper Zuhaib roll calls Tice the Tiger.
Tice the Tiger purrs.
Zookeeper Zuhaib roll calls Traegan the Tiger.
Traegan the Tiger purrs.
Zookeeper Zuhaib roll calls Wylene the Wolf.
Wylene the Wolf howls.
Zookeeper Zuhaib roll calls Wasseem the Wolf.
Wasseem the Wolf howls.
Zookeeper Zuhaib roll calls Darionte the Dog.
Darionte the Dog barks.
Zookeeper Zuhaib roll calls Derriona the Dog.
Derriona the Dog barks.
Zookeeper Zuhaib roll calls Brehanna the Brown Bear.
Brehanna the Brown Bear growels.
Zookeeper Zuhaib roll calls Brieona the Brown Bear.
Brieona the Brown Bear growels.
Zookeeper Zuhaib roll calls Santee the Sun Bear.
Santee the Sun Bear roars aggressively.
Zookeeper Zuhaib roll calls Seona the Sun Bear.
Seona the Sun Bear roars aggressively.
Zookeeper Zuhaib feeds Hang the Hippo.
Hang the Hippo has eaten.
Zookeeper Zuhaib feeds Heidi the Hippo.
Heidi the Hippo has eaten.
Zookeeper Zuhaib feeds Hilal the Hippo.
Hilal the Hippo has eaten.
Zookeeper Zuhaib feeds Haziel the Hippo.
Haziel the Hippo has eaten.
Zookeeper Zuhaib feeds Evienne the Elephant.
Evienne the Elephant has eaten.
Zookeeper Zuhaib feeds Eliud the Elephant.
Eliud the Elephant has eaten.
Zookeeper Zuhaib feeds Rikkilynn the Rhino.
Rikkilynn the Rhino has eaten.
Zookeeper Zuhaib feeds Royesha the Rhino.
Royesha the Rhino has eaten.
Zookeeper Zuhaib feeds Regina the Rhino.
Regina the Rhino has eaten.
Zookeeper Zuhaib feeds Regana the Rhino.
Regana the Rhino has eaten.
Zookeeper Zuhaib feeds Callister the Cat.
Callister the Cat has eaten.
Zookeeper Zuhaib feeds Chriss the Cat.
Chriss the Cat has eaten.
Zookeeper Zuhaib feeds Chardell the Cat.
Chardell the Cat has eaten.
Zookeeper Zuhaib feeds Leotha the Lion.
Leotha the Lion has eaten.
Zookeeper Zuhaib feeds Laquishia the Lion.
Laquishia the Lion has eaten.
Zookeeper Zuhaib feeds Lavergne the Lion.
Lavergne the Lion has eaten.
Zookeeper Zuhaib feeds Lindal the Lion.
Lindal the Lion has eaten.
Zookeeper Zuhaib feeds Tice the Tiger.
Tice the Tiger has eaten.
Zookeeper Zuhaib feeds Traegan the Tiger.
Traegan the Tiger has eaten.
Zookeeper Zuhaib feeds Wylene the Wolf.
Wylene the Wolf has eaten.
Zookeeper Zuhaib feeds Wasseem the Wolf.
Wasseem the Wolf has eaten.
Zookeeper Zuhaib feeds Darionte the Dog.
Darionte the Dog barks.
Darionte the Dog has eaten.
Zookeeper Zuhaib feeds Derriona the Dog.
Derriona the Dog barks.
Derriona the Dog has eaten.
Zookeeper Zuhaib feeds Brehanna the Brown Bear.
Brehanna the Brown Bear has eaten.
Zookeeper Zuhaib feeds Brieona the Brown Bear.
Brieona the Brown Bear feasts on a large meal.
Zookeeper Zuhaib feeds Santee the Sun Bear.
Santee the Sun Bear feasts on a large meal.
Zookeeper Zuhaib feeds Seona the Sun Bear.
Seona the Sun Bear feasts on a large meal.
Zookeeper Zuhaib exercises Hang the Hippo.
Hang the Hippo has charged.
Zookeeper Zuhaib exercises Heidi the Hippo.
Heidi the Hippo has roamed / exercised.
Zookeeper Zuhaib exercises Hilal the Hippo.
Hilal the Hippo has roamed / exercised.
Zookeeper Zuhaib exercises Haziel the Hippo.
Haziel the Hippo has charged.
Zookeeper Zuhaib exercises Evienne the Elephant.
Evienne the Elephant has charged.
Zookeeper Zuhaib exercises Eliud the Elephant.
Eliud the Elephant has roamed / exercised.
Zookeeper Zuhaib exercises Rikkilynn the Rhino.
Rikkilynn the Rhino has charged.
Zookeeper Zuhaib exercises Royesha the Rhino.
Royesha the Rhino has roamed / exercised.
Zookeeper Zuhaib exercises Regina the Rhino.
Regina the Rhino has roamed / exercised.
Zookeeper Zuhaib exercises Regana the Rhino.
Regana the Rhino has charged.
Zookeeper Zuhaib exercises Callister the Cat.
Callister the Cat has roamed / exercised.
Zookeeper Zuhaib exercises Chriss the Cat.
Chriss the Cat has roamed / exercised.
Zookeeper Zuhaib exercises Chardell the Cat.
Chardell the Cat has roamed / exercised.
Zookeeper Zuhaib exercises Leotha the Lion.
Leotha the Lion has roamed / exercised.
Zookeeper Zuhaib exercises Laquishia the Lion.
Laquishia the Lion has roamed / exercised.
Zookeeper Zuhaib exercises Lavergne the Lion.
Lavergne the Lion has roamed / exercised.
Zookeeper Zuhaib exercises Lindal the Lion.
Lindal the Lion has roamed / exercised.
Zookeeper Zuhaib exercises Tice the Tiger.
Tice the Tiger has roamed / exercised.
Zookeeper Zuhaib exercises Traegan the Tiger.
Traegan the Tiger has roamed / exercised.
Zookeeper Zuhaib exercises Wylene the Wolf.
Wylene the Wolf has roamed / exercised.
Zookeeper Zuhaib exercises Wasseem the Wolf.
Wasseem the Wolf has roamed / exercised.
Zookeeper Zuhaib exercises Darionte the Dog.
Darionte the Dog has dug a hole.
Zookeeper Zuhaib exercises Derriona the Dog.
Derriona the Dog has roamed / exercised.
Zookeeper Zuhaib exercises Brehanna the Brown Bear.
Brehanna the Brown Bear has roamed / exercised.
Zookeeper Zuhaib exercises Brieona the Brown Bear.
Brieona the Brown Bear has roamed / exercised.
Zookeeper Zuhaib exercises Santee the Sun Bear.
Santee the Sun Bear has roamed / exercised.
Zookeeper Zuhaib exercises Seona the Sun Bear.
Seona the Sun Bear has roamed / exercised.
Zookeeper Zuhaib tucks in Hang the Hippo.
Hang the Hippo slumbers.
Zookeeper Zuhaib tucks in Heidi the Hippo.
Heidi the Hippo slumbers.
Zookeeper Zuhaib tucks in Hilal the Hippo.
Hilal the Hippo slumbers.
Zookeeper Zuhaib tucks in Haziel the Hippo.
Haziel the Hippo slumbers.
Zookeeper Zuhaib tucks in Evienne the Elephant.
Evienne the Elephant slumbers.
Zookeeper Zuhaib tucks in Eliud the Elephant.
Eliud the Elephant slumbers.
Zookeeper Zuhaib tucks in Rikkilynn the Rhino.
Rikkilynn the Rhino slumbers.
Zookeeper Zuhaib tucks in Royesha the Rhino.
Royesha the Rhino slumbers.
Zookeeper Zuhaib tucks in Regina the Rhino.
Regina the Rhino slumbers.
Zookeeper Zuhaib tucks in Regana the Rhino.
Regana the Rhino slumbers.
Zookeeper Zuhaib tucks in Callister the Cat.
Callister the Cat has roamed / exercised.
Zookeeper Zuhaib tucks in Chriss the Cat.
Chriss the Cat purrs.
Zookeeper Zuhaib tucks in Chardell the Cat.
Chardell the Cat has roamed / exercised.
Zookeeper Zuhaib tucks in Leotha the Lion.
Leotha the Lion slumbers.
Zookeeper Zuhaib tucks in Laquishia the Lion.
Laquishia the Lion roars.
Zookeeper Zuhaib tucks in Lavergne the Lion.
Lavergne the Lion roars.
Zookeeper Zuhaib tucks in Lindal the Lion.
Lindal the Lion roars.
Zookeeper Zuhaib tucks in Tice the Tiger.
Tice the Tiger slumbers.
Zookeeper Zuhaib tucks in Traegan the Tiger.
Traegan the Tiger has roamed / exercised.
Zookeeper Zuhaib tucks in Wylene the Wolf.
Wylene the Wolf slumbers.
Zookeeper Zuhaib tucks in Wasseem the Wolf.
Wasseem the Wolf slumbers.
Zookeeper Zuhaib tucks in Darionte the Dog.
Darionte the Dog slumbers.
Zookeeper Zuhaib tucks in Derriona the Dog.
Derriona the Dog slumbers.
Zookeeper Zuhaib tucks in Brehanna the Brown Bear.
Brehanna the Brown Bear slumbers.
Zookeeper Zuhaib tucks in Brieona the Brown Bear.
Brieona the Brown Bear slumbers.
Zookeeper Zuhaib tucks in Santee the Sun Bear.
Santee the Sun Bear has roamed / exercised.
Zookeeper Zuhaib tucks in Seona the Sun Bear.
Seona the Sun Bear roars aggressively.
Seona the Sun Bear has roamed / exercised.
Zookeeper Zuhaib leaves at the Zoo.
Zoo Food Server Zamarcus arrives at the Zoo.
Zoo Food Server Zamarcus leaves the Zoo.

Day 3:

Zookeeper Zuhaib arrives at the Zoo.
Zookeeper Zuhaib wakes up Hang the Hippo.
Hang the Hippo has woken up.
Zookeeper Zuhaib wakes up Heidi the Hippo.
Heidi the Hippo has woken up.
Zookeeper Zuhaib wakes up Hilal the Hippo.
Hilal the Hippo has woken up.
Zookeeper Zuhaib wakes up Haziel the Hippo.
Haziel the Hippo has woken up.
Zookeeper Zuhaib wakes up Evienne the Elephant.
Evienne the Elephant has woken up.
Zookeeper Zuhaib wakes up Eliud the Elephant.
Eliud the Elephant has woken up.
Zookeeper Zuhaib wakes up Rikkilynn the Rhino.
Rikkilynn the Rhino has woken up.
Zookeeper Zuhaib wakes up Royesha the Rhino.
Royesha the Rhino has woken up.
Zookeeper Zuhaib wakes up Regina the Rhino.
Regina the Rhino has woken up.
Zookeeper Zuhaib wakes up Regana the Rhino.
Regana the Rhino has woken up.
Zookeeper Zuhaib wakes up Callister the Cat.
Callister the Cat is already awake.
Zookeeper Zuhaib wakes up Chriss the Cat.
Chriss the Cat is already awake.
Zookeeper Zuhaib wakes up Chardell the Cat.
Chardell the Cat is already awake.
Zookeeper Zuhaib wakes up Leotha the Lion.
Leotha the Lion has woken up.
Zookeeper Zuhaib wakes up Laquishia the Lion.
Laquishia the Lion is already awake.
Zookeeper Zuhaib wakes up Lavergne the Lion.
Lavergne the Lion is already awake.
Zookeeper Zuhaib wakes up Lindal the Lion.
Lindal the Lion is already awake.
Zookeeper Zuhaib wakes up Tice the Tiger.
Tice the Tiger has woken up.
Zookeeper Zuhaib wakes up Traegan the Tiger.
Traegan the Tiger is already awake.
Zookeeper Zuhaib wakes up Wylene the Wolf.
Wylene the Wolf has woken up.
Zookeeper Zuhaib wakes up Wasseem the Wolf.
Wasseem the Wolf has woken up.
Zookeeper Zuhaib wakes up Darionte the Dog.
Darionte the Dog has woken up.
Zookeeper Zuhaib wakes up Derriona the Dog.
Derriona the Dog has woken up.
Zookeeper Zuhaib wakes up Brehanna the Brown Bear.
Brehanna the Brown Bear has woken up.
Zookeeper Zuhaib wakes up Brieona the Brown Bear.
Brieona the Brown Bear has woken up.
Zookeeper Zuhaib wakes up Santee the Sun Bear.
Santee the Sun Bear is already awake.
Zookeeper Zuhaib wakes up Seona the Sun Bear.
Seona the Sun Bear is already awake.
Zookeeper Zuhaib roll calls Hang the Hippo.
Hang the Hippo groans.
Zookeeper Zuhaib roll calls Heidi the Hippo.
Heidi the Hippo groans.
Zookeeper Zuhaib roll calls Hilal the Hippo.
Hilal the Hippo groans.
Zookeeper Zuhaib roll calls Haziel the Hippo.
Haziel the Hippo groans.
Zookeeper Zuhaib roll calls Evienne the Elephant.
Evienne the Elephant trumpets.
Zookeeper Zuhaib roll calls Eliud the Elephant.
Eliud the Elephant trumpets.
Zookeeper Zuhaib roll calls Rikkilynn the Rhino.
Rikkilynn the Rhino growels.
Zookeeper Zuhaib roll calls Royesha the Rhino.
Royesha the Rhino growels.
Zookeeper Zuhaib roll calls Regina the Rhino.
Regina the Rhino growels.
Zookeeper Zuhaib roll calls Regana the Rhino.
Regana the Rhino growels.
Zookeeper Zuhaib roll calls Callister the Cat.
Callister the Cat purrs.
Zookeeper Zuhaib roll calls Chriss the Cat.
Chriss the Cat purrs.
Zookeeper Zuhaib roll calls Chardell the Cat.
Chardell the Cat purrs.
Zookeeper Zuhaib roll calls Leotha the Lion.
Leotha the Lion roars.
Zookeeper Zuhaib roll calls Laquishia the Lion.
Laquishia the Lion roars.
Zookeeper Zuhaib roll calls Lavergne the Lion.
Lavergne the Lion roars.
Zookeeper Zuhaib roll calls Lindal the Lion.
Lindal the Lion roars.
Zookeeper Zuhaib roll calls Tice the Tiger.
Tice the Tiger purrs.
Zookeeper Zuhaib roll calls Traegan the Tiger.
Traegan the Tiger purrs.
Zookeeper Zuhaib roll calls Wylene the Wolf.
Wylene the Wolf howls.
Zookeeper Zuhaib roll calls Wasseem the Wolf.
Wasseem the Wolf howls.
Zookeeper Zuhaib roll calls Darionte the Dog.
Darionte the Dog barks.
Zookeeper Zuhaib roll calls Derriona the Dog.
Derriona the Dog barks.
Zookeeper Zuhaib roll calls Brehanna the Brown Bear.
Brehanna the Brown Bear growels.
Zookeeper Zuhaib roll calls Brieona the Brown Bear.
Brieona the Brown Bear growels.
Zookeeper Zuhaib roll calls Santee the Sun Bear.
Santee the Sun Bear roars aggressively.
Zookeeper Zuhaib roll calls Seona the Sun Bear.
Seona the Sun Bear roars aggressively.
Zookeeper Zuhaib feeds Hang the Hippo.
Hang the Hippo has eaten.
Zookeeper Zuhaib feeds Heidi the Hippo.
Heidi the Hippo has eaten.
Zookeeper Zuhaib feeds Hilal the Hippo.
Hilal the Hippo has eaten.
Zookeeper Zuhaib feeds Haziel the Hippo.
Haziel the Hippo has eaten.
Zookeeper Zuhaib feeds Evienne the Elephant.
Evienne the Elephant has eaten.
Zookeeper Zuhaib feeds Eliud the Elephant.
Eliud the Elephant has eaten.
Zookeeper Zuhaib feeds Rikkilynn the Rhino.
Rikkilynn the Rhino has eaten.
Zookeeper Zuhaib feeds Royesha the Rhino.
Royesha the Rhino has eaten.
Zookeeper Zuhaib feeds Regina the Rhino.
Regina the Rhino has eaten.
Zookeeper Zuhaib feeds Regana the Rhino.
Regana the Rhino has eaten.
Zookeeper Zuhaib feeds Callister the Cat.
Callister the Cat has eaten.
Zookeeper Zuhaib feeds Chriss the Cat.
Chriss the Cat has eaten.
Zookeeper Zuhaib feeds Chardell the Cat.
Chardell the Cat has eaten.
Zookeeper Zuhaib feeds Leotha the Lion.
Leotha the Lion has eaten.
Zookeeper Zuhaib feeds Laquishia the Lion.
Laquishia the Lion has eaten.
Zookeeper Zuhaib feeds Lavergne the Lion.
Lavergne the Lion has eaten.
Zookeeper Zuhaib feeds Lindal the Lion.
Lindal the Lion has eaten.
Zookeeper Zuhaib feeds Tice the Tiger.
Tice the Tiger has eaten.
Zookeeper Zuhaib feeds Traegan the Tiger.
Traegan the Tiger has eaten.
Zookeeper Zuhaib feeds Wylene the Wolf.
Wylene the Wolf has eaten.
Zookeeper Zuhaib feeds Wasseem the Wolf.
Wasseem the Wolf has eaten.
Zookeeper Zuhaib feeds Darionte the Dog.
Darionte the Dog barks.
Darionte the Dog has eaten.
Zookeeper Zuhaib feeds Derriona the Dog.
Derriona the Dog has eaten.
Zookeeper Zuhaib feeds Brehanna the Brown Bear.
Brehanna the Brown Bear has eaten.
Zookeeper Zuhaib feeds Brieona the Brown Bear.
Brieona the Brown Bear feasts on a large meal.
Zookeeper Zuhaib feeds Santee the Sun Bear.
Santee the Sun Bear has eaten.
Zookeeper Zuhaib feeds Seona the Sun Bear.
Seona the Sun Bear has eaten.
Zookeeper Zuhaib exercises Hang the Hippo.
Hang the Hippo has roamed / exercised.
Zookeeper Zuhaib exercises Heidi the Hippo.
Heidi the Hippo has roamed / exercised.
Zookeeper Zuhaib exercises Hilal the Hippo.
Hilal the Hippo has roamed / exercised.
Zookeeper Zuhaib exercises Haziel the Hippo.
Haziel the Hippo has charged.
Zookeeper Zuhaib exercises Evienne the Elephant.
Evienne the Elephant has charged.
Zookeeper Zuhaib exercises Eliud the Elephant.
Eliud the Elephant has charged.
Zookeeper Zuhaib exercises Rikkilynn the Rhino.
Rikkilynn the Rhino has roamed / exercised.
Zookeeper Zuhaib exercises Royesha the Rhino.
Royesha the Rhino has roamed / exercised.
Zookeeper Zuhaib exercises Regina the Rhino.
Regina the Rhino has roamed / exercised.
Zookeeper Zuhaib exercises Regana the Rhino.
Regana the Rhino has charged.
Zookeeper Zuhaib exercises Callister the Cat.
Callister the Cat has roamed / exercised.
Zookeeper Zuhaib exercises Chriss the Cat.
Chriss the Cat has roamed / exercised.
Zookeeper Zuhaib exercises Chardell the Cat.
Chardell the Cat has roamed / exercised.
Zookeeper Zuhaib exercises Leotha the Lion.
Leotha the Lion has roamed / exercised.
Zookeeper Zuhaib exercises Laquishia the Lion.
Laquishia the Lion has roamed / exercised.
Zookeeper Zuhaib exercises Lavergne the Lion.
Lavergne the Lion has roamed / exercised.
Zookeeper Zuhaib exercises Lindal the Lion.
Lindal the Lion has roamed / exercised.
Zookeeper Zuhaib exercises Tice the Tiger.
Tice the Tiger has roamed / exercised.
Zookeeper Zuhaib exercises Traegan the Tiger.
Traegan the Tiger has roamed / exercised.
Zookeeper Zuhaib exercises Wylene the Wolf.
Wylene the Wolf has roamed / exercised.
Zookeeper Zuhaib exercises Wasseem the Wolf.
Wasseem the Wolf howls.
Zookeeper Zuhaib exercises Darionte the Dog.
Darionte the Dog has dug a hole.
Zookeeper Zuhaib exercises Derriona the Dog.
Derriona the Dog has roamed / exercised.
Zookeeper Zuhaib exercises Brehanna the Brown Bear.
Brehanna the Brown Bear has roamed / exercised.
Zookeeper Zuhaib exercises Brieona the Brown Bear.
Brieona the Brown Bear has roamed / exercised.
Zookeeper Zuhaib exercises Santee the Sun Bear.
Santee the Sun Bear has roamed / exercised.
Zookeeper Zuhaib exercises Seona the Sun Bear.
Seona the Sun Bear has roamed / exercised.
Zookeeper Zuhaib tucks in Hang the Hippo.
Hang the Hippo slumbers.
Zookeeper Zuhaib tucks in Heidi the Hippo.
Heidi the Hippo slumbers.
Zookeeper Zuhaib tucks in Hilal the Hippo.
Hilal the Hippo slumbers.
Zookeeper Zuhaib tucks in Haziel the Hippo.
Haziel the Hippo slumbers.
Zookeeper Zuhaib tucks in Evienne the Elephant.
Evienne the Elephant slumbers.
Zookeeper Zuhaib tucks in Eliud the Elephant.
Eliud the Elephant slumbers.
Zookeeper Zuhaib tucks in Rikkilynn the Rhino.
Rikkilynn the Rhino slumbers.
Zookeeper Zuhaib tucks in Royesha the Rhino.
Royesha the Rhino slumbers.
Zookeeper Zuhaib tucks in Regina the Rhino.
Regina the Rhino slumbers.
Zookeeper Zuhaib tucks in Regana the Rhino.
Regana the Rhino slumbers.
Zookeeper Zuhaib tucks in Callister the Cat.
Callister the Cat purrs.
Zookeeper Zuhaib tucks in Chriss the Cat.
Chriss the Cat has roamed / exercised.
Zookeeper Zuhaib tucks in Chardell the Cat.
Chardell the Cat slumbers.
Zookeeper Zuhaib tucks in Leotha the Lion.
Leotha the Lion roars.
Zookeeper Zuhaib tucks in Laquishia the Lion.
Laquishia the Lion slumbers.
Zookeeper Zuhaib tucks in Lavergne the Lion.
Lavergne the Lion slumbers.
Zookeeper Zuhaib tucks in Lindal the Lion.
Lindal the Lion has roamed / exercised.
Zookeeper Zuhaib tucks in Tice the Tiger.
Tice the Tiger purrs.
Zookeeper Zuhaib tucks in Traegan the Tiger.
Traegan the Tiger purrs.
Zookeeper Zuhaib tucks in Wylene the Wolf.
Wylene the Wolf slumbers.
Zookeeper Zuhaib tucks in Wasseem the Wolf.
Wasseem the Wolf slumbers.
Zookeeper Zuhaib tucks in Darionte the Dog.
Darionte the Dog slumbers.
Zookeeper Zuhaib tucks in Derriona the Dog.
Derriona the Dog slumbers.
Zookeeper Zuhaib tucks in Brehanna the Brown Bear.
Brehanna the Brown Bear slumbers.
Zookeeper Zuhaib tucks in Brieona the Brown Bear.
Brieona the Brown Bear slumbers.
Zookeeper Zuhaib tucks in Santee the Sun Bear.
Santee the Sun Bear slumbers.
Zookeeper Zuhaib tucks in Seona the Sun Bear.
Seona the Sun Bear has roamed / exercised.
Zookeeper Zuhaib leaves at the Zoo.
Zoo Food Server Zamarcus arrives at the Zoo.
Zoo Food Server Zamarcus leaves the Zoo.

Day 4:

Zookeeper Zuhaib arrives at the Zoo.
Zookeeper Zuhaib wakes up Hang the Hippo.
Hang the Hippo has woken up.
Zookeeper Zuhaib wakes up Heidi the Hippo.
Heidi the Hippo has woken up.
Zookeeper Zuhaib wakes up Hilal the Hippo.
Hilal the Hippo has woken up.
Zookeeper Zuhaib wakes up Haziel the Hippo.
Haziel the Hippo has woken up.
Zookeeper Zuhaib wakes up Evienne the Elephant.
Evienne the Elephant has woken up.
Zookeeper Zuhaib wakes up Eliud the Elephant.
Eliud the Elephant has woken up.
Zookeeper Zuhaib wakes up Rikkilynn the Rhino.
Rikkilynn the Rhino has woken up.
Zookeeper Zuhaib wakes up Royesha the Rhino.
Royesha the Rhino has woken up.
Zookeeper Zuhaib wakes up Regina the Rhino.
Regina the Rhino has woken up.
Zookeeper Zuhaib wakes up Regana the Rhino.
Regana the Rhino has woken up.
Zookeeper Zuhaib wakes up Callister the Cat.
Callister the Cat is already awake.
Zookeeper Zuhaib wakes up Chriss the Cat.
Chriss the Cat is already awake.
Zookeeper Zuhaib wakes up Chardell the Cat.
Chardell the Cat has woken up.
Zookeeper Zuhaib wakes up Leotha the Lion.
Leotha the Lion is already awake.
Zookeeper Zuhaib wakes up Laquishia the Lion.
Laquishia the Lion has woken up.
Zookeeper Zuhaib wakes up Lavergne the Lion.
Lavergne the Lion has woken up.
Zookeeper Zuhaib wakes up Lindal the Lion.
Lindal the Lion is already awake.
Zookeeper Zuhaib wakes up Tice the Tiger.
Tice the Tiger is already awake.
Zookeeper Zuhaib wakes up Traegan the Tiger.
Traegan the Tiger is already awake.
Zookeeper Zuhaib wakes up Wylene the Wolf.
Wylene the Wolf has woken up.
Zookeeper Zuhaib wakes up Wasseem the Wolf.
Wasseem the Wolf has woken up.
Zookeeper Zuhaib wakes up Darionte the Dog.
Darionte the Dog has woken up.
Zookeeper Zuhaib wakes up Derriona the Dog.
Derriona the Dog has woken up.
Zookeeper Zuhaib wakes up Brehanna the Brown Bear.
Brehanna the Brown Bear has woken up.
Zookeeper Zuhaib wakes up Brieona the Brown Bear.
Brieona the Brown Bear has woken up.
Zookeeper Zuhaib wakes up Santee the Sun Bear.
Santee the Sun Bear has woken up.
Zookeeper Zuhaib wakes up Seona the Sun Bear.
Seona the Sun Bear is already awake.
Zookeeper Zuhaib roll calls Hang the Hippo.
Hang the Hippo groans.
Zookeeper Zuhaib roll calls Heidi the Hippo.
Heidi the Hippo groans.
Zookeeper Zuhaib roll calls Hilal the Hippo.
Hilal the Hippo groans.
Zookeeper Zuhaib roll calls Haziel the Hippo.
Haziel the Hippo groans.
Zookeeper Zuhaib roll calls Evienne the Elephant.
Evienne the Elephant trumpets.
Zookeeper Zuhaib roll calls Eliud the Elephant.
Eliud the Elephant trumpets.
Zookeeper Zuhaib roll calls Rikkilynn the Rhino.
Rikkilynn the Rhino growels.
Zookeeper Zuhaib roll calls Royesha the Rhino.
Royesha the Rhino growels.
Zookeeper Zuhaib roll calls Regina the Rhino.
Regina the Rhino growels.
Zookeeper Zuhaib roll calls Regana the Rhino.
Regana the Rhino growels.
Zookeeper Zuhaib roll calls Callister the Cat.
Callister the Cat purrs.
Zookeeper Zuhaib roll calls Chriss the Cat.
Chriss the Cat purrs.
Zookeeper Zuhaib roll calls Chardell the Cat.
Chardell the Cat purrs.
Zookeeper Zuhaib roll calls Leotha the Lion.
Leotha the Lion roars.
Zookeeper Zuhaib roll calls Laquishia the Lion.
Laquishia the Lion roars.
Zookeeper Zuhaib roll calls Lavergne the Lion.
Lavergne the Lion roars.
Zookeeper Zuhaib roll calls Lindal the Lion.
Lindal the Lion roars.
Zookeeper Zuhaib roll calls Tice the Tiger.
Tice the Tiger purrs.
Zookeeper Zuhaib roll calls Traegan the Tiger.
Traegan the Tiger purrs.
Zookeeper Zuhaib roll calls Wylene the Wolf.
Wylene the Wolf howls.
Zookeeper Zuhaib roll calls Wasseem the Wolf.
Wasseem the Wolf howls.
Zookeeper Zuhaib roll calls Darionte the Dog.
Darionte the Dog barks.
Zookeeper Zuhaib roll calls Derriona the Dog.
Derriona the Dog barks.
Zookeeper Zuhaib roll calls Brehanna the Brown Bear.
Brehanna the Brown Bear growels.
Zookeeper Zuhaib roll calls Brieona the Brown Bear.
Brieona the Brown Bear growels.
Zookeeper Zuhaib roll calls Santee the Sun Bear.
Santee the Sun Bear roars aggressively.
Zookeeper Zuhaib roll calls Seona the Sun Bear.
Seona the Sun Bear roars aggressively.
Zookeeper Zuhaib feeds Hang the Hippo.
Hang the Hippo has eaten.
Zookeeper Zuhaib feeds Heidi the Hippo.
Heidi the Hippo has eaten.
Zookeeper Zuhaib feeds Hilal the Hippo.
Hilal the Hippo has eaten.
Zookeeper Zuhaib feeds Haziel the Hippo.
Haziel the Hippo has eaten.
Zookeeper Zuhaib feeds Evienne the Elephant.
Evienne the Elephant has eaten.
Zookeeper Zuhaib feeds Eliud the Elephant.
Eliud the Elephant has eaten.
Zookeeper Zuhaib feeds Rikkilynn the Rhino.
Rikkilynn the Rhino has eaten.
Zookeeper Zuhaib feeds Royesha the Rhino.
Royesha the Rhino has eaten.
Zookeeper Zuhaib feeds Regina the Rhino.
Regina the Rhino has eaten.
Zookeeper Zuhaib feeds Regana the Rhino.
Regana the Rhino has eaten.
Zookeeper Zuhaib feeds Callister the Cat.
Callister the Cat has eaten.
Zookeeper Zuhaib feeds Chriss the Cat.
Chriss the Cat has eaten.
Zookeeper Zuhaib feeds Chardell the Cat.
Chardell the Cat has eaten.
Zookeeper Zuhaib feeds Leotha the Lion.
Leotha the Lion has eaten.
Zookeeper Zuhaib feeds Laquishia the Lion.
Laquishia the Lion has eaten.
Zookeeper Zuhaib feeds Lavergne the Lion.
Lavergne the Lion has eaten.
Zookeeper Zuhaib feeds Lindal the Lion.
Lindal the Lion has eaten.
Zookeeper Zuhaib feeds Tice the Tiger.
Tice the Tiger has eaten.
Zookeeper Zuhaib feeds Traegan the Tiger.
Traegan the Tiger has eaten.
Zookeeper Zuhaib feeds Wylene the Wolf.
Wylene the Wolf has eaten.
Zookeeper Zuhaib feeds Wasseem the Wolf.
Wasseem the Wolf has eaten.
Zookeeper Zuhaib feeds Darionte the Dog.
Darionte the Dog has eaten.
Zookeeper Zuhaib feeds Derriona the Dog.
Derriona the Dog has eaten.
Zookeeper Zuhaib feeds Brehanna the Brown Bear.
Brehanna the Brown Bear has eaten.
Zookeeper Zuhaib feeds Brieona the Brown Bear.
Brieona the Brown Bear feasts on a large meal.
Zookeeper Zuhaib feeds Santee the Sun Bear.
Santee the Sun Bear has eaten.
Zookeeper Zuhaib feeds Seona the Sun Bear.
Seona the Sun Bear has eaten.
Zookeeper Zuhaib exercises Hang the Hippo.
Hang the Hippo has charged.
Zookeeper Zuhaib exercises Heidi the Hippo.
Heidi the Hippo has charged.
Zookeeper Zuhaib exercises Hilal the Hippo.
Hilal the Hippo has charged.
Zookeeper Zuhaib exercises Haziel the Hippo.
Haziel the Hippo has charged.
Zookeeper Zuhaib exercises Evienne the Elephant.
Evienne the Elephant has roamed / exercised.
Zookeeper Zuhaib exercises Eliud the Elephant.
Eliud the Elephant has roamed / exercised.
Zookeeper Zuhaib exercises Rikkilynn the Rhino.
Rikkilynn the Rhino has roamed / exercised.
Zookeeper Zuhaib exercises Royesha the Rhino.
Royesha the Rhino has charged.
Zookeeper Zuhaib exercises Regina the Rhino.
Regina the Rhino has charged.
Zookeeper Zuhaib exercises Regana the Rhino.
Regana the Rhino has roamed / exercised.
Zookeeper Zuhaib exercises Callister the Cat.
Callister the Cat has roamed / exercised.
Zookeeper Zuhaib exercises Chriss the Cat.
Chriss the Cat has roamed / exercised.
Zookeeper Zuhaib exercises Chardell the Cat.
Chardell the Cat has roamed / exercised.
Zookeeper Zuhaib exercises Leotha the Lion.
Leotha the Lion has roamed / exercised.
Zookeeper Zuhaib exercises Laquishia the Lion.
Laquishia the Lion has roamed / exercised.
Zookeeper Zuhaib exercises Lavergne the Lion.
Lavergne the Lion has roamed / exercised.
Zookeeper Zuhaib exercises Lindal the Lion.
Lindal the Lion has roamed / exercised.
Zookeeper Zuhaib exercises Tice the Tiger.
Tice the Tiger has roamed / exercised.
Zookeeper Zuhaib exercises Traegan the Tiger.
Traegan the Tiger has roamed / exercised.
Zookeeper Zuhaib exercises Wylene the Wolf.
Wylene the Wolf has roamed / exercised.
Zookeeper Zuhaib exercises Wasseem the Wolf.
Wasseem the Wolf howls.
Zookeeper Zuhaib exercises Darionte the Dog.
Darionte the Dog has roamed / exercised.
Zookeeper Zuhaib exercises Derriona the Dog.
Derriona the Dog has roamed / exercised.
Zookeeper Zuhaib exercises Brehanna the Brown Bear.
Brehanna the Brown Bear has roamed / exercised.
Zookeeper Zuhaib exercises Brieona the Brown Bear.
Brieona the Brown Bear has roamed / exercised.
Zookeeper Zuhaib exercises Santee the Sun Bear.
Santee the Sun Bear has roamed / exercised.
Zookeeper Zuhaib exercises Seona the Sun Bear.
Seona the Sun Bear has roamed / exercised.
Zookeeper Zuhaib tucks in Hang the Hippo.
Hang the Hippo slumbers.
Zookeeper Zuhaib tucks in Heidi the Hippo.
Heidi the Hippo slumbers.
Zookeeper Zuhaib tucks in Hilal the Hippo.
Hilal the Hippo slumbers.
Zookeeper Zuhaib tucks in Haziel the Hippo.
Haziel the Hippo slumbers.
Zookeeper Zuhaib tucks in Evienne the Elephant.
Evienne the Elephant slumbers.
Zookeeper Zuhaib tucks in Eliud the Elephant.
Eliud the Elephant slumbers.
Zookeeper Zuhaib tucks in Rikkilynn the Rhino.
Rikkilynn the Rhino slumbers.
Zookeeper Zuhaib tucks in Royesha the Rhino.
Royesha the Rhino slumbers.
Zookeeper Zuhaib tucks in Regina the Rhino.
Regina the Rhino slumbers.
Zookeeper Zuhaib tucks in Regana the Rhino.
Regana the Rhino slumbers.
Zookeeper Zuhaib tucks in Callister the Cat.
Callister the Cat purrs.
Zookeeper Zuhaib tucks in Chriss the Cat.
Chriss the Cat has roamed / exercised.
Zookeeper Zuhaib tucks in Chardell the Cat.
Chardell the Cat slumbers.
Zookeeper Zuhaib tucks in Leotha the Lion.
Leotha the Lion has roamed / exercised.
Zookeeper Zuhaib tucks in Laquishia the Lion.
Laquishia the Lion roars.
Zookeeper Zuhaib tucks in Lavergne the Lion.
Lavergne the Lion roars.
Zookeeper Zuhaib tucks in Lindal the Lion.
Lindal the Lion has roamed / exercised.
Zookeeper Zuhaib tucks in Tice the Tiger.
Tice the Tiger has roamed / exercised.
Zookeeper Zuhaib tucks in Traegan the Tiger.
Traegan the Tiger purrs.
Zookeeper Zuhaib tucks in Wylene the Wolf.
Wylene the Wolf slumbers.
Zookeeper Zuhaib tucks in Wasseem the Wolf.
Wasseem the Wolf slumbers.
Zookeeper Zuhaib tucks in Darionte the Dog.
Darionte the Dog slumbers.
Zookeeper Zuhaib tucks in Derriona the Dog.
Derriona the Dog slumbers.
Zookeeper Zuhaib tucks in Brehanna the Brown Bear.
Brehanna the Brown Bear slumbers.
Zookeeper Zuhaib tucks in Brieona the Brown Bear.
Brieona the Brown Bear slumbers.
Zookeeper Zuhaib tucks in Santee the Sun Bear.
Santee the Sun Bear slumbers.
Zookeeper Zuhaib tucks in Seona the Sun Bear.
Seona the Sun Bear slumbers.
Zookeeper Zuhaib leaves at the Zoo.
Zoo Food Server Zamarcus arrives at the Zoo.
Zoo Food Server Zamarcus leaves the Zoo.

Day 5:

Zookeeper Zuhaib arrives at the Zoo.
Zookeeper Zuhaib wakes up Hang the Hippo.
Hang the Hippo has woken up.
Zookeeper Zuhaib wakes up Heidi the Hippo.
Heidi the Hippo has woken up.
Zookeeper Zuhaib wakes up Hilal the Hippo.
Hilal the Hippo has woken up.
Zookeeper Zuhaib wakes up Haziel the Hippo.
Haziel the Hippo has woken up.
Zookeeper Zuhaib wakes up Evienne the Elephant.
Evienne the Elephant has woken up.
Zookeeper Zuhaib wakes up Eliud the Elephant.
Eliud the Elephant has woken up.
Zookeeper Zuhaib wakes up Rikkilynn the Rhino.
Rikkilynn the Rhino has woken up.
Zookeeper Zuhaib wakes up Royesha the Rhino.
Royesha the Rhino has woken up.
Zookeeper Zuhaib wakes up Regina the Rhino.
Regina the Rhino has woken up.
Zookeeper Zuhaib wakes up Regana the Rhino.
Regana the Rhino has woken up.
Zookeeper Zuhaib wakes up Callister the Cat.
Callister the Cat is already awake.
Zookeeper Zuhaib wakes up Chriss the Cat.
Chriss the Cat is already awake.
Zookeeper Zuhaib wakes up Chardell the Cat.
Chardell the Cat has woken up.
Zookeeper Zuhaib wakes up Leotha the Lion.
Leotha the Lion is already awake.
Zookeeper Zuhaib wakes up Laquishia the Lion.
Laquishia the Lion is already awake.
Zookeeper Zuhaib wakes up Lavergne the Lion.
Lavergne the Lion is already awake.
Zookeeper Zuhaib wakes up Lindal the Lion.
Lindal the Lion is already awake.
Zookeeper Zuhaib wakes up Tice the Tiger.
Tice the Tiger is already awake.
Zookeeper Zuhaib wakes up Traegan the Tiger.
Traegan the Tiger is already awake.
Zookeeper Zuhaib wakes up Wylene the Wolf.
Wylene the Wolf has woken up.
Zookeeper Zuhaib wakes up Wasseem the Wolf.
Wasseem the Wolf has woken up.
Zookeeper Zuhaib wakes up Darionte the Dog.
Darionte the Dog has woken up.
Zookeeper Zuhaib wakes up Derriona the Dog.
Derriona the Dog has woken up.
Zookeeper Zuhaib wakes up Brehanna the Brown Bear.
Brehanna the Brown Bear has woken up.
Zookeeper Zuhaib wakes up Brieona the Brown Bear.
Brieona the Brown Bear has woken up.
Zookeeper Zuhaib wakes up Santee the Sun Bear.
Santee the Sun Bear has woken up.
Zookeeper Zuhaib wakes up Seona the Sun Bear.
Seona the Sun Bear has woken up.
Zookeeper Zuhaib roll calls Hang the Hippo.
Hang the Hippo groans.
Zookeeper Zuhaib roll calls Heidi the Hippo.
Heidi the Hippo groans.
Zookeeper Zuhaib roll calls Hilal the Hippo.
Hilal the Hippo groans.
Zookeeper Zuhaib roll calls Haziel the Hippo.
Haziel the Hippo groans.
Zookeeper Zuhaib roll calls Evienne the Elephant.
Evienne the Elephant trumpets.
Zookeeper Zuhaib roll calls Eliud the Elephant.
Eliud the Elephant trumpets.
Zookeeper Zuhaib roll calls Rikkilynn the Rhino.
Rikkilynn the Rhino growels.
Zookeeper Zuhaib roll calls Royesha the Rhino.
Royesha the Rhino growels.
Zookeeper Zuhaib roll calls Regina the Rhino.
Regina the Rhino growels.
Zookeeper Zuhaib roll calls Regana the Rhino.
Regana the Rhino growels.
Zookeeper Zuhaib roll calls Callister the Cat.
Callister the Cat purrs.
Zookeeper Zuhaib roll calls Chriss the Cat.
Chriss the Cat purrs.
Zookeeper Zuhaib roll calls Chardell the Cat.
Chardell the Cat purrs.
Zookeeper Zuhaib roll calls Leotha the Lion.
Leotha the Lion roars.
Zookeeper Zuhaib roll calls Laquishia the Lion.
Laquishia the Lion roars.
Zookeeper Zuhaib roll calls Lavergne the Lion.
Lavergne the Lion roars.
Zookeeper Zuhaib roll calls Lindal the Lion.
Lindal the Lion roars.
Zookeeper Zuhaib roll calls Tice the Tiger.
Tice the Tiger purrs.
Zookeeper Zuhaib roll calls Traegan the Tiger.
Traegan the Tiger purrs.
Zookeeper Zuhaib roll calls Wylene the Wolf.
Wylene the Wolf howls.
Zookeeper Zuhaib roll calls Wasseem the Wolf.
Wasseem the Wolf howls.
Zookeeper Zuhaib roll calls Darionte the Dog.
Darionte the Dog barks.
Zookeeper Zuhaib roll calls Derriona the Dog.
Derriona the Dog barks.
Zookeeper Zuhaib roll calls Brehanna the Brown Bear.
Brehanna the Brown Bear growels.
Zookeeper Zuhaib roll calls Brieona the Brown Bear.
Brieona the Brown Bear growels.
Zookeeper Zuhaib roll calls Santee the Sun Bear.
Santee the Sun Bear roars aggressively.
Zookeeper Zuhaib roll calls Seona the Sun Bear.
Seona the Sun Bear roars aggressively.
Zookeeper Zuhaib feeds Hang the Hippo.
Hang the Hippo has eaten.
Zookeeper Zuhaib feeds Heidi the Hippo.
Heidi the Hippo has eaten.
Zookeeper Zuhaib feeds Hilal the Hippo.
Hilal the Hippo has eaten.
Zookeeper Zuhaib feeds Haziel the Hippo.
Haziel the Hippo has eaten.
Zookeeper Zuhaib feeds Evienne the Elephant.
Evienne the Elephant has eaten.
Zookeeper Zuhaib feeds Eliud the Elephant.
Eliud the Elephant has eaten.
Zookeeper Zuhaib feeds Rikkilynn the Rhino.
Rikkilynn the Rhino has eaten.
Zookeeper Zuhaib feeds Royesha the Rhino.
Royesha the Rhino has eaten.
Zookeeper Zuhaib feeds Regina the Rhino.
Regina the Rhino has eaten.
Zookeeper Zuhaib feeds Regana the Rhino.
Regana the Rhino has eaten.
Zookeeper Zuhaib feeds Callister the Cat.
Callister the Cat has eaten.
Zookeeper Zuhaib feeds Chriss the Cat.
Chriss the Cat has eaten.
Zookeeper Zuhaib feeds Chardell the Cat.
Chardell the Cat has eaten.
Zookeeper Zuhaib feeds Leotha the Lion.
Leotha the Lion has eaten.
Zookeeper Zuhaib feeds Laquishia the Lion.
Laquishia the Lion has eaten.
Zookeeper Zuhaib feeds Lavergne the Lion.
Lavergne the Lion has eaten.
Zookeeper Zuhaib feeds Lindal the Lion.
Lindal the Lion has eaten.
Zookeeper Zuhaib feeds Tice the Tiger.
Tice the Tiger has eaten.
Zookeeper Zuhaib feeds Traegan the Tiger.
Traegan the Tiger has eaten.
Zookeeper Zuhaib feeds Wylene the Wolf.
Wylene the Wolf has eaten.
Zookeeper Zuhaib feeds Wasseem the Wolf.
Wasseem the Wolf has eaten.
Zookeeper Zuhaib feeds Darionte the Dog.
Darionte the Dog has eaten.
Zookeeper Zuhaib feeds Derriona the Dog.
Derriona the Dog has eaten.
Zookeeper Zuhaib feeds Brehanna the Brown Bear.
Brehanna the Brown Bear has eaten.
Zookeeper Zuhaib feeds Brieona the Brown Bear.
Brieona the Brown Bear has eaten.
Zookeeper Zuhaib feeds Santee the Sun Bear.
Santee the Sun Bear has eaten.
Zookeeper Zuhaib feeds Seona the Sun Bear.
Seona the Sun Bear has eaten.
Zookeeper Zuhaib exercises Hang the Hippo.
Hang the Hippo has roamed / exercised.
Zookeeper Zuhaib exercises Heidi the Hippo.
Heidi the Hippo has roamed / exercised.
Zookeeper Zuhaib exercises Hilal the Hippo.
Hilal the Hippo has roamed / exercised.
Zookeeper Zuhaib exercises Haziel the Hippo.
Haziel the Hippo has roamed / exercised.
Zookeeper Zuhaib exercises Evienne the Elephant.
Evienne the Elephant has roamed / exercised.
Zookeeper Zuhaib exercises Eliud the Elephant.
Eliud the Elephant has roamed / exercised.
Zookeeper Zuhaib exercises Rikkilynn the Rhino.
Rikkilynn the Rhino has charged.
Zookeeper Zuhaib exercises Royesha the Rhino.
Royesha the Rhino has charged.
Zookeeper Zuhaib exercises Regina the Rhino.
Regina the Rhino has charged.
Zookeeper Zuhaib exercises Regana the Rhino.
Regana the Rhino has roamed / exercised.
Zookeeper Zuhaib exercises Callister the Cat.
Callister the Cat has roamed / exercised.
Zookeeper Zuhaib exercises Chriss the Cat.
Chriss the Cat has roamed / exercised.
Zookeeper Zuhaib exercises Chardell the Cat.
Chardell the Cat has roamed / exercised.
Zookeeper Zuhaib exercises Leotha the Lion.
Leotha the Lion has roamed / exercised.
Zookeeper Zuhaib exercises Laquishia the Lion.
Laquishia the Lion has roamed / exercised.
Zookeeper Zuhaib exercises Lavergne the Lion.
Lavergne the Lion has roamed / exercised.
Zookeeper Zuhaib exercises Lindal the Lion.
Lindal the Lion has roamed / exercised.
Zookeeper Zuhaib exercises Tice the Tiger.
Tice the Tiger has roamed / exercised.
Zookeeper Zuhaib exercises Traegan the Tiger.
Traegan the Tiger has roamed / exercised.
Zookeeper Zuhaib exercises Wylene the Wolf.
Wylene the Wolf has roamed / exercised.
Zookeeper Zuhaib exercises Wasseem the Wolf.
Wasseem the Wolf has roamed / exercised.
Zookeeper Zuhaib exercises Darionte the Dog.
Darionte the Dog has dug a hole.
Zookeeper Zuhaib exercises Derriona the Dog.
Derriona the Dog has roamed / exercised.
Zookeeper Zuhaib exercises Brehanna the Brown Bear.
Brehanna the Brown Bear has roamed / exercised.
Zookeeper Zuhaib exercises Brieona the Brown Bear.
Brieona the Brown Bear has roamed / exercised.
Zookeeper Zuhaib exercises Santee the Sun Bear.
Santee the Sun Bear has roamed / exercised.
Zookeeper Zuhaib exercises Seona the Sun Bear.
Seona the Sun Bear has roamed / exercised.
Zookeeper Zuhaib tucks in Hang the Hippo.
Hang the Hippo slumbers.
Zookeeper Zuhaib tucks in Heidi the Hippo.
Heidi the Hippo slumbers.
Zookeeper Zuhaib tucks in Hilal the Hippo.
Hilal the Hippo slumbers.
Zookeeper Zuhaib tucks in Haziel the Hippo.
Haziel the Hippo slumbers.
Zookeeper Zuhaib tucks in Evienne the Elephant.
Evienne the Elephant slumbers.
Zookeeper Zuhaib tucks in Eliud the Elephant.
Eliud the Elephant slumbers.
Zookeeper Zuhaib tucks in Rikkilynn the Rhino.
Rikkilynn the Rhino slumbers.
Zookeeper Zuhaib tucks in Royesha the Rhino.
Royesha the Rhino slumbers.
Zookeeper Zuhaib tucks in Regina the Rhino.
Regina the Rhino slumbers.
Zookeeper Zuhaib tucks in Regana the Rhino.
Regana the Rhino slumbers.
Zookeeper Zuhaib tucks in Callister the Cat.
Callister the Cat purrs.
Zookeeper Zuhaib tucks in Chriss the Cat.
Chriss the Cat slumbers.
Zookeeper Zuhaib tucks in Chardell the Cat.
Chardell the Cat has roamed / exercised.
Zookeeper Zuhaib tucks in Leotha the Lion.
Leotha the Lion has roamed / exercised.
Zookeeper Zuhaib tucks in Laquishia the Lion.
Laquishia the Lion roars.
Zookeeper Zuhaib tucks in Lavergne the Lion.
Lavergne the Lion roars.
Zookeeper Zuhaib tucks in Lindal the Lion.
Lindal the Lion has roamed / exercised.
Zookeeper Zuhaib tucks in Tice the Tiger.
Tice the Tiger has roamed / exercised.
Zookeeper Zuhaib tucks in Traegan the Tiger.
Traegan the Tiger has roamed / exercised.
Zookeeper Zuhaib tucks in Wylene the Wolf.
Wylene the Wolf slumbers.
Zookeeper Zuhaib tucks in Wasseem the Wolf.
Wasseem the Wolf slumbers.
Zookeeper Zuhaib tucks in Darionte the Dog.
Darionte the Dog slumbers.
Zookeeper Zuhaib tucks in Derriona the Dog.
Derriona the Dog slumbers.
Zookeeper Zuhaib tucks in Brehanna the Brown Bear.
Brehanna the Brown Bear slumbers.
Zookeeper Zuhaib tucks in Brieona the Brown Bear.
Brieona the Brown Bear slumbers.
Zookeeper Zuhaib tucks in Santee the Sun Bear.
Santee the Sun Bear slumbers.
Zookeeper Zuhaib tucks in Seona the Sun Bear.
Seona the Sun Bear has roamed / exercised.
Zookeeper Zuhaib leaves at the Zoo.
Zoo Food Server Zamarcus arrives at the Zoo.
Zoo Food Server Zamarcus leaves the Zoo.

Day 6:

Zookeeper Zuhaib arrives at the Zoo.
Zookeeper Zuhaib wakes up Hang the Hippo.
Hang the Hippo has woken up.
Zookeeper Zuhaib wakes up Heidi the Hippo.
Heidi the Hippo has woken up.
Zookeeper Zuhaib wakes up Hilal the Hippo.
Hilal the Hippo has woken up.
Zookeeper Zuhaib wakes up Haziel the Hippo.
Haziel the Hippo has woken up.
Zookeeper Zuhaib wakes up Evienne the Elephant.
Evienne the Elephant has woken up.
Zookeeper Zuhaib wakes up Eliud the Elephant.
Eliud the Elephant has woken up.
Zookeeper Zuhaib wakes up Rikkilynn the Rhino.
Rikkilynn the Rhino has woken up.
Zookeeper Zuhaib wakes up Royesha the Rhino.
Royesha the Rhino has woken up.
Zookeeper Zuhaib wakes up Regina the Rhino.
Regina the Rhino has woken up.
Zookeeper Zuhaib wakes up Regana the Rhino.
Regana the Rhino has woken up.
Zookeeper Zuhaib wakes up Callister the Cat.
Callister the Cat is already awake.
Zookeeper Zuhaib wakes up Chriss the Cat.
Chriss the Cat has woken up.
Zookeeper Zuhaib wakes up Chardell the Cat.
Chardell the Cat is already awake.
Zookeeper Zuhaib wakes up Leotha the Lion.
Leotha the Lion is already awake.
Zookeeper Zuhaib wakes up Laquishia the Lion.
Laquishia the Lion is already awake.
Zookeeper Zuhaib wakes up Lavergne the Lion.
Lavergne the Lion is already awake.
Zookeeper Zuhaib wakes up Lindal the Lion.
Lindal the Lion is already awake.
Zookeeper Zuhaib wakes up Tice the Tiger.
Tice the Tiger is already awake.
Zookeeper Zuhaib wakes up Traegan the Tiger.
Traegan the Tiger is already awake.
Zookeeper Zuhaib wakes up Wylene the Wolf.
Wylene the Wolf has woken up.
Zookeeper Zuhaib wakes up Wasseem the Wolf.
Wasseem the Wolf has woken up.
Zookeeper Zuhaib wakes up Darionte the Dog.
Darionte the Dog has woken up.
Zookeeper Zuhaib wakes up Derriona the Dog.
Derriona the Dog has woken up.
Zookeeper Zuhaib wakes up Brehanna the Brown Bear.
Brehanna the Brown Bear has woken up.
Zookeeper Zuhaib wakes up Brieona the Brown Bear.
Brieona the Brown Bear has woken up.
Zookeeper Zuhaib wakes up Santee the Sun Bear.
Santee the Sun Bear has woken up.
Zookeeper Zuhaib wakes up Seona the Sun Bear.
Seona the Sun Bear is already awake.
Zookeeper Zuhaib roll calls Hang the Hippo.
Hang the Hippo groans.
Zookeeper Zuhaib roll calls Heidi the Hippo.
Heidi the Hippo groans.
Zookeeper Zuhaib roll calls Hilal the Hippo.
Hilal the Hippo groans.
Zookeeper Zuhaib roll calls Haziel the Hippo.
Haziel the Hippo groans.
Zookeeper Zuhaib roll calls Evienne the Elephant.
Evienne the Elephant trumpets.
Zookeeper Zuhaib roll calls Eliud the Elephant.
Eliud the Elephant trumpets.
Zookeeper Zuhaib roll calls Rikkilynn the Rhino.
Rikkilynn the Rhino growels.
Zookeeper Zuhaib roll calls Royesha the Rhino.
Royesha the Rhino growels.
Zookeeper Zuhaib roll calls Regina the Rhino.
Regina the Rhino growels.
Zookeeper Zuhaib roll calls Regana the Rhino.
Regana the Rhino growels.
Zookeeper Zuhaib roll calls Callister the Cat.
Callister the Cat purrs.
Zookeeper Zuhaib roll calls Chriss the Cat.
Chriss the Cat purrs.
Zookeeper Zuhaib roll calls Chardell the Cat.
Chardell the Cat purrs.
Zookeeper Zuhaib roll calls Leotha the Lion.
Leotha the Lion roars.
Zookeeper Zuhaib roll calls Laquishia the Lion.
Laquishia the Lion roars.
Zookeeper Zuhaib roll calls Lavergne the Lion.
Lavergne the Lion roars.
Zookeeper Zuhaib roll calls Lindal the Lion.
Lindal the Lion roars.
Zookeeper Zuhaib roll calls Tice the Tiger.
Tice the Tiger purrs.
Zookeeper Zuhaib roll calls Traegan the Tiger.
Traegan the Tiger purrs.
Zookeeper Zuhaib roll calls Wylene the Wolf.
Wylene the Wolf howls.
Zookeeper Zuhaib roll calls Wasseem the Wolf.
Wasseem the Wolf howls.
Zookeeper Zuhaib roll calls Darionte the Dog.
Darionte the Dog barks.
Zookeeper Zuhaib roll calls Derriona the Dog.
Derriona the Dog barks.
Zookeeper Zuhaib roll calls Brehanna the Brown Bear.
Brehanna the Brown Bear growels.
Zookeeper Zuhaib roll calls Brieona the Brown Bear.
Brieona the Brown Bear growels.
Zookeeper Zuhaib roll calls Santee the Sun Bear.
Santee the Sun Bear roars aggressively.
Zookeeper Zuhaib roll calls Seona the Sun Bear.
Seona the Sun Bear roars aggressively.
Zookeeper Zuhaib feeds Hang the Hippo.
Hang the Hippo has eaten.
Zookeeper Zuhaib feeds Heidi the Hippo.
Heidi the Hippo has eaten.
Zookeeper Zuhaib feeds Hilal the Hippo.
Hilal the Hippo has eaten.
Zookeeper Zuhaib feeds Haziel the Hippo.
Haziel the Hippo has eaten.
Zookeeper Zuhaib feeds Evienne the Elephant.
Evienne the Elephant has eaten.
Zookeeper Zuhaib feeds Eliud the Elephant.
Eliud the Elephant has eaten.
Zookeeper Zuhaib feeds Rikkilynn the Rhino.
Rikkilynn the Rhino has eaten.
Zookeeper Zuhaib feeds Royesha the Rhino.
Royesha the Rhino has eaten.
Zookeeper Zuhaib feeds Regina the Rhino.
Regina the Rhino has eaten.
Zookeeper Zuhaib feeds Regana the Rhino.
Regana the Rhino has eaten.
Zookeeper Zuhaib feeds Callister the Cat.
Callister the Cat has eaten.
Zookeeper Zuhaib feeds Chriss the Cat.
Chriss the Cat has eaten.
Zookeeper Zuhaib feeds Chardell the Cat.
Chardell the Cat has eaten.
Zookeeper Zuhaib feeds Leotha the Lion.
Leotha the Lion has eaten.
Zookeeper Zuhaib feeds Laquishia the Lion.
Laquishia the Lion has eaten.
Zookeeper Zuhaib feeds Lavergne the Lion.
Lavergne the Lion has eaten.
Zookeeper Zuhaib feeds Lindal the Lion.
Lindal the Lion has eaten.
Zookeeper Zuhaib feeds Tice the Tiger.
Tice the Tiger has eaten.
Zookeeper Zuhaib feeds Traegan the Tiger.
Traegan the Tiger has eaten.
Zookeeper Zuhaib feeds Wylene the Wolf.
Wylene the Wolf has eaten.
Zookeeper Zuhaib feeds Wasseem the Wolf.
Wasseem the Wolf has eaten.
Zookeeper Zuhaib feeds Darionte the Dog.
Darionte the Dog has eaten.
Zookeeper Zuhaib feeds Derriona the Dog.
Derriona the Dog has eaten.
Zookeeper Zuhaib feeds Brehanna the Brown Bear.
Brehanna the Brown Bear has eaten.
Zookeeper Zuhaib feeds Brieona the Brown Bear.
Brieona the Brown Bear has eaten.
Zookeeper Zuhaib feeds Santee the Sun Bear.
Santee the Sun Bear has eaten.
Zookeeper Zuhaib feeds Seona the Sun Bear.
Seona the Sun Bear has eaten.
Zookeeper Zuhaib exercises Hang the Hippo.
Hang the Hippo has roamed / exercised.
Zookeeper Zuhaib exercises Heidi the Hippo.
Heidi the Hippo has charged.
Zookeeper Zuhaib exercises Hilal the Hippo.
Hilal the Hippo has roamed / exercised.
Zookeeper Zuhaib exercises Haziel the Hippo.
Haziel the Hippo has charged.
Zookeeper Zuhaib exercises Evienne the Elephant.
Evienne the Elephant has roamed / exercised.
Zookeeper Zuhaib exercises Eliud the Elephant.
Eliud the Elephant has roamed / exercised.
Zookeeper Zuhaib exercises Rikkilynn the Rhino.
Rikkilynn the Rhino has charged.
Zookeeper Zuhaib exercises Royesha the Rhino.
Royesha the Rhino has charged.
Zookeeper Zuhaib exercises Regina the Rhino.
Regina the Rhino has roamed / exercised.
Zookeeper Zuhaib exercises Regana the Rhino.
Regana the Rhino has charged.
Zookeeper Zuhaib exercises Callister the Cat.
Callister the Cat has roamed / exercised.
Zookeeper Zuhaib exercises Chriss the Cat.
Chriss the Cat has roamed / exercised.
Zookeeper Zuhaib exercises Chardell the Cat.
Chardell the Cat has roamed / exercised.
Zookeeper Zuhaib exercises Leotha the Lion.
Leotha the Lion has roamed / exercised.
Zookeeper Zuhaib exercises Laquishia the Lion.
Laquishia the Lion has roamed / exercised.
Zookeeper Zuhaib exercises Lavergne the Lion.
Lavergne the Lion has roamed / exercised.
Zookeeper Zuhaib exercises Lindal the Lion.
Lindal the Lion has roamed / exercised.
Zookeeper Zuhaib exercises Tice the Tiger.
Tice the Tiger has roamed / exercised.
Zookeeper Zuhaib exercises Traegan the Tiger.
Traegan the Tiger has roamed / exercised.
Zookeeper Zuhaib exercises Wylene the Wolf.
Wylene the Wolf has roamed / exercised.
Zookeeper Zuhaib exercises Wasseem the Wolf.
Wasseem the Wolf howls.
Zookeeper Zuhaib exercises Darionte the Dog.
Darionte the Dog has dug a hole.
Zookeeper Zuhaib exercises Derriona the Dog.
Derriona the Dog has dug a hole.
Zookeeper Zuhaib exercises Brehanna the Brown Bear.
Brehanna the Brown Bear has roamed / exercised.
Zookeeper Zuhaib exercises Brieona the Brown Bear.
Brieona the Brown Bear has roamed / exercised.
Zookeeper Zuhaib exercises Santee the Sun Bear.
Santee the Sun Bear has roamed / exercised.
Zookeeper Zuhaib exercises Seona the Sun Bear.
Seona the Sun Bear has roamed / exercised.
Zookeeper Zuhaib tucks in Hang the Hippo.
Hang the Hippo slumbers.
Zookeeper Zuhaib tucks in Heidi the Hippo.
Heidi the Hippo slumbers.
Zookeeper Zuhaib tucks in Hilal the Hippo.
Hilal the Hippo slumbers.
Zookeeper Zuhaib tucks in Haziel the Hippo.
Haziel the Hippo slumbers.
Zookeeper Zuhaib tucks in Evienne the Elephant.
Evienne the Elephant slumbers.
Zookeeper Zuhaib tucks in Eliud the Elephant.
Eliud the Elephant slumbers.
Zookeeper Zuhaib tucks in Rikkilynn the Rhino.
Rikkilynn the Rhino slumbers.
Zookeeper Zuhaib tucks in Royesha the Rhino.
Royesha the Rhino slumbers.
Zookeeper Zuhaib tucks in Regina the Rhino.
Regina the Rhino slumbers.
Zookeeper Zuhaib tucks in Regana the Rhino.
Regana the Rhino slumbers.
Zookeeper Zuhaib tucks in Callister the Cat.
Callister the Cat purrs.
Zookeeper Zuhaib tucks in Chriss the Cat.
Chriss the Cat purrs.
Zookeeper Zuhaib tucks in Chardell the Cat.
Chardell the Cat purrs.
Zookeeper Zuhaib tucks in Leotha the Lion.
Leotha the Lion slumbers.
Zookeeper Zuhaib tucks in Laquishia the Lion.
Laquishia the Lion roars.
Zookeeper Zuhaib tucks in Lavergne the Lion.
Lavergne the Lion slumbers.
Zookeeper Zuhaib tucks in Lindal the Lion.
Lindal the Lion has roamed / exercised.
Zookeeper Zuhaib tucks in Tice the Tiger.
Tice the Tiger slumbers.
Zookeeper Zuhaib tucks in Traegan the Tiger.
Traegan the Tiger slumbers.
Zookeeper Zuhaib tucks in Wylene the Wolf.
Wylene the Wolf slumbers.
Zookeeper Zuhaib tucks in Wasseem the Wolf.
Wasseem the Wolf slumbers.
Zookeeper Zuhaib tucks in Darionte the Dog.
Darionte the Dog slumbers.
Zookeeper Zuhaib tucks in Derriona the Dog.
Derriona the Dog slumbers.
Zookeeper Zuhaib tucks in Brehanna the Brown Bear.
Brehanna the Brown Bear slumbers.
Zookeeper Zuhaib tucks in Brieona the Brown Bear.
Brieona the Brown Bear slumbers.
Zookeeper Zuhaib tucks in Santee the Sun Bear.
Santee the Sun Bear has roamed / exercised.
Zookeeper Zuhaib tucks in Seona the Sun Bear.
Seona the Sun Bear has roamed / exercised.
Zookeeper Zuhaib leaves at the Zoo.
Zoo Food Server Zamarcus arrives at the Zoo.
Zoo Food Server Zamarcus leaves the Zoo.

Day 7:

Zookeeper Zuhaib arrives at the Zoo.
Zookeeper Zuhaib wakes up Hang the Hippo.
Hang the Hippo has woken up.
Zookeeper Zuhaib wakes up Heidi the Hippo.
Heidi the Hippo has woken up.
Zookeeper Zuhaib wakes up Hilal the Hippo.
Hilal the Hippo has woken up.
Zookeeper Zuhaib wakes up Haziel the Hippo.
Haziel the Hippo has woken up.
Zookeeper Zuhaib wakes up Evienne the Elephant.
Evienne the Elephant has woken up.
Zookeeper Zuhaib wakes up Eliud the Elephant.
Eliud the Elephant has woken up.
Zookeeper Zuhaib wakes up Rikkilynn the Rhino.
Rikkilynn the Rhino has woken up.
Zookeeper Zuhaib wakes up Royesha the Rhino.
Royesha the Rhino has woken up.
Zookeeper Zuhaib wakes up Regina the Rhino.
Regina the Rhino has woken up.
Zookeeper Zuhaib wakes up Regana the Rhino.
Regana the Rhino has woken up.
Zookeeper Zuhaib wakes up Callister the Cat.
Callister the Cat is already awake.
Zookeeper Zuhaib wakes up Chriss the Cat.
Chriss the Cat is already awake.
Zookeeper Zuhaib wakes up Chardell the Cat.
Chardell the Cat is already awake.
Zookeeper Zuhaib wakes up Leotha the Lion.
Leotha the Lion has woken up.
Zookeeper Zuhaib wakes up Laquishia the Lion.
Laquishia the Lion is already awake.
Zookeeper Zuhaib wakes up Lavergne the Lion.
Lavergne the Lion has woken up.
Zookeeper Zuhaib wakes up Lindal the Lion.
Lindal the Lion is already awake.
Zookeeper Zuhaib wakes up Tice the Tiger.
Tice the Tiger has woken up.
Zookeeper Zuhaib wakes up Traegan the Tiger.
Traegan the Tiger has woken up.
Zookeeper Zuhaib wakes up Wylene the Wolf.
Wylene the Wolf has woken up.
Zookeeper Zuhaib wakes up Wasseem the Wolf.
Wasseem the Wolf has woken up.
Zookeeper Zuhaib wakes up Darionte the Dog.
Darionte the Dog has woken up.
Zookeeper Zuhaib wakes up Derriona the Dog.
Derriona the Dog has woken up.
Zookeeper Zuhaib wakes up Brehanna the Brown Bear.
Brehanna the Brown Bear has woken up.
Zookeeper Zuhaib wakes up Brieona the Brown Bear.
Brieona the Brown Bear has woken up.
Zookeeper Zuhaib wakes up Santee the Sun Bear.
Santee the Sun Bear is already awake.
Zookeeper Zuhaib wakes up Seona the Sun Bear.
Seona the Sun Bear is already awake.
Zookeeper Zuhaib roll calls Hang the Hippo.
Hang the Hippo groans.
Zookeeper Zuhaib roll calls Heidi the Hippo.
Heidi the Hippo groans.
Zookeeper Zuhaib roll calls Hilal the Hippo.
Hilal the Hippo groans.
Zookeeper Zuhaib roll calls Haziel the Hippo.
Haziel the Hippo groans.
Zookeeper Zuhaib roll calls Evienne the Elephant.
Evienne the Elephant trumpets.
Zookeeper Zuhaib roll calls Eliud the Elephant.
Eliud the Elephant trumpets.
Zookeeper Zuhaib roll calls Rikkilynn the Rhino.
Rikkilynn the Rhino growels.
Zookeeper Zuhaib roll calls Royesha the Rhino.
Royesha the Rhino growels.
Zookeeper Zuhaib roll calls Regina the Rhino.
Regina the Rhino growels.
Zookeeper Zuhaib roll calls Regana the Rhino.
Regana the Rhino growels.
Zookeeper Zuhaib roll calls Callister the Cat.
Callister the Cat purrs.
Zookeeper Zuhaib roll calls Chriss the Cat.
Chriss the Cat purrs.
Zookeeper Zuhaib roll calls Chardell the Cat.
Chardell the Cat purrs.
Zookeeper Zuhaib roll calls Leotha the Lion.
Leotha the Lion roars.
Zookeeper Zuhaib roll calls Laquishia the Lion.
Laquishia the Lion roars.
Zookeeper Zuhaib roll calls Lavergne the Lion.
Lavergne the Lion roars.
Zookeeper Zuhaib roll calls Lindal the Lion.
Lindal the Lion roars.
Zookeeper Zuhaib roll calls Tice the Tiger.
Tice the Tiger purrs.
Zookeeper Zuhaib roll calls Traegan the Tiger.
Traegan the Tiger purrs.
Zookeeper Zuhaib roll calls Wylene the Wolf.
Wylene the Wolf howls.
Zookeeper Zuhaib roll calls Wasseem the Wolf.
Wasseem the Wolf howls.
Zookeeper Zuhaib roll calls Darionte the Dog.
Darionte the Dog barks.
Zookeeper Zuhaib roll calls Derriona the Dog.
Derriona the Dog barks.
Zookeeper Zuhaib roll calls Brehanna the Brown Bear.
Brehanna the Brown Bear growels.
Zookeeper Zuhaib roll calls Brieona the Brown Bear.
Brieona the Brown Bear growels.
Zookeeper Zuhaib roll calls Santee the Sun Bear.
Santee the Sun Bear roars aggressively.
Zookeeper Zuhaib roll calls Seona the Sun Bear.
Seona the Sun Bear roars aggressively.
Zookeeper Zuhaib feeds Hang the Hippo.
Hang the Hippo has eaten.
Zookeeper Zuhaib feeds Heidi the Hippo.
Heidi the Hippo has eaten.
Zookeeper Zuhaib feeds Hilal the Hippo.
Hilal the Hippo has eaten.
Zookeeper Zuhaib feeds Haziel the Hippo.
Haziel the Hippo has eaten.
Zookeeper Zuhaib feeds Evienne the Elephant.
Evienne the Elephant has eaten.
Zookeeper Zuhaib feeds Eliud the Elephant.
Eliud the Elephant has eaten.
Zookeeper Zuhaib feeds Rikkilynn the Rhino.
Rikkilynn the Rhino has eaten.
Zookeeper Zuhaib feeds Royesha the Rhino.
Royesha the Rhino has eaten.
Zookeeper Zuhaib feeds Regina the Rhino.
Regina the Rhino has eaten.
Zookeeper Zuhaib feeds Regana the Rhino.
Regana the Rhino has eaten.
Zookeeper Zuhaib feeds Callister the Cat.
Callister the Cat has eaten.
Zookeeper Zuhaib feeds Chriss the Cat.
Chriss the Cat has eaten.
Zookeeper Zuhaib feeds Chardell the Cat.
Chardell the Cat has eaten.
Zookeeper Zuhaib feeds Leotha the Lion.
Leotha the Lion has eaten.
Zookeeper Zuhaib feeds Laquishia the Lion.
Laquishia the Lion has eaten.
Zookeeper Zuhaib feeds Lavergne the Lion.
Lavergne the Lion has eaten.
Zookeeper Zuhaib feeds Lindal the Lion.
Lindal the Lion has eaten.
Zookeeper Zuhaib feeds Tice the Tiger.
Tice the Tiger has eaten.
Zookeeper Zuhaib feeds Traegan the Tiger.
Traegan the Tiger has eaten.
Zookeeper Zuhaib feeds Wylene the Wolf.
Wylene the Wolf has eaten.
Zookeeper Zuhaib feeds Wasseem the Wolf.
Wasseem the Wolf has eaten.
Zookeeper Zuhaib feeds Darionte the Dog.
Darionte the Dog has eaten.
Zookeeper Zuhaib feeds Derriona the Dog.
Derriona the Dog has eaten.
Zookeeper Zuhaib feeds Brehanna the Brown Bear.
Brehanna the Brown Bear has eaten.
Zookeeper Zuhaib feeds Brieona the Brown Bear.
Brieona the Brown Bear has eaten.
Zookeeper Zuhaib feeds Santee the Sun Bear.
Santee the Sun Bear has eaten.
Zookeeper Zuhaib feeds Seona the Sun Bear.
Seona the Sun Bear has eaten.
Zookeeper Zuhaib exercises Hang the Hippo.
Hang the Hippo has roamed / exercised.
Zookeeper Zuhaib exercises Heidi the Hippo.
Heidi the Hippo has charged.
Zookeeper Zuhaib exercises Hilal the Hippo.
Hilal the Hippo has roamed / exercised.
Zookeeper Zuhaib exercises Haziel the Hippo.
Haziel the Hippo has roamed / exercised.
Zookeeper Zuhaib exercises Evienne the Elephant.
Evienne the Elephant has roamed / exercised.
Zookeeper Zuhaib exercises Eliud the Elephant.
Eliud the Elephant has roamed / exercised.
Zookeeper Zuhaib exercises Rikkilynn the Rhino.
Rikkilynn the Rhino has charged.
Zookeeper Zuhaib exercises Royesha the Rhino.
Royesha the Rhino has roamed / exercised.
Zookeeper Zuhaib exercises Regina the Rhino.
Regina the Rhino has roamed / exercised.
Zookeeper Zuhaib exercises Regana the Rhino.
Regana the Rhino has charged.
Zookeeper Zuhaib exercises Callister the Cat.
Callister the Cat has roamed / exercised.
Zookeeper Zuhaib exercises Chriss the Cat.
Chriss the Cat has roamed / exercised.
Zookeeper Zuhaib exercises Chardell the Cat.
Chardell the Cat has roamed / exercised.
Zookeeper Zuhaib exercises Leotha the Lion.
Leotha the Lion has roamed / exercised.
Zookeeper Zuhaib exercises Laquishia the Lion.
Laquishia the Lion has roamed / exercised.
Zookeeper Zuhaib exercises Lavergne the Lion.
Lavergne the Lion has roamed / exercised.
Zookeeper Zuhaib exercises Lindal the Lion.
Lindal the Lion has roamed / exercised.
Zookeeper Zuhaib exercises Tice the Tiger.
Tice the Tiger has roamed / exercised.
Zookeeper Zuhaib exercises Traegan the Tiger.
Traegan the Tiger has roamed / exercised.
Zookeeper Zuhaib exercises Wylene the Wolf.
Wylene the Wolf howls.
Zookeeper Zuhaib exercises Wasseem the Wolf.
Wasseem the Wolf has roamed / exercised.
Zookeeper Zuhaib exercises Darionte the Dog.
Darionte the Dog has roamed / exercised.
Zookeeper Zuhaib exercises Derriona the Dog.
Derriona the Dog has roamed / exercised.
Zookeeper Zuhaib exercises Brehanna the Brown Bear.
Brehanna the Brown Bear has roamed / exercised.
Zookeeper Zuhaib exercises Brieona the Brown Bear.
Brieona the Brown Bear has roamed / exercised.
Zookeeper Zuhaib exercises Santee the Sun Bear.
Santee the Sun Bear has roamed / exercised.
Zookeeper Zuhaib exercises Seona the Sun Bear.
Seona the Sun Bear has roamed / exercised.
Zookeeper Zuhaib tucks in Hang the Hippo.
Hang the Hippo slumbers.
Zookeeper Zuhaib tucks in Heidi the Hippo.
Heidi the Hippo slumbers.
Zookeeper Zuhaib tucks in Hilal the Hippo.
Hilal the Hippo slumbers.
Zookeeper Zuhaib tucks in Haziel the Hippo.
Haziel the Hippo slumbers.
Zookeeper Zuhaib tucks in Evienne the Elephant.
Evienne the Elephant slumbers.
Zookeeper Zuhaib tucks in Eliud the Elephant.
Eliud the Elephant slumbers.
Zookeeper Zuhaib tucks in Rikkilynn the Rhino.
Rikkilynn the Rhino slumbers.
Zookeeper Zuhaib tucks in Royesha the Rhino.
Royesha the Rhino slumbers.
Zookeeper Zuhaib tucks in Regina the Rhino.
Regina the Rhino slumbers.
Zookeeper Zuhaib tucks in Regana the Rhino.
Regana the Rhino slumbers.
Zookeeper Zuhaib tucks in Callister the Cat.
Callister the Cat purrs.
Zookeeper Zuhaib tucks in Chriss the Cat.
Chriss the Cat has roamed / exercised.
Zookeeper Zuhaib tucks in Chardell the Cat.
Chardell the Cat has roamed / exercised.
Zookeeper Zuhaib tucks in Leotha the Lion.
Leotha the Lion slumbers.
Zookeeper Zuhaib tucks in Laquishia the Lion.
Laquishia the Lion has roamed / exercised.
Zookeeper Zuhaib tucks in Lavergne the Lion.
Lavergne the Lion roars.
Zookeeper Zuhaib tucks in Lindal the Lion.
Lindal the Lion roars.
Zookeeper Zuhaib tucks in Tice the Tiger.
Tice the Tiger slumbers.
Zookeeper Zuhaib tucks in Traegan the Tiger.
Traegan the Tiger purrs.
Zookeeper Zuhaib tucks in Wylene the Wolf.
Wylene the Wolf slumbers.
Zookeeper Zuhaib tucks in Wasseem the Wolf.
Wasseem the Wolf slumbers.
Zookeeper Zuhaib tucks in Darionte the Dog.
Darionte the Dog slumbers.
Zookeeper Zuhaib tucks in Derriona the Dog.
Derriona the Dog slumbers.
Zookeeper Zuhaib tucks in Brehanna the Brown Bear.
Brehanna the Brown Bear slumbers.
Zookeeper Zuhaib tucks in Brieona the Brown Bear.
Brieona the Brown Bear slumbers.
Zookeeper Zuhaib tucks in Santee the Sun Bear.
Santee the Sun Bear slumbers.
Zookeeper Zuhaib tucks in Seona the Sun Bear.
Seona the Sun Bear roars aggressively.
Seona the Sun Bear has roamed / exercised.
Zookeeper Zuhaib leaves at the Zoo.
Zoo Food Server Zamarcus arrives at the Zoo.
Zoo Food Server Zamarcus leaves the Zoo.
