Zoo uptime: 7 days.

Day #1

Zookeeper Zeb arrives at the Zoo.
--------------------
Zookeeper Zeb wakes up Hariyah the Hippo.
Hariyah the Hippo has woken up.
Zookeeper Zeb wakes up Harnoor the Hippo.
Harnoor the Hippo has woken up.
Zookeeper Zeb wakes up Hansell the Hippo.
Hansell the Hippo has woken up.
Zookeeper Zeb wakes up Harleth the Hippo.
Harleth the Hippo has woken up.
Zookeeper Zeb wakes up Ethal the Elephant.
Ethal the Elephant has woken up.
Zookeeper Zeb wakes up Edith the Elephant.
Edith the Elephant has woken up.
Zookeeper Zeb wakes up Roxey the Rhino.
Roxey the Rhino has woken up.
Zookeeper Zeb wakes up Russell the Rhino.
Russell the Rhino has woken up.
Zookeeper Zeb wakes up Raashan the Rhino.
Raashan the Rhino has woken up.
Zookeeper Zeb wakes up Reinardo the Rhino.
Reinardo the Rhino has woken up.
Zookeeper Zeb wakes up Cottrell the Cat.
Cottrell the Cat has woken up.
Zookeeper Zeb wakes up Chun the Cat.
Chun the Cat has woken up.
Zookeeper Zeb wakes up Chrisoula the Cat.
Chrisoula the Cat has woken up.
Zookeeper Zeb wakes up Crew the Cat.
Crew the Cat has woken up.
Zookeeper Zeb wakes up Llovani the Lion.
Llovani the Lion has woken up.
Zookeeper Zeb wakes up Lorann the Lion.
Lorann the Lion has woken up.
Zookeeper Zeb wakes up Tredarius the Tiger.
Tredarius the Tiger has woken up.
Zookeeper Zeb wakes up Tannis the Tiger.
Tannis the Tiger has woken up.
Zookeeper Zeb wakes up Tralynn the Tiger.
Tralynn the Tiger has woken up.
Zookeeper Zeb wakes up Wille the Wolf.
Wille the Wolf has woken up.
Zookeeper Zeb wakes up Wynter the Wolf.
Wynter the Wolf has woken up.
Zookeeper Zeb wakes up Wylma the Wolf.
Wylma the Wolf has woken up.
Zookeeper Zeb wakes up Dallys the Dog.
Dallys the Dog has woken up.
Zookeeper Zeb wakes up Delie the Dog.
Delie the Dog has woken up.
Zookeeper Zeb wakes up Donata the Dog.
Donata the Dog has woken up.
Zookeeper Zeb wakes up Byrd the Brown Bear.
Byrd the Brown Bear has woken up.
Zookeeper Zeb wakes up Britanya the Brown Bear.
Britanya the Brown Bear has woken up.
Zookeeper Zeb wakes up Breshawn the Brown Bear.
Breshawn the Brown Bear has woken up.
Zookeeper Zeb wakes up Breckin the Brown Bear.
Breckin the Brown Bear has woken up.
Zookeeper Zeb wakes up Saajid the Sun Bear.
Saajid the Sun Bear has woken up.
Zookeeper Zeb wakes up Shakaylah the Sun Bear.
Shakaylah the Sun Bear has woken up.
Zookeeper Zeb wakes up Soldier the Sun Bear.
Soldier the Sun Bear has woken up.
Zookeeper Zeb roll calls Hariyah the Hippo.
Hariyah the Hippo growns.
Zookeeper Zeb roll calls Harnoor the Hippo.
Harnoor the Hippo growns.
Zookeeper Zeb roll calls Hansell the Hippo.
Hansell the Hippo growns.
Zookeeper Zeb roll calls Harleth the Hippo.
Harleth the Hippo growns.
Zookeeper Zeb roll calls Ethal the Elephant.
Ethal the Elephant trumpets.
Zookeeper Zeb roll calls Edith the Elephant.
Edith the Elephant trumpets.
Zookeeper Zeb roll calls Roxey the Rhino.
Roxey the Rhino growls.
Zookeeper Zeb roll calls Russell the Rhino.
Russell the Rhino growls.
Zookeeper Zeb roll calls Raashan the Rhino.
Raashan the Rhino growls.
Zookeeper Zeb roll calls Reinardo the Rhino.
Reinardo the Rhino growls.
Zookeeper Zeb roll calls Cottrell the Cat.
Cottrell the Cat meows.
Zookeeper Zeb roll calls Chun the Cat.
Chun the Cat meows.
Zookeeper Zeb roll calls Chrisoula the Cat.
Chrisoula the Cat meows.
Zookeeper Zeb roll calls Crew the Cat.
Crew the Cat meows.
Zookeeper Zeb roll calls Llovani the Lion.
Llovani the Lion roars.
Zookeeper Zeb roll calls Lorann the Lion.
Lorann the Lion roars.
Zookeeper Zeb roll calls Tredarius the Tiger.
Tredarius the Tiger purrs.
Zookeeper Zeb roll calls Tannis the Tiger.
Tannis the Tiger purrs.
Zookeeper Zeb roll calls Tralynn the Tiger.
Tralynn the Tiger purrs.
Zookeeper Zeb roll calls Wille the Wolf.
Wille the Wolf bark-howls.
Zookeeper Zeb roll calls Wynter the Wolf.
Wynter the Wolf bark-howls.
Zookeeper Zeb roll calls Wylma the Wolf.
Wylma the Wolf bark-howls.
Zookeeper Zeb roll calls Dallys the Dog.
Dallys the Dog barks.
Zookeeper Zeb roll calls Delie the Dog.
Delie the Dog barks.
Zookeeper Zeb roll calls Donata the Dog.
Donata the Dog barks.
Zookeeper Zeb roll calls Byrd the Brown Bear.
Byrd the Brown Bear growels.
Zookeeper Zeb roll calls Britanya the Brown Bear.
Britanya the Brown Bear growels.
Zookeeper Zeb roll calls Breshawn the Brown Bear.
Breshawn the Brown Bear growels.
Zookeeper Zeb roll calls Breckin the Brown Bear.
Breckin the Brown Bear growels.
Zookeeper Zeb roll calls Saajid the Sun Bear.
Saajid the Sun Bear roars aggressively.
Zookeeper Zeb roll calls Shakaylah the Sun Bear.
Shakaylah the Sun Bear roars aggressively.
Zookeeper Zeb roll calls Soldier the Sun Bear.
Soldier the Sun Bear roars aggressively.
Zookeeper Zeb feeds Hariyah the Hippo.
Hariyah the Hippo has eaten.
Zookeeper Zeb feeds Harnoor the Hippo.
Harnoor the Hippo has eaten.
Zookeeper Zeb feeds Hansell the Hippo.
Hansell the Hippo has eaten.
Zookeeper Zeb feeds Harleth the Hippo.
Harleth the Hippo has eaten.
Zookeeper Zeb feeds Ethal the Elephant.
Ethal the Elephant has eaten.
Zookeeper Zeb feeds Edith the Elephant.
Edith the Elephant has eaten.
Zookeeper Zeb feeds Roxey the Rhino.
Roxey the Rhino has eaten.
Zookeeper Zeb feeds Russell the Rhino.
Russell the Rhino has eaten.
Zookeeper Zeb feeds Raashan the Rhino.
Raashan the Rhino has eaten.
Zookeeper Zeb feeds Reinardo the Rhino.
Reinardo the Rhino has eaten.
Zookeeper Zeb feeds Cottrell the Cat.
Cottrell the Cat has eaten.
Zookeeper Zeb feeds Chun the Cat.
Chun the Cat has eaten.
Zookeeper Zeb feeds Chrisoula the Cat.
Chrisoula the Cat has eaten.
Zookeeper Zeb feeds Crew the Cat.
Crew the Cat has eaten.
Zookeeper Zeb feeds Llovani the Lion.
Llovani the Lion has eaten.
Zookeeper Zeb feeds Lorann the Lion.
Lorann the Lion has eaten.
Zookeeper Zeb feeds Tredarius the Tiger.
Tredarius the Tiger has eaten.
Zookeeper Zeb feeds Tannis the Tiger.
Tannis the Tiger has eaten.
Zookeeper Zeb feeds Tralynn the Tiger.
Tralynn the Tiger has eaten.
Zookeeper Zeb feeds Wille the Wolf.
Wille the Wolf has eaten.
Zookeeper Zeb feeds Wynter the Wolf.
Wynter the Wolf has eaten.
Zookeeper Zeb feeds Wylma the Wolf.
Wylma the Wolf has eaten.
Zookeeper Zeb feeds Dallys the Dog.
Dallys the Dog has eaten.
Zookeeper Zeb feeds Delie the Dog.
Delie the Dog has eaten.
Zookeeper Zeb feeds Donata the Dog.
Donata the Dog has eaten.
Zookeeper Zeb feeds Byrd the Brown Bear.
Byrd the Brown Bear has eaten.
Zookeeper Zeb feeds Britanya the Brown Bear.
Britanya the Brown Bear has eaten.
Zookeeper Zeb feeds Breshawn the Brown Bear.
Breshawn the Brown Bear has eaten.
Zookeeper Zeb feeds Breckin the Brown Bear.
Breckin the Brown Bear has eaten.
Zookeeper Zeb feeds Saajid the Sun Bear.
Saajid the Sun Bear has eaten.
Zookeeper Zeb feeds Shakaylah the Sun Bear.
Shakaylah the Sun Bear feasts on a large meal.
Zookeeper Zeb feeds Soldier the Sun Bear.
Soldier the Sun Bear has eaten.
Zookeeper Zeb exercises Hariyah the Hippo.
Hariyah the Hippo has roamed / exercised.
Zookeeper Zeb exercises Harnoor the Hippo.
Harnoor the Hippo has roamed / exercised.
Zookeeper Zeb exercises Hansell the Hippo.
Hansell the Hippo has charged.
Zookeeper Zeb exercises Harleth the Hippo.
Harleth the Hippo has charged.
Zookeeper Zeb exercises Ethal the Elephant.
Ethal the Elephant has roamed / exercised.
Zookeeper Zeb exercises Edith the Elephant.
Edith the Elephant has roamed / exercised.
Zookeeper Zeb exercises Roxey the Rhino.
Roxey the Rhino has roamed / exercised.
Zookeeper Zeb exercises Russell the Rhino.
Russell the Rhino has roamed / exercised.
Zookeeper Zeb exercises Raashan the Rhino.
Raashan the Rhino has charged.
Zookeeper Zeb exercises Reinardo the Rhino.
Reinardo the Rhino has charged.
Zookeeper Zeb exercises Cottrell the Cat.
Cottrell the Cat has roamed / exercised.
Zookeeper Zeb exercises Chun the Cat.
Chun the Cat has roamed / exercised.
Zookeeper Zeb exercises Chrisoula the Cat.
Chrisoula the Cat has roamed / exercised.
Zookeeper Zeb exercises Crew the Cat.
Crew the Cat has roamed / exercised.
Zookeeper Zeb exercises Llovani the Lion.
Llovani the Lion has roamed / exercised.
Zookeeper Zeb exercises Lorann the Lion.
Lorann the Lion has roamed / exercised.
Zookeeper Zeb exercises Tredarius the Tiger.
Tredarius the Tiger has roamed / exercised.
Zookeeper Zeb exercises Tannis the Tiger.
Tannis the Tiger has roamed / exercised.
Zookeeper Zeb exercises Tralynn the Tiger.
Tralynn the Tiger has roamed / exercised.
Zookeeper Zeb exercises Wille the Wolf.
Wille the Wolf has roamed / exercised.
Zookeeper Zeb exercises Wynter the Wolf.
Wynter the Wolf bark-howls.
Zookeeper Zeb exercises Wylma the Wolf.
Wylma the Wolf bark-howls.
Zookeeper Zeb exercises Dallys the Dog.
Dallys the Dog has dug a hole.
Zookeeper Zeb exercises Delie the Dog.
Delie the Dog has roamed / exercised.
Zookeeper Zeb exercises Donata the Dog.
Donata the Dog has dug a hole.
Zookeeper Zeb exercises Byrd the Brown Bear.
Byrd the Brown Bear has roamed / exercised.
Zookeeper Zeb exercises Britanya the Brown Bear.
Britanya the Brown Bear has roamed / exercised.
Zookeeper Zeb exercises Breshawn the Brown Bear.
Breshawn the Brown Bear has roamed / exercised.
Zookeeper Zeb exercises Breckin the Brown Bear.
Breckin the Brown Bear has roamed / exercised.
Zookeeper Zeb exercises Saajid the Sun Bear.
Saajid the Sun Bear has roamed / exercised.
Zookeeper Zeb exercises Shakaylah the Sun Bear.
Shakaylah the Sun Bear has roamed / exercised.
Zookeeper Zeb exercises Soldier the Sun Bear.
Soldier the Sun Bear has roamed / exercised.
Zookeeper Zeb tucks in Hariyah the Hippo.
Hariyah the Hippo slumbers.
Zookeeper Zeb tucks in Harnoor the Hippo.
Harnoor the Hippo slumbers.
Zookeeper Zeb tucks in Hansell the Hippo.
Hansell the Hippo slumbers.
Zookeeper Zeb tucks in Harleth the Hippo.
Harleth the Hippo slumbers.
Zookeeper Zeb tucks in Ethal the Elephant.
Ethal the Elephant slumbers.
Zookeeper Zeb tucks in Edith the Elephant.
Edith the Elephant slumbers.
Zookeeper Zeb tucks in Roxey the Rhino.
Roxey the Rhino slumbers.
Zookeeper Zeb tucks in Russell the Rhino.
Russell the Rhino slumbers.
Zookeeper Zeb tucks in Raashan the Rhino.
Raashan the Rhino slumbers.
Zookeeper Zeb tucks in Reinardo the Rhino.
Reinardo the Rhino slumbers.
Zookeeper Zeb tucks in Cottrell the Cat.
Cottrell the Cat has roamed / exercised.
Zookeeper Zeb tucks in Chun the Cat.
Chun the Cat meows.
Zookeeper Zeb tucks in Chrisoula the Cat.
Chrisoula the Cat meows.
Zookeeper Zeb tucks in Crew the Cat.
Crew the Cat slumbers.
Zookeeper Zeb tucks in Llovani the Lion.
Llovani the Lion roars.
Zookeeper Zeb tucks in Lorann the Lion.
Lorann the Lion has roamed / exercised.
Zookeeper Zeb tucks in Tredarius the Tiger.
Tredarius the Tiger purrs.
Zookeeper Zeb tucks in Tannis the Tiger.
Tannis the Tiger purrs.
Zookeeper Zeb tucks in Tralynn the Tiger.
Tralynn the Tiger purrs.
Zookeeper Zeb tucks in Wille the Wolf.
Wille the Wolf slumbers.
Zookeeper Zeb tucks in Wynter the Wolf.
Wynter the Wolf slumbers.
Zookeeper Zeb tucks in Wylma the Wolf.
Wylma the Wolf slumbers.
Zookeeper Zeb tucks in Dallys the Dog.
Dallys the Dog slumbers.
Zookeeper Zeb tucks in Delie the Dog.
Delie the Dog slumbers.
Zookeeper Zeb tucks in Donata the Dog.
Donata the Dog slumbers.
Zookeeper Zeb tucks in Byrd the Brown Bear.
Byrd the Brown Bear slumbers.
Zookeeper Zeb tucks in Britanya the Brown Bear.
Britanya the Brown Bear slumbers.
Zookeeper Zeb tucks in Breshawn the Brown Bear.
Breshawn the Brown Bear slumbers.
Zookeeper Zeb tucks in Breckin the Brown Bear.
Breckin the Brown Bear slumbers.
Zookeeper Zeb tucks in Saajid the Sun Bear.
Saajid the Sun Bear has roamed / exercised.
Zookeeper Zeb tucks in Shakaylah the Sun Bear.
Shakaylah the Sun Bear roars aggressively.
Shakaylah the Sun Bear has roamed / exercised.
Zookeeper Zeb tucks in Soldier the Sun Bear.
Soldier the Sun Bear slumbers.
--------------------
Zookeeper Zeb left the Zoo.

Day #2

Zookeeper Zeb arrives at the Zoo.
--------------------
Zookeeper Zeb wakes up Hariyah the Hippo.
Hariyah the Hippo has woken up.
Zookeeper Zeb wakes up Harnoor the Hippo.
Harnoor the Hippo has woken up.
Zookeeper Zeb wakes up Hansell the Hippo.
Hansell the Hippo has woken up.
Zookeeper Zeb wakes up Harleth the Hippo.
Harleth the Hippo has woken up.
Zookeeper Zeb wakes up Ethal the Elephant.
Ethal the Elephant has woken up.
Zookeeper Zeb wakes up Edith the Elephant.
Edith the Elephant has woken up.
Zookeeper Zeb wakes up Roxey the Rhino.
Roxey the Rhino has woken up.
Zookeeper Zeb wakes up Russell the Rhino.
Russell the Rhino has woken up.
Zookeeper Zeb wakes up Raashan the Rhino.
Raashan the Rhino has woken up.
Zookeeper Zeb wakes up Reinardo the Rhino.
Reinardo the Rhino has woken up.
Zookeeper Zeb wakes up Cottrell the Cat.
Cottrell the Cat is already awake.
Zookeeper Zeb wakes up Chun the Cat.
Chun the Cat is already awake.
Zookeeper Zeb wakes up Chrisoula the Cat.
Chrisoula the Cat is already awake.
Zookeeper Zeb wakes up Crew the Cat.
Crew the Cat has woken up.
Zookeeper Zeb wakes up Llovani the Lion.
Llovani the Lion is already awake.
Zookeeper Zeb wakes up Lorann the Lion.
Lorann the Lion is already awake.
Zookeeper Zeb wakes up Tredarius the Tiger.
Tredarius the Tiger is already awake.
Zookeeper Zeb wakes up Tannis the Tiger.
Tannis the Tiger is already awake.
Zookeeper Zeb wakes up Tralynn the Tiger.
Tralynn the Tiger is already awake.
Zookeeper Zeb wakes up Wille the Wolf.
Wille the Wolf has woken up.
Zookeeper Zeb wakes up Wynter the Wolf.
Wynter the Wolf has woken up.
Zookeeper Zeb wakes up Wylma the Wolf.
Wylma the Wolf has woken up.
Zookeeper Zeb wakes up Dallys the Dog.
Dallys the Dog has woken up.
Zookeeper Zeb wakes up Delie the Dog.
Delie the Dog has woken up.
Zookeeper Zeb wakes up Donata the Dog.
Donata the Dog has woken up.
Zookeeper Zeb wakes up Byrd the Brown Bear.
Byrd the Brown Bear has woken up.
Zookeeper Zeb wakes up Britanya the Brown Bear.
Britanya the Brown Bear has woken up.
Zookeeper Zeb wakes up Breshawn the Brown Bear.
Breshawn the Brown Bear has woken up.
Zookeeper Zeb wakes up Breckin the Brown Bear.
Breckin the Brown Bear has woken up.
Zookeeper Zeb wakes up Saajid the Sun Bear.
Saajid the Sun Bear is already awake.
Zookeeper Zeb wakes up Shakaylah the Sun Bear.
Shakaylah the Sun Bear is already awake.
Zookeeper Zeb wakes up Soldier the Sun Bear.
Soldier the Sun Bear has woken up.
Zookeeper Zeb roll calls Hariyah the Hippo.
Hariyah the Hippo growns.
Zookeeper Zeb roll calls Harnoor the Hippo.
Harnoor the Hippo growns.
Zookeeper Zeb roll calls Hansell the Hippo.
Hansell the Hippo growns.
Zookeeper Zeb roll calls Harleth the Hippo.
Harleth the Hippo growns.
Zookeeper Zeb roll calls Ethal the Elephant.
Ethal the Elephant trumpets.
Zookeeper Zeb roll calls Edith the Elephant.
Edith the Elephant trumpets.
Zookeeper Zeb roll calls Roxey the Rhino.
Roxey the Rhino growls.
Zookeeper Zeb roll calls Russell the Rhino.
Russell the Rhino growls.
Zookeeper Zeb roll calls Raashan the Rhino.
Raashan the Rhino growls.
Zookeeper Zeb roll calls Reinardo the Rhino.
Reinardo the Rhino growls.
Zookeeper Zeb roll calls Cottrell the Cat.
Cottrell the Cat meows.
Zookeeper Zeb roll calls Chun the Cat.
Chun the Cat meows.
Zookeeper Zeb roll calls Chrisoula the Cat.
Chrisoula the Cat meows.
Zookeeper Zeb roll calls Crew the Cat.
Crew the Cat meows.
Zookeeper Zeb roll calls Llovani the Lion.
Llovani the Lion roars.
Zookeeper Zeb roll calls Lorann the Lion.
Lorann the Lion roars.
Zookeeper Zeb roll calls Tredarius the Tiger.
Tredarius the Tiger purrs.
Zookeeper Zeb roll calls Tannis the Tiger.
Tannis the Tiger purrs.
Zookeeper Zeb roll calls Tralynn the Tiger.
Tralynn the Tiger purrs.
Zookeeper Zeb roll calls Wille the Wolf.
Wille the Wolf bark-howls.
Zookeeper Zeb roll calls Wynter the Wolf.
Wynter the Wolf bark-howls.
Zookeeper Zeb roll calls Wylma the Wolf.
Wylma the Wolf bark-howls.
Zookeeper Zeb roll calls Dallys the Dog.
Dallys the Dog barks.
Zookeeper Zeb roll calls Delie the Dog.
Delie the Dog barks.
Zookeeper Zeb roll calls Donata the Dog.
Donata the Dog barks.
Zookeeper Zeb roll calls Byrd the Brown Bear.
Byrd the Brown Bear growels.
Zookeeper Zeb roll calls Britanya the Brown Bear.
Britanya the Brown Bear growels.
Zookeeper Zeb roll calls Breshawn the Brown Bear.
Breshawn the Brown Bear growels.
Zookeeper Zeb roll calls Breckin the Brown Bear.
Breckin the Brown Bear growels.
Zookeeper Zeb roll calls Saajid the Sun Bear.
Saajid the Sun Bear roars aggressively.
Zookeeper Zeb roll calls Shakaylah the Sun Bear.
Shakaylah the Sun Bear roars aggressively.
Zookeeper Zeb roll calls Soldier the Sun Bear.
Soldier the Sun Bear roars aggressively.
Zookeeper Zeb feeds Hariyah the Hippo.
Hariyah the Hippo has eaten.
Zookeeper Zeb feeds Harnoor the Hippo.
Harnoor the Hippo has eaten.
Zookeeper Zeb feeds Hansell the Hippo.
Hansell the Hippo has eaten.
Zookeeper Zeb feeds Harleth the Hippo.
Harleth the Hippo has eaten.
Zookeeper Zeb feeds Ethal the Elephant.
Ethal the Elephant has eaten.
Zookeeper Zeb feeds Edith the Elephant.
Edith the Elephant has eaten.
Zookeeper Zeb feeds Roxey the Rhino.
Roxey the Rhino has eaten.
Zookeeper Zeb feeds Russell the Rhino.
Russell the Rhino has eaten.
Zookeeper Zeb feeds Raashan the Rhino.
Raashan the Rhino has eaten.
Zookeeper Zeb feeds Reinardo the Rhino.
Reinardo the Rhino has eaten.
Zookeeper Zeb feeds Cottrell the Cat.
Cottrell the Cat has eaten.
Zookeeper Zeb feeds Chun the Cat.
Chun the Cat has eaten.
Zookeeper Zeb feeds Chrisoula the Cat.
Chrisoula the Cat has eaten.
Zookeeper Zeb feeds Crew the Cat.
Crew the Cat has eaten.
Zookeeper Zeb feeds Llovani the Lion.
Llovani the Lion has eaten.
Zookeeper Zeb feeds Lorann the Lion.
Lorann the Lion has eaten.
Zookeeper Zeb feeds Tredarius the Tiger.
Tredarius the Tiger has eaten.
Zookeeper Zeb feeds Tannis the Tiger.
Tannis the Tiger has eaten.
Zookeeper Zeb feeds Tralynn the Tiger.
Tralynn the Tiger has eaten.
Zookeeper Zeb feeds Wille the Wolf.
Wille the Wolf has eaten.
Zookeeper Zeb feeds Wynter the Wolf.
Wynter the Wolf has eaten.
Zookeeper Zeb feeds Wylma the Wolf.
Wylma the Wolf has eaten.
Zookeeper Zeb feeds Dallys the Dog.
Dallys the Dog has eaten.
Zookeeper Zeb feeds Delie the Dog.
Delie the Dog has eaten.
Zookeeper Zeb feeds Donata the Dog.
Donata the Dog has eaten.
Zookeeper Zeb feeds Byrd the Brown Bear.
Byrd the Brown Bear has eaten.
Zookeeper Zeb feeds Britanya the Brown Bear.
Britanya the Brown Bear has eaten.
Zookeeper Zeb feeds Breshawn the Brown Bear.
Breshawn the Brown Bear has eaten.
Zookeeper Zeb feeds Breckin the Brown Bear.
Breckin the Brown Bear has eaten.
Zookeeper Zeb feeds Saajid the Sun Bear.
Saajid the Sun Bear has eaten.
Zookeeper Zeb feeds Shakaylah the Sun Bear.
Shakaylah the Sun Bear has eaten.
Zookeeper Zeb feeds Soldier the Sun Bear.
Soldier the Sun Bear feasts on a large meal.
Zookeeper Zeb exercises Hariyah the Hippo.
Hariyah the Hippo has roamed / exercised.
Zookeeper Zeb exercises Harnoor the Hippo.
Harnoor the Hippo has roamed / exercised.
Zookeeper Zeb exercises Hansell the Hippo.
Hansell the Hippo has roamed / exercised.
Zookeeper Zeb exercises Harleth the Hippo.
Harleth the Hippo has roamed / exercised.
Zookeeper Zeb exercises Ethal the Elephant.
Ethal the Elephant has roamed / exercised.
Zookeeper Zeb exercises Edith the Elephant.
Edith the Elephant has roamed / exercised.
Zookeeper Zeb exercises Roxey the Rhino.
Roxey the Rhino has roamed / exercised.
Zookeeper Zeb exercises Russell the Rhino.
Russell the Rhino has roamed / exercised.
Zookeeper Zeb exercises Raashan the Rhino.
Raashan the Rhino has roamed / exercised.
Zookeeper Zeb exercises Reinardo the Rhino.
Reinardo the Rhino has roamed / exercised.
Zookeeper Zeb exercises Cottrell the Cat.
Cottrell the Cat has roamed / exercised.
Zookeeper Zeb exercises Chun the Cat.
Chun the Cat has roamed / exercised.
Zookeeper Zeb exercises Chrisoula the Cat.
Chrisoula the Cat has roamed / exercised.
Zookeeper Zeb exercises Crew the Cat.
Crew the Cat has roamed / exercised.
Zookeeper Zeb exercises Llovani the Lion.
Llovani the Lion has roamed / exercised.
Zookeeper Zeb exercises Lorann the Lion.
Lorann the Lion has roamed / exercised.
Zookeeper Zeb exercises Tredarius the Tiger.
Tredarius the Tiger has roamed / exercised.
Zookeeper Zeb exercises Tannis the Tiger.
Tannis the Tiger has roamed / exercised.
Zookeeper Zeb exercises Tralynn the Tiger.
Tralynn the Tiger has roamed / exercised.
Zookeeper Zeb exercises Wille the Wolf.
Wille the Wolf has roamed / exercised.
Zookeeper Zeb exercises Wynter the Wolf.
Wynter the Wolf has roamed / exercised.
Zookeeper Zeb exercises Wylma the Wolf.
Wylma the Wolf has roamed / exercised.
Zookeeper Zeb exercises Dallys the Dog.
Dallys the Dog has dug a hole.
Zookeeper Zeb exercises Delie the Dog.
Delie the Dog has roamed / exercised.
Zookeeper Zeb exercises Donata the Dog.
Donata the Dog has roamed / exercised.
Zookeeper Zeb exercises Byrd the Brown Bear.
Byrd the Brown Bear has roamed / exercised.
Zookeeper Zeb exercises Britanya the Brown Bear.
Britanya the Brown Bear has roamed / exercised.
Zookeeper Zeb exercises Breshawn the Brown Bear.
Breshawn the Brown Bear has roamed / exercised.
Zookeeper Zeb exercises Breckin the Brown Bear.
Breckin the Brown Bear has roamed / exercised.
Zookeeper Zeb exercises Saajid the Sun Bear.
Saajid the Sun Bear has roamed / exercised.
Zookeeper Zeb exercises Shakaylah the Sun Bear.
Shakaylah the Sun Bear has roamed / exercised.
Zookeeper Zeb exercises Soldier the Sun Bear.
Soldier the Sun Bear has roamed / exercised.
Zookeeper Zeb tucks in Hariyah the Hippo.
Hariyah the Hippo slumbers.
Zookeeper Zeb tucks in Harnoor the Hippo.
Harnoor the Hippo slumbers.
Zookeeper Zeb tucks in Hansell the Hippo.
Hansell the Hippo slumbers.
Zookeeper Zeb tucks in Harleth the Hippo.
Harleth the Hippo slumbers.
Zookeeper Zeb tucks in Ethal the Elephant.
Ethal the Elephant slumbers.
Zookeeper Zeb tucks in Edith the Elephant.
Edith the Elephant slumbers.
Zookeeper Zeb tucks in Roxey the Rhino.
Roxey the Rhino slumbers.
Zookeeper Zeb tucks in Russell the Rhino.
Russell the Rhino slumbers.
Zookeeper Zeb tucks in Raashan the Rhino.
Raashan the Rhino slumbers.
Zookeeper Zeb tucks in Reinardo the Rhino.
Reinardo the Rhino slumbers.
Zookeeper Zeb tucks in Cottrell the Cat.
Cottrell the Cat meows.
Zookeeper Zeb tucks in Chun the Cat.
Chun the Cat meows.
Zookeeper Zeb tucks in Chrisoula the Cat.
Chrisoula the Cat slumbers.
Zookeeper Zeb tucks in Crew the Cat.
Crew the Cat has roamed / exercised.
Zookeeper Zeb tucks in Llovani the Lion.
Llovani the Lion slumbers.
Zookeeper Zeb tucks in Lorann the Lion.
Lorann the Lion slumbers.
Zookeeper Zeb tucks in Tredarius the Tiger.
Tredarius the Tiger slumbers.
Zookeeper Zeb tucks in Tannis the Tiger.
Tannis the Tiger purrs.
Zookeeper Zeb tucks in Tralynn the Tiger.
Tralynn the Tiger purrs.
Zookeeper Zeb tucks in Wille the Wolf.
Wille the Wolf slumbers.
Zookeeper Zeb tucks in Wynter the Wolf.
Wynter the Wolf slumbers.
Zookeeper Zeb tucks in Wylma the Wolf.
Wylma the Wolf slumbers.
Zookeeper Zeb tucks in Dallys the Dog.
Dallys the Dog slumbers.
Zookeeper Zeb tucks in Delie the Dog.
Delie the Dog slumbers.
Zookeeper Zeb tucks in Donata the Dog.
Donata the Dog slumbers.
Zookeeper Zeb tucks in Byrd the Brown Bear.
Byrd the Brown Bear slumbers.
Zookeeper Zeb tucks in Britanya the Brown Bear.
Britanya the Brown Bear slumbers.
Zookeeper Zeb tucks in Breshawn the Brown Bear.
Breshawn the Brown Bear slumbers.
Zookeeper Zeb tucks in Breckin the Brown Bear.
Breckin the Brown Bear slumbers.
Zookeeper Zeb tucks in Saajid the Sun Bear.
Saajid the Sun Bear has roamed / exercised.
Zookeeper Zeb tucks in Shakaylah the Sun Bear.
Shakaylah the Sun Bear slumbers.
Zookeeper Zeb tucks in Soldier the Sun Bear.
Soldier the Sun Bear has roamed / exercised.
--------------------
Zookeeper Zeb left the Zoo.

Day #3

Zookeeper Zeb arrives at the Zoo.
--------------------
Zookeeper Zeb wakes up Hariyah the Hippo.
Hariyah the Hippo has woken up.
Zookeeper Zeb wakes up Harnoor the Hippo.
Harnoor the Hippo has woken up.
Zookeeper Zeb wakes up Hansell the Hippo.
Hansell the Hippo has woken up.
Zookeeper Zeb wakes up Harleth the Hippo.
Harleth the Hippo has woken up.
Zookeeper Zeb wakes up Ethal the Elephant.
Ethal the Elephant has woken up.
Zookeeper Zeb wakes up Edith the Elephant.
Edith the Elephant has woken up.
Zookeeper Zeb wakes up Roxey the Rhino.
Roxey the Rhino has woken up.
Zookeeper Zeb wakes up Russell the Rhino.
Russell the Rhino has woken up.
Zookeeper Zeb wakes up Raashan the Rhino.
Raashan the Rhino has woken up.
Zookeeper Zeb wakes up Reinardo the Rhino.
Reinardo the Rhino has woken up.
Zookeeper Zeb wakes up Cottrell the Cat.
Cottrell the Cat is already awake.
Zookeeper Zeb wakes up Chun the Cat.
Chun the Cat is already awake.
Zookeeper Zeb wakes up Chrisoula the Cat.
Chrisoula the Cat has woken up.
Zookeeper Zeb wakes up Crew the Cat.
Crew the Cat is already awake.
Zookeeper Zeb wakes up Llovani the Lion.
Llovani the Lion has woken up.
Zookeeper Zeb wakes up Lorann the Lion.
Lorann the Lion has woken up.
Zookeeper Zeb wakes up Tredarius the Tiger.
Tredarius the Tiger has woken up.
Zookeeper Zeb wakes up Tannis the Tiger.
Tannis the Tiger is already awake.
Zookeeper Zeb wakes up Tralynn the Tiger.
Tralynn the Tiger is already awake.
Zookeeper Zeb wakes up Wille the Wolf.
Wille the Wolf has woken up.
Zookeeper Zeb wakes up Wynter the Wolf.
Wynter the Wolf has woken up.
Zookeeper Zeb wakes up Wylma the Wolf.
Wylma the Wolf has woken up.
Zookeeper Zeb wakes up Dallys the Dog.
Dallys the Dog has woken up.
Zookeeper Zeb wakes up Delie the Dog.
Delie the Dog has woken up.
Zookeeper Zeb wakes up Donata the Dog.
Donata the Dog has woken up.
Zookeeper Zeb wakes up Byrd the Brown Bear.
Byrd the Brown Bear has woken up.
Zookeeper Zeb wakes up Britanya the Brown Bear.
Britanya the Brown Bear has woken up.
Zookeeper Zeb wakes up Breshawn the Brown Bear.
Breshawn the Brown Bear has woken up.
Zookeeper Zeb wakes up Breckin the Brown Bear.
Breckin the Brown Bear has woken up.
Zookeeper Zeb wakes up Saajid the Sun Bear.
Saajid the Sun Bear is already awake.
Zookeeper Zeb wakes up Shakaylah the Sun Bear.
Shakaylah the Sun Bear has woken up.
Zookeeper Zeb wakes up Soldier the Sun Bear.
Soldier the Sun Bear is already awake.
Zookeeper Zeb roll calls Hariyah the Hippo.
Hariyah the Hippo growns.
Zookeeper Zeb roll calls Harnoor the Hippo.
Harnoor the Hippo growns.
Zookeeper Zeb roll calls Hansell the Hippo.
Hansell the Hippo growns.
Zookeeper Zeb roll calls Harleth the Hippo.
Harleth the Hippo growns.
Zookeeper Zeb roll calls Ethal the Elephant.
Ethal the Elephant trumpets.
Zookeeper Zeb roll calls Edith the Elephant.
Edith the Elephant trumpets.
Zookeeper Zeb roll calls Roxey the Rhino.
Roxey the Rhino growls.
Zookeeper Zeb roll calls Russell the Rhino.
Russell the Rhino growls.
Zookeeper Zeb roll calls Raashan the Rhino.
Raashan the Rhino growls.
Zookeeper Zeb roll calls Reinardo the Rhino.
Reinardo the Rhino growls.
Zookeeper Zeb roll calls Cottrell the Cat.
Cottrell the Cat meows.
Zookeeper Zeb roll calls Chun the Cat.
Chun the Cat meows.
Zookeeper Zeb roll calls Chrisoula the Cat.
Chrisoula the Cat meows.
Zookeeper Zeb roll calls Crew the Cat.
Crew the Cat meows.
Zookeeper Zeb roll calls Llovani the Lion.
Llovani the Lion roars.
Zookeeper Zeb roll calls Lorann the Lion.
Lorann the Lion roars.
Zookeeper Zeb roll calls Tredarius the Tiger.
Tredarius the Tiger purrs.
Zookeeper Zeb roll calls Tannis the Tiger.
Tannis the Tiger purrs.
Zookeeper Zeb roll calls Tralynn the Tiger.
Tralynn the Tiger purrs.
Zookeeper Zeb roll calls Wille the Wolf.
Wille the Wolf bark-howls.
Zookeeper Zeb roll calls Wynter the Wolf.
Wynter the Wolf bark-howls.
Zookeeper Zeb roll calls Wylma the Wolf.
Wylma the Wolf bark-howls.
Zookeeper Zeb roll calls Dallys the Dog.
Dallys the Dog barks.
Zookeeper Zeb roll calls Delie the Dog.
Delie the Dog barks.
Zookeeper Zeb roll calls Donata the Dog.
Donata the Dog barks.
Zookeeper Zeb roll calls Byrd the Brown Bear.
Byrd the Brown Bear growels.
Zookeeper Zeb roll calls Britanya the Brown Bear.
Britanya the Brown Bear growels.
Zookeeper Zeb roll calls Breshawn the Brown Bear.
Breshawn the Brown Bear growels.
Zookeeper Zeb roll calls Breckin the Brown Bear.
Breckin the Brown Bear growels.
Zookeeper Zeb roll calls Saajid the Sun Bear.
Saajid the Sun Bear roars aggressively.
Zookeeper Zeb roll calls Shakaylah the Sun Bear.
Shakaylah the Sun Bear roars aggressively.
Zookeeper Zeb roll calls Soldier the Sun Bear.
Soldier the Sun Bear roars aggressively.
Zookeeper Zeb feeds Hariyah the Hippo.
Hariyah the Hippo has eaten.
Zookeeper Zeb feeds Harnoor the Hippo.
Harnoor the Hippo has eaten.
Zookeeper Zeb feeds Hansell the Hippo.
Hansell the Hippo has eaten.
Zookeeper Zeb feeds Harleth the Hippo.
Harleth the Hippo has eaten.
Zookeeper Zeb feeds Ethal the Elephant.
Ethal the Elephant has eaten.
Zookeeper Zeb feeds Edith the Elephant.
Edith the Elephant has eaten.
Zookeeper Zeb feeds Roxey the Rhino.
Roxey the Rhino has eaten.
Zookeeper Zeb feeds Russell the Rhino.
Russell the Rhino has eaten.
Zookeeper Zeb feeds Raashan the Rhino.
Raashan the Rhino has eaten.
Zookeeper Zeb feeds Reinardo the Rhino.
Reinardo the Rhino has eaten.
Zookeeper Zeb feeds Cottrell the Cat.
Cottrell the Cat has eaten.
Zookeeper Zeb feeds Chun the Cat.
Chun the Cat has eaten.
Zookeeper Zeb feeds Chrisoula the Cat.
Chrisoula the Cat has eaten.
Zookeeper Zeb feeds Crew the Cat.
Crew the Cat has eaten.
Zookeeper Zeb feeds Llovani the Lion.
Llovani the Lion has eaten.
Zookeeper Zeb feeds Lorann the Lion.
Lorann the Lion has eaten.
Zookeeper Zeb feeds Tredarius the Tiger.
Tredarius the Tiger has eaten.
Zookeeper Zeb feeds Tannis the Tiger.
Tannis the Tiger has eaten.
Zookeeper Zeb feeds Tralynn the Tiger.
Tralynn the Tiger has eaten.
Zookeeper Zeb feeds Wille the Wolf.
Wille the Wolf has eaten.
Zookeeper Zeb feeds Wynter the Wolf.
Wynter the Wolf has eaten.
Zookeeper Zeb feeds Wylma the Wolf.
Wylma the Wolf has eaten.
Zookeeper Zeb feeds Dallys the Dog.
Dallys the Dog has eaten.
Zookeeper Zeb feeds Delie the Dog.
Delie the Dog has eaten.
Zookeeper Zeb feeds Donata the Dog.
Donata the Dog has eaten.
Zookeeper Zeb feeds Byrd the Brown Bear.
Byrd the Brown Bear has eaten.
Zookeeper Zeb feeds Britanya the Brown Bear.
Britanya the Brown Bear has eaten.
Zookeeper Zeb feeds Breshawn the Brown Bear.
Breshawn the Brown Bear has eaten.
Zookeeper Zeb feeds Breckin the Brown Bear.
Breckin the Brown Bear has eaten.
Zookeeper Zeb feeds Saajid the Sun Bear.
Saajid the Sun Bear has eaten.
Zookeeper Zeb feeds Shakaylah the Sun Bear.
Shakaylah the Sun Bear feasts on a large meal.
Zookeeper Zeb feeds Soldier the Sun Bear.
Soldier the Sun Bear has eaten.
Zookeeper Zeb exercises Hariyah the Hippo.
Hariyah the Hippo has roamed / exercised.
Zookeeper Zeb exercises Harnoor the Hippo.
Harnoor the Hippo has charged.
Zookeeper Zeb exercises Hansell the Hippo.
Hansell the Hippo has roamed / exercised.
Zookeeper Zeb exercises Harleth the Hippo.
Harleth the Hippo has roamed / exercised.
Zookeeper Zeb exercises Ethal the Elephant.
Ethal the Elephant has charged.
Zookeeper Zeb exercises Edith the Elephant.
Edith the Elephant has roamed / exercised.
Zookeeper Zeb exercises Roxey the Rhino.
Roxey the Rhino has charged.
Zookeeper Zeb exercises Russell the Rhino.
Russell the Rhino has roamed / exercised.
Zookeeper Zeb exercises Raashan the Rhino.
Raashan the Rhino has roamed / exercised.
Zookeeper Zeb exercises Reinardo the Rhino.
Reinardo the Rhino has roamed / exercised.
Zookeeper Zeb exercises Cottrell the Cat.
Cottrell the Cat has roamed / exercised.
Zookeeper Zeb exercises Chun the Cat.
Chun the Cat has roamed / exercised.
Zookeeper Zeb exercises Chrisoula the Cat.
Chrisoula the Cat has roamed / exercised.
Zookeeper Zeb exercises Crew the Cat.
Crew the Cat has roamed / exercised.
Zookeeper Zeb exercises Llovani the Lion.
Llovani the Lion has roamed / exercised.
Zookeeper Zeb exercises Lorann the Lion.
Lorann the Lion has roamed / exercised.
Zookeeper Zeb exercises Tredarius the Tiger.
Tredarius the Tiger has roamed / exercised.
Zookeeper Zeb exercises Tannis the Tiger.
Tannis the Tiger has roamed / exercised.
Zookeeper Zeb exercises Tralynn the Tiger.
Tralynn the Tiger has roamed / exercised.
Zookeeper Zeb exercises Wille the Wolf.
Wille the Wolf bark-howls.
Zookeeper Zeb exercises Wynter the Wolf.
Wynter the Wolf has roamed / exercised.
Zookeeper Zeb exercises Wylma the Wolf.
Wylma the Wolf has roamed / exercised.
Zookeeper Zeb exercises Dallys the Dog.
Dallys the Dog has dug a hole.
Zookeeper Zeb exercises Delie the Dog.
Delie the Dog has roamed / exercised.
Zookeeper Zeb exercises Donata the Dog.
Donata the Dog has roamed / exercised.
Zookeeper Zeb exercises Byrd the Brown Bear.
Byrd the Brown Bear has roamed / exercised.
Zookeeper Zeb exercises Britanya the Brown Bear.
Britanya the Brown Bear has roamed / exercised.
Zookeeper Zeb exercises Breshawn the Brown Bear.
Breshawn the Brown Bear has roamed / exercised.
Zookeeper Zeb exercises Breckin the Brown Bear.
Breckin the Brown Bear has roamed / exercised.
Zookeeper Zeb exercises Saajid the Sun Bear.
Saajid the Sun Bear has roamed / exercised.
Zookeeper Zeb exercises Shakaylah the Sun Bear.
Shakaylah the Sun Bear has roamed / exercised.
Zookeeper Zeb exercises Soldier the Sun Bear.
Soldier the Sun Bear has roamed / exercised.
Zookeeper Zeb tucks in Hariyah the Hippo.
Hariyah the Hippo slumbers.
Zookeeper Zeb tucks in Harnoor the Hippo.
Harnoor the Hippo slumbers.
Zookeeper Zeb tucks in Hansell the Hippo.
Hansell the Hippo slumbers.
Zookeeper Zeb tucks in Harleth the Hippo.
Harleth the Hippo slumbers.
Zookeeper Zeb tucks in Ethal the Elephant.
Ethal the Elephant slumbers.
Zookeeper Zeb tucks in Edith the Elephant.
Edith the Elephant slumbers.
Zookeeper Zeb tucks in Roxey the Rhino.
Roxey the Rhino slumbers.
Zookeeper Zeb tucks in Russell the Rhino.
Russell the Rhino slumbers.
Zookeeper Zeb tucks in Raashan the Rhino.
Raashan the Rhino slumbers.
Zookeeper Zeb tucks in Reinardo the Rhino.
Reinardo the Rhino slumbers.
Zookeeper Zeb tucks in Cottrell the Cat.
Cottrell the Cat meows.
Zookeeper Zeb tucks in Chun the Cat.
Chun the Cat slumbers.
Zookeeper Zeb tucks in Chrisoula the Cat.
Chrisoula the Cat meows.
Zookeeper Zeb tucks in Crew the Cat.
Crew the Cat slumbers.
Zookeeper Zeb tucks in Llovani the Lion.
Llovani the Lion roars.
Zookeeper Zeb tucks in Lorann the Lion.
Lorann the Lion slumbers.
Zookeeper Zeb tucks in Tredarius the Tiger.
Tredarius the Tiger has roamed / exercised.
Zookeeper Zeb tucks in Tannis the Tiger.
Tannis the Tiger slumbers.
Zookeeper Zeb tucks in Tralynn the Tiger.
Tralynn the Tiger slumbers.
Zookeeper Zeb tucks in Wille the Wolf.
Wille the Wolf slumbers.
Zookeeper Zeb tucks in Wynter the Wolf.
Wynter the Wolf slumbers.
Zookeeper Zeb tucks in Wylma the Wolf.
Wylma the Wolf slumbers.
Zookeeper Zeb tucks in Dallys the Dog.
Dallys the Dog slumbers.
Zookeeper Zeb tucks in Delie the Dog.
Delie the Dog slumbers.
Zookeeper Zeb tucks in Donata the Dog.
Donata the Dog slumbers.
Zookeeper Zeb tucks in Byrd the Brown Bear.
Byrd the Brown Bear slumbers.
Zookeeper Zeb tucks in Britanya the Brown Bear.
Britanya the Brown Bear slumbers.
Zookeeper Zeb tucks in Breshawn the Brown Bear.
Breshawn the Brown Bear slumbers.
Zookeeper Zeb tucks in Breckin the Brown Bear.
Breckin the Brown Bear slumbers.
Zookeeper Zeb tucks in Saajid the Sun Bear.
Saajid the Sun Bear slumbers.
Zookeeper Zeb tucks in Shakaylah the Sun Bear.
Shakaylah the Sun Bear has roamed / exercised.
Zookeeper Zeb tucks in Soldier the Sun Bear.
Soldier the Sun Bear roars aggressively.
Soldier the Sun Bear has roamed / exercised.
--------------------
Zookeeper Zeb left the Zoo.

Day #4

Zookeeper Zeb arrives at the Zoo.
--------------------
Zookeeper Zeb wakes up Hariyah the Hippo.
Hariyah the Hippo has woken up.
Zookeeper Zeb wakes up Harnoor the Hippo.
Harnoor the Hippo has woken up.
Zookeeper Zeb wakes up Hansell the Hippo.
Hansell the Hippo has woken up.
Zookeeper Zeb wakes up Harleth the Hippo.
Harleth the Hippo has woken up.
Zookeeper Zeb wakes up Ethal the Elephant.
Ethal the Elephant has woken up.
Zookeeper Zeb wakes up Edith the Elephant.
Edith the Elephant has woken up.
Zookeeper Zeb wakes up Roxey the Rhino.
Roxey the Rhino has woken up.
Zookeeper Zeb wakes up Russell the Rhino.
Russell the Rhino has woken up.
Zookeeper Zeb wakes up Raashan the Rhino.
Raashan the Rhino has woken up.
Zookeeper Zeb wakes up Reinardo the Rhino.
Reinardo the Rhino has woken up.
Zookeeper Zeb wakes up Cottrell the Cat.
Cottrell the Cat is already awake.
Zookeeper Zeb wakes up Chun the Cat.
Chun the Cat has woken up.
Zookeeper Zeb wakes up Chrisoula the Cat.
Chrisoula the Cat is already awake.
Zookeeper Zeb wakes up Crew the Cat.
Crew the Cat has woken up.
Zookeeper Zeb wakes up Llovani the Lion.
Llovani the Lion is already awake.
Zookeeper Zeb wakes up Lorann the Lion.
Lorann the Lion has woken up.
Zookeeper Zeb wakes up Tredarius the Tiger.
Tredarius the Tiger is already awake.
Zookeeper Zeb wakes up Tannis the Tiger.
Tannis the Tiger has woken up.
Zookeeper Zeb wakes up Tralynn the Tiger.
Tralynn the Tiger has woken up.
Zookeeper Zeb wakes up Wille the Wolf.
Wille the Wolf has woken up.
Zookeeper Zeb wakes up Wynter the Wolf.
Wynter the Wolf has woken up.
Zookeeper Zeb wakes up Wylma the Wolf.
Wylma the Wolf has woken up.
Zookeeper Zeb wakes up Dallys the Dog.
Dallys the Dog has woken up.
Zookeeper Zeb wakes up Delie the Dog.
Delie the Dog has woken up.
Zookeeper Zeb wakes up Donata the Dog.
Donata the Dog has woken up.
Zookeeper Zeb wakes up Byrd the Brown Bear.
Byrd the Brown Bear has woken up.
Zookeeper Zeb wakes up Britanya the Brown Bear.
Britanya the Brown Bear has woken up.
Zookeeper Zeb wakes up Breshawn the Brown Bear.
Breshawn the Brown Bear has woken up.
Zookeeper Zeb wakes up Breckin the Brown Bear.
Breckin the Brown Bear has woken up.
Zookeeper Zeb wakes up Saajid the Sun Bear.
Saajid the Sun Bear has woken up.
Zookeeper Zeb wakes up Shakaylah the Sun Bear.
Shakaylah the Sun Bear is already awake.
Zookeeper Zeb wakes up Soldier the Sun Bear.
Soldier the Sun Bear is already awake.
Zookeeper Zeb roll calls Hariyah the Hippo.
Hariyah the Hippo growns.
Zookeeper Zeb roll calls Harnoor the Hippo.
Harnoor the Hippo growns.
Zookeeper Zeb roll calls Hansell the Hippo.
Hansell the Hippo growns.
Zookeeper Zeb roll calls Harleth the Hippo.
Harleth the Hippo growns.
Zookeeper Zeb roll calls Ethal the Elephant.
Ethal the Elephant trumpets.
Zookeeper Zeb roll calls Edith the Elephant.
Edith the Elephant trumpets.
Zookeeper Zeb roll calls Roxey the Rhino.
Roxey the Rhino growls.
Zookeeper Zeb roll calls Russell the Rhino.
Russell the Rhino growls.
Zookeeper Zeb roll calls Raashan the Rhino.
Raashan the Rhino growls.
Zookeeper Zeb roll calls Reinardo the Rhino.
Reinardo the Rhino growls.
Zookeeper Zeb roll calls Cottrell the Cat.
Cottrell the Cat meows.
Zookeeper Zeb roll calls Chun the Cat.
Chun the Cat meows.
Zookeeper Zeb roll calls Chrisoula the Cat.
Chrisoula the Cat meows.
Zookeeper Zeb roll calls Crew the Cat.
Crew the Cat meows.
Zookeeper Zeb roll calls Llovani the Lion.
Llovani the Lion roars.
Zookeeper Zeb roll calls Lorann the Lion.
Lorann the Lion roars.
Zookeeper Zeb roll calls Tredarius the Tiger.
Tredarius the Tiger purrs.
Zookeeper Zeb roll calls Tannis the Tiger.
Tannis the Tiger purrs.
Zookeeper Zeb roll calls Tralynn the Tiger.
Tralynn the Tiger purrs.
Zookeeper Zeb roll calls Wille the Wolf.
Wille the Wolf bark-howls.
Zookeeper Zeb roll calls Wynter the Wolf.
Wynter the Wolf bark-howls.
Zookeeper Zeb roll calls Wylma the Wolf.
Wylma the Wolf bark-howls.
Zookeeper Zeb roll calls Dallys the Dog.
Dallys the Dog barks.
Zookeeper Zeb roll calls Delie the Dog.
Delie the Dog barks.
Zookeeper Zeb roll calls Donata the Dog.
Donata the Dog barks.
Zookeeper Zeb roll calls Byrd the Brown Bear.
Byrd the Brown Bear growels.
Zookeeper Zeb roll calls Britanya the Brown Bear.
Britanya the Brown Bear growels.
Zookeeper Zeb roll calls Breshawn the Brown Bear.
Breshawn the Brown Bear growels.
Zookeeper Zeb roll calls Breckin the Brown Bear.
Breckin the Brown Bear growels.
Zookeeper Zeb roll calls Saajid the Sun Bear.
Saajid the Sun Bear roars aggressively.
Zookeeper Zeb roll calls Shakaylah the Sun Bear.
Shakaylah the Sun Bear roars aggressively.
Zookeeper Zeb roll calls Soldier the Sun Bear.
Soldier the Sun Bear roars aggressively.
Zookeeper Zeb feeds Hariyah the Hippo.
Hariyah the Hippo has eaten.
Zookeeper Zeb feeds Harnoor the Hippo.
Harnoor the Hippo has eaten.
Zookeeper Zeb feeds Hansell the Hippo.
Hansell the Hippo has eaten.
Zookeeper Zeb feeds Harleth the Hippo.
Harleth the Hippo has eaten.
Zookeeper Zeb feeds Ethal the Elephant.
Ethal the Elephant has eaten.
Zookeeper Zeb feeds Edith the Elephant.
Edith the Elephant has eaten.
Zookeeper Zeb feeds Roxey the Rhino.
Roxey the Rhino has eaten.
Zookeeper Zeb feeds Russell the Rhino.
Russell the Rhino has eaten.
Zookeeper Zeb feeds Raashan the Rhino.
Raashan the Rhino has eaten.
Zookeeper Zeb feeds Reinardo the Rhino.
Reinardo the Rhino has eaten.
Zookeeper Zeb feeds Cottrell the Cat.
Cottrell the Cat has eaten.
Zookeeper Zeb feeds Chun the Cat.
Chun the Cat has eaten.
Zookeeper Zeb feeds Chrisoula the Cat.
Chrisoula the Cat has eaten.
Zookeeper Zeb feeds Crew the Cat.
Crew the Cat has eaten.
Zookeeper Zeb feeds Llovani the Lion.
Llovani the Lion has eaten.
Zookeeper Zeb feeds Lorann the Lion.
Lorann the Lion has eaten.
Zookeeper Zeb feeds Tredarius the Tiger.
Tredarius the Tiger has eaten.
Zookeeper Zeb feeds Tannis the Tiger.
Tannis the Tiger has eaten.
Zookeeper Zeb feeds Tralynn the Tiger.
Tralynn the Tiger has eaten.
Zookeeper Zeb feeds Wille the Wolf.
Wille the Wolf has eaten.
Zookeeper Zeb feeds Wynter the Wolf.
Wynter the Wolf bark-howls.
Wynter the Wolf has eaten.
Zookeeper Zeb feeds Wylma the Wolf.
Wylma the Wolf has eaten.
Zookeeper Zeb feeds Dallys the Dog.
Dallys the Dog has eaten.
Zookeeper Zeb feeds Delie the Dog.
Delie the Dog has eaten.
Zookeeper Zeb feeds Donata the Dog.
Donata the Dog has eaten.
Zookeeper Zeb feeds Byrd the Brown Bear.
Byrd the Brown Bear has eaten.
Zookeeper Zeb feeds Britanya the Brown Bear.
Britanya the Brown Bear has eaten.
Zookeeper Zeb feeds Breshawn the Brown Bear.
Breshawn the Brown Bear has eaten.
Zookeeper Zeb feeds Breckin the Brown Bear.
Breckin the Brown Bear feasts on a large meal.
Zookeeper Zeb feeds Saajid the Sun Bear.
Saajid the Sun Bear has eaten.
Zookeeper Zeb feeds Shakaylah the Sun Bear.
Shakaylah the Sun Bear has eaten.
Zookeeper Zeb feeds Soldier the Sun Bear.
Soldier the Sun Bear feasts on a large meal.
Zookeeper Zeb exercises Hariyah the Hippo.
Hariyah the Hippo has roamed / exercised.
Zookeeper Zeb exercises Harnoor the Hippo.
Harnoor the Hippo has roamed / exercised.
Zookeeper Zeb exercises Hansell the Hippo.
Hansell the Hippo has roamed / exercised.
Zookeeper Zeb exercises Harleth the Hippo.
Harleth the Hippo has roamed / exercised.
Zookeeper Zeb exercises Ethal the Elephant.
Ethal the Elephant has charged.
Zookeeper Zeb exercises Edith the Elephant.
Edith the Elephant has roamed / exercised.
Zookeeper Zeb exercises Roxey the Rhino.
Roxey the Rhino has roamed / exercised.
Zookeeper Zeb exercises Russell the Rhino.
Russell the Rhino has roamed / exercised.
Zookeeper Zeb exercises Raashan the Rhino.
Raashan the Rhino has roamed / exercised.
Zookeeper Zeb exercises Reinardo the Rhino.
Reinardo the Rhino has roamed / exercised.
Zookeeper Zeb exercises Cottrell the Cat.
Cottrell the Cat has roamed / exercised.
Zookeeper Zeb exercises Chun the Cat.
Chun the Cat has roamed / exercised.
Zookeeper Zeb exercises Chrisoula the Cat.
Chrisoula the Cat has roamed / exercised.
Zookeeper Zeb exercises Crew the Cat.
Crew the Cat has roamed / exercised.
Zookeeper Zeb exercises Llovani the Lion.
Llovani the Lion has roamed / exercised.
Zookeeper Zeb exercises Lorann the Lion.
Lorann the Lion has roamed / exercised.
Zookeeper Zeb exercises Tredarius the Tiger.
Tredarius the Tiger has roamed / exercised.
Zookeeper Zeb exercises Tannis the Tiger.
Tannis the Tiger has roamed / exercised.
Zookeeper Zeb exercises Tralynn the Tiger.
Tralynn the Tiger has roamed / exercised.
Zookeeper Zeb exercises Wille the Wolf.
Wille the Wolf has roamed / exercised.
Zookeeper Zeb exercises Wynter the Wolf.
Wynter the Wolf has roamed / exercised.
Zookeeper Zeb exercises Wylma the Wolf.
Wylma the Wolf bark-howls.
Zookeeper Zeb exercises Dallys the Dog.
Dallys the Dog has roamed / exercised.
Zookeeper Zeb exercises Delie the Dog.
Delie the Dog has dug a hole.
Zookeeper Zeb exercises Donata the Dog.
Donata the Dog has roamed / exercised.
Zookeeper Zeb exercises Byrd the Brown Bear.
Byrd the Brown Bear has roamed / exercised.
Zookeeper Zeb exercises Britanya the Brown Bear.
Britanya the Brown Bear has roamed / exercised.
Zookeeper Zeb exercises Breshawn the Brown Bear.
Breshawn the Brown Bear has roamed / exercised.
Zookeeper Zeb exercises Breckin the Brown Bear.
Breckin the Brown Bear has roamed / exercised.
Zookeeper Zeb exercises Saajid the Sun Bear.
Saajid the Sun Bear has roamed / exercised.
Zookeeper Zeb exercises Shakaylah the Sun Bear.
Shakaylah the Sun Bear has roamed / exercised.
Zookeeper Zeb exercises Soldier the Sun Bear.
Soldier the Sun Bear has roamed / exercised.
Zookeeper Zeb tucks in Hariyah the Hippo.
Hariyah the Hippo slumbers.
Zookeeper Zeb tucks in Harnoor the Hippo.
Harnoor the Hippo slumbers.
Zookeeper Zeb tucks in Hansell the Hippo.
Hansell the Hippo slumbers.
Zookeeper Zeb tucks in Harleth the Hippo.
Harleth the Hippo slumbers.
Zookeeper Zeb tucks in Ethal the Elephant.
Ethal the Elephant slumbers.
Zookeeper Zeb tucks in Edith the Elephant.
Edith the Elephant slumbers.
Zookeeper Zeb tucks in Roxey the Rhino.
Roxey the Rhino slumbers.
Zookeeper Zeb tucks in Russell the Rhino.
Russell the Rhino slumbers.
Zookeeper Zeb tucks in Raashan the Rhino.
Raashan the Rhino slumbers.
Zookeeper Zeb tucks in Reinardo the Rhino.
Reinardo the Rhino slumbers.
Zookeeper Zeb tucks in Cottrell the Cat.
Cottrell the Cat meows.
Zookeeper Zeb tucks in Chun the Cat.
Chun the Cat meows.
Zookeeper Zeb tucks in Chrisoula the Cat.
Chrisoula the Cat has roamed / exercised.
Zookeeper Zeb tucks in Crew the Cat.
Crew the Cat slumbers.
Zookeeper Zeb tucks in Llovani the Lion.
Llovani the Lion roars.
Zookeeper Zeb tucks in Lorann the Lion.
Lorann the Lion roars.
Zookeeper Zeb tucks in Tredarius the Tiger.
Tredarius the Tiger has roamed / exercised.
Zookeeper Zeb tucks in Tannis the Tiger.
Tannis the Tiger has roamed / exercised.
Zookeeper Zeb tucks in Tralynn the Tiger.
Tralynn the Tiger has roamed / exercised.
Zookeeper Zeb tucks in Wille the Wolf.
Wille the Wolf slumbers.
Zookeeper Zeb tucks in Wynter the Wolf.
Wynter the Wolf slumbers.
Zookeeper Zeb tucks in Wylma the Wolf.
Wylma the Wolf slumbers.
Zookeeper Zeb tucks in Dallys the Dog.
Dallys the Dog slumbers.
Zookeeper Zeb tucks in Delie the Dog.
Delie the Dog slumbers.
Zookeeper Zeb tucks in Donata the Dog.
Donata the Dog slumbers.
Zookeeper Zeb tucks in Byrd the Brown Bear.
Byrd the Brown Bear slumbers.
Zookeeper Zeb tucks in Britanya the Brown Bear.
Britanya the Brown Bear slumbers.
Zookeeper Zeb tucks in Breshawn the Brown Bear.
Breshawn the Brown Bear slumbers.
Zookeeper Zeb tucks in Breckin the Brown Bear.
Breckin the Brown Bear slumbers.
Zookeeper Zeb tucks in Saajid the Sun Bear.
Saajid the Sun Bear slumbers.
Zookeeper Zeb tucks in Shakaylah the Sun Bear.
Shakaylah the Sun Bear slumbers.
Zookeeper Zeb tucks in Soldier the Sun Bear.
Soldier the Sun Bear slumbers.
--------------------
Zookeeper Zeb left the Zoo.

Day #5

Zookeeper Zeb arrives at the Zoo.
--------------------
Zookeeper Zeb wakes up Hariyah the Hippo.
Hariyah the Hippo has woken up.
Zookeeper Zeb wakes up Harnoor the Hippo.
Harnoor the Hippo has woken up.
Zookeeper Zeb wakes up Hansell the Hippo.
Hansell the Hippo has woken up.
Zookeeper Zeb wakes up Harleth the Hippo.
Harleth the Hippo has woken up.
Zookeeper Zeb wakes up Ethal the Elephant.
Ethal the Elephant has woken up.
Zookeeper Zeb wakes up Edith the Elephant.
Edith the Elephant has woken up.
Zookeeper Zeb wakes up Roxey the Rhino.
Roxey the Rhino has woken up.
Zookeeper Zeb wakes up Russell the Rhino.
Russell the Rhino has woken up.
Zookeeper Zeb wakes up Raashan the Rhino.
Raashan the Rhino has woken up.
Zookeeper Zeb wakes up Reinardo the Rhino.
Reinardo the Rhino has woken up.
Zookeeper Zeb wakes up Cottrell the Cat.
Cottrell the Cat is already awake.
Zookeeper Zeb wakes up Chun the Cat.
Chun the Cat is already awake.
Zookeeper Zeb wakes up Chrisoula the Cat.
Chrisoula the Cat is already awake.
Zookeeper Zeb wakes up Crew the Cat.
Crew the Cat has woken up.
Zookeeper Zeb wakes up Llovani the Lion.
Llovani the Lion is already awake.
Zookeeper Zeb wakes up Lorann the Lion.
Lorann the Lion is already awake.
Zookeeper Zeb wakes up Tredarius the Tiger.
Tredarius the Tiger is already awake.
Zookeeper Zeb wakes up Tannis the Tiger.
Tannis the Tiger is already awake.
Zookeeper Zeb wakes up Tralynn the Tiger.
Tralynn the Tiger is already awake.
Zookeeper Zeb wakes up Wille the Wolf.
Wille the Wolf has woken up.
Zookeeper Zeb wakes up Wynter the Wolf.
Wynter the Wolf has woken up.
Zookeeper Zeb wakes up Wylma the Wolf.
Wylma the Wolf has woken up.
Zookeeper Zeb wakes up Dallys the Dog.
Dallys the Dog has woken up.
Zookeeper Zeb wakes up Delie the Dog.
Delie the Dog has woken up.
Zookeeper Zeb wakes up Donata the Dog.
Donata the Dog has woken up.
Zookeeper Zeb wakes up Byrd the Brown Bear.
Byrd the Brown Bear has woken up.
Zookeeper Zeb wakes up Britanya the Brown Bear.
Britanya the Brown Bear has woken up.
Zookeeper Zeb wakes up Breshawn the Brown Bear.
Breshawn the Brown Bear has woken up.
Zookeeper Zeb wakes up Breckin the Brown Bear.
Breckin the Brown Bear has woken up.
Zookeeper Zeb wakes up Saajid the Sun Bear.
Saajid the Sun Bear has woken up.
Zookeeper Zeb wakes up Shakaylah the Sun Bear.
Shakaylah the Sun Bear has woken up.
Zookeeper Zeb wakes up Soldier the Sun Bear.
Soldier the Sun Bear has woken up.
Zookeeper Zeb roll calls Hariyah the Hippo.
Hariyah the Hippo growns.
Zookeeper Zeb roll calls Harnoor the Hippo.
Harnoor the Hippo growns.
Zookeeper Zeb roll calls Hansell the Hippo.
Hansell the Hippo growns.
Zookeeper Zeb roll calls Harleth the Hippo.
Harleth the Hippo growns.
Zookeeper Zeb roll calls Ethal the Elephant.
Ethal the Elephant trumpets.
Zookeeper Zeb roll calls Edith the Elephant.
Edith the Elephant trumpets.
Zookeeper Zeb roll calls Roxey the Rhino.
Roxey the Rhino growls.
Zookeeper Zeb roll calls Russell the Rhino.
Russell the Rhino growls.
Zookeeper Zeb roll calls Raashan the Rhino.
Raashan the Rhino growls.
Zookeeper Zeb roll calls Reinardo the Rhino.
Reinardo the Rhino growls.
Zookeeper Zeb roll calls Cottrell the Cat.
Cottrell the Cat meows.
Zookeeper Zeb roll calls Chun the Cat.
Chun the Cat meows.
Zookeeper Zeb roll calls Chrisoula the Cat.
Chrisoula the Cat meows.
Zookeeper Zeb roll calls Crew the Cat.
Crew the Cat meows.
Zookeeper Zeb roll calls Llovani the Lion.
Llovani the Lion roars.
Zookeeper Zeb roll calls Lorann the Lion.
Lorann the Lion roars.
Zookeeper Zeb roll calls Tredarius the Tiger.
Tredarius the Tiger purrs.
Zookeeper Zeb roll calls Tannis the Tiger.
Tannis the Tiger purrs.
Zookeeper Zeb roll calls Tralynn the Tiger.
Tralynn the Tiger purrs.
Zookeeper Zeb roll calls Wille the Wolf.
Wille the Wolf bark-howls.
Zookeeper Zeb roll calls Wynter the Wolf.
Wynter the Wolf bark-howls.
Zookeeper Zeb roll calls Wylma the Wolf.
Wylma the Wolf bark-howls.
Zookeeper Zeb roll calls Dallys the Dog.
Dallys the Dog barks.
Zookeeper Zeb roll calls Delie the Dog.
Delie the Dog barks.
Zookeeper Zeb roll calls Donata the Dog.
Donata the Dog barks.
Zookeeper Zeb roll calls Byrd the Brown Bear.
Byrd the Brown Bear growels.
Zookeeper Zeb roll calls Britanya the Brown Bear.
Britanya the Brown Bear growels.
Zookeeper Zeb roll calls Breshawn the Brown Bear.
Breshawn the Brown Bear growels.
Zookeeper Zeb roll calls Breckin the Brown Bear.
Breckin the Brown Bear growels.
Zookeeper Zeb roll calls Saajid the Sun Bear.
Saajid the Sun Bear roars aggressively.
Zookeeper Zeb roll calls Shakaylah the Sun Bear.
Shakaylah the Sun Bear roars aggressively.
Zookeeper Zeb roll calls Soldier the Sun Bear.
Soldier the Sun Bear roars aggressively.
Zookeeper Zeb feeds Hariyah the Hippo.
Hariyah the Hippo has eaten.
Zookeeper Zeb feeds Harnoor the Hippo.
Harnoor the Hippo has eaten.
Zookeeper Zeb feeds Hansell the Hippo.
Hansell the Hippo has eaten.
Zookeeper Zeb feeds Harleth the Hippo.
Harleth the Hippo has eaten.
Zookeeper Zeb feeds Ethal the Elephant.
Ethal the Elephant has eaten.
Zookeeper Zeb feeds Edith the Elephant.
Edith the Elephant has eaten.
Zookeeper Zeb feeds Roxey the Rhino.
Roxey the Rhino has eaten.
Zookeeper Zeb feeds Russell the Rhino.
Russell the Rhino has eaten.
Zookeeper Zeb feeds Raashan the Rhino.
Raashan the Rhino has eaten.
Zookeeper Zeb feeds Reinardo the Rhino.
Reinardo the Rhino has eaten.
Zookeeper Zeb feeds Cottrell the Cat.
Cottrell the Cat has eaten.
Zookeeper Zeb feeds Chun the Cat.
Chun the Cat has eaten.
Zookeeper Zeb feeds Chrisoula the Cat.
Chrisoula the Cat has eaten.
Zookeeper Zeb feeds Crew the Cat.
Crew the Cat has eaten.
Zookeeper Zeb feeds Llovani the Lion.
Llovani the Lion has eaten.
Zookeeper Zeb feeds Lorann the Lion.
Lorann the Lion has eaten.
Zookeeper Zeb feeds Tredarius the Tiger.
Tredarius the Tiger has eaten.
Zookeeper Zeb feeds Tannis the Tiger.
Tannis the Tiger has eaten.
Zookeeper Zeb feeds Tralynn the Tiger.
Tralynn the Tiger has eaten.
Zookeeper Zeb feeds Wille the Wolf.
Wille the Wolf has eaten.
Zookeeper Zeb feeds Wynter the Wolf.
Wynter the Wolf has eaten.
Zookeeper Zeb feeds Wylma the Wolf.
Wylma the Wolf has eaten.
Zookeeper Zeb feeds Dallys the Dog.
Dallys the Dog has eaten.
Zookeeper Zeb feeds Delie the Dog.
Delie the Dog has eaten.
Zookeeper Zeb feeds Donata the Dog.
Donata the Dog has eaten.
Zookeeper Zeb feeds Byrd the Brown Bear.
Byrd the Brown Bear has eaten.
Zookeeper Zeb feeds Britanya the Brown Bear.
Britanya the Brown Bear has eaten.
Zookeeper Zeb feeds Breshawn the Brown Bear.
Breshawn the Brown Bear has eaten.
Zookeeper Zeb feeds Breckin the Brown Bear.
Breckin the Brown Bear has eaten.
Zookeeper Zeb feeds Saajid the Sun Bear.
Saajid the Sun Bear has eaten.
Zookeeper Zeb feeds Shakaylah the Sun Bear.
Shakaylah the Sun Bear has eaten.
Zookeeper Zeb feeds Soldier the Sun Bear.
Soldier the Sun Bear has eaten.
Zookeeper Zeb exercises Hariyah the Hippo.
Hariyah the Hippo has roamed / exercised.
Zookeeper Zeb exercises Harnoor the Hippo.
Harnoor the Hippo has charged.
Zookeeper Zeb exercises Hansell the Hippo.
Hansell the Hippo has roamed / exercised.
Zookeeper Zeb exercises Harleth the Hippo.
Harleth the Hippo has charged.
Zookeeper Zeb exercises Ethal the Elephant.
Ethal the Elephant has roamed / exercised.
Zookeeper Zeb exercises Edith the Elephant.
Edith the Elephant has roamed / exercised.
Zookeeper Zeb exercises Roxey the Rhino.
Roxey the Rhino has roamed / exercised.
Zookeeper Zeb exercises Russell the Rhino.
Russell the Rhino has roamed / exercised.
Zookeeper Zeb exercises Raashan the Rhino.
Raashan the Rhino has charged.
Zookeeper Zeb exercises Reinardo the Rhino.
Reinardo the Rhino has roamed / exercised.
Zookeeper Zeb exercises Cottrell the Cat.
Cottrell the Cat has roamed / exercised.
Zookeeper Zeb exercises Chun the Cat.
Chun the Cat has roamed / exercised.
Zookeeper Zeb exercises Chrisoula the Cat.
Chrisoula the Cat has roamed / exercised.
Zookeeper Zeb exercises Crew the Cat.
Crew the Cat has roamed / exercised.
Zookeeper Zeb exercises Llovani the Lion.
Llovani the Lion has roamed / exercised.
Zookeeper Zeb exercises Lorann the Lion.
Lorann the Lion has roamed / exercised.
Zookeeper Zeb exercises Tredarius the Tiger.
Tredarius the Tiger has roamed / exercised.
Zookeeper Zeb exercises Tannis the Tiger.
Tannis the Tiger has roamed / exercised.
Zookeeper Zeb exercises Tralynn the Tiger.
Tralynn the Tiger has roamed / exercised.
Zookeeper Zeb exercises Wille the Wolf.
Wille the Wolf bark-howls.
Zookeeper Zeb exercises Wynter the Wolf.
Wynter the Wolf has roamed / exercised.
Zookeeper Zeb exercises Wylma the Wolf.
Wylma the Wolf has roamed / exercised.
Zookeeper Zeb exercises Dallys the Dog.
Dallys the Dog has roamed / exercised.
Zookeeper Zeb exercises Delie the Dog.
Delie the Dog has roamed / exercised.
Zookeeper Zeb exercises Donata the Dog.
Donata the Dog has roamed / exercised.
Zookeeper Zeb exercises Byrd the Brown Bear.
Byrd the Brown Bear has roamed / exercised.
Zookeeper Zeb exercises Britanya the Brown Bear.
Britanya the Brown Bear has roamed / exercised.
Zookeeper Zeb exercises Breshawn the Brown Bear.
Breshawn the Brown Bear has roamed / exercised.
Zookeeper Zeb exercises Breckin the Brown Bear.
Breckin the Brown Bear has roamed / exercised.
Zookeeper Zeb exercises Saajid the Sun Bear.
Saajid the Sun Bear has roamed / exercised.
Zookeeper Zeb exercises Shakaylah the Sun Bear.
Shakaylah the Sun Bear has roamed / exercised.
Zookeeper Zeb exercises Soldier the Sun Bear.
Soldier the Sun Bear has roamed / exercised.
Zookeeper Zeb tucks in Hariyah the Hippo.
Hariyah the Hippo slumbers.
Zookeeper Zeb tucks in Harnoor the Hippo.
Harnoor the Hippo slumbers.
Zookeeper Zeb tucks in Hansell the Hippo.
Hansell the Hippo slumbers.
Zookeeper Zeb tucks in Harleth the Hippo.
Harleth the Hippo slumbers.
Zookeeper Zeb tucks in Ethal the Elephant.
Ethal the Elephant slumbers.
Zookeeper Zeb tucks in Edith the Elephant.
Edith the Elephant slumbers.
Zookeeper Zeb tucks in Roxey the Rhino.
Roxey the Rhino slumbers.
Zookeeper Zeb tucks in Russell the Rhino.
Russell the Rhino slumbers.
Zookeeper Zeb tucks in Raashan the Rhino.
Raashan the Rhino slumbers.
Zookeeper Zeb tucks in Reinardo the Rhino.
Reinardo the Rhino slumbers.
Zookeeper Zeb tucks in Cottrell the Cat.
Cottrell the Cat meows.
Zookeeper Zeb tucks in Chun the Cat.
Chun the Cat slumbers.
Zookeeper Zeb tucks in Chrisoula the Cat.
Chrisoula the Cat meows.
Zookeeper Zeb tucks in Crew the Cat.
Crew the Cat has roamed / exercised.
Zookeeper Zeb tucks in Llovani the Lion.
Llovani the Lion has roamed / exercised.
Zookeeper Zeb tucks in Lorann the Lion.
Lorann the Lion slumbers.
Zookeeper Zeb tucks in Tredarius the Tiger.
Tredarius the Tiger slumbers.
Zookeeper Zeb tucks in Tannis the Tiger.
Tannis the Tiger slumbers.
Zookeeper Zeb tucks in Tralynn the Tiger.
Tralynn the Tiger slumbers.
Zookeeper Zeb tucks in Wille the Wolf.
Wille the Wolf slumbers.
Zookeeper Zeb tucks in Wynter the Wolf.
Wynter the Wolf slumbers.
Zookeeper Zeb tucks in Wylma the Wolf.
Wylma the Wolf slumbers.
Zookeeper Zeb tucks in Dallys the Dog.
Dallys the Dog slumbers.
Zookeeper Zeb tucks in Delie the Dog.
Delie the Dog slumbers.
Zookeeper Zeb tucks in Donata the Dog.
Donata the Dog slumbers.
Zookeeper Zeb tucks in Byrd the Brown Bear.
Byrd the Brown Bear slumbers.
Zookeeper Zeb tucks in Britanya the Brown Bear.
Britanya the Brown Bear slumbers.
Zookeeper Zeb tucks in Breshawn the Brown Bear.
Breshawn the Brown Bear slumbers.
Zookeeper Zeb tucks in Breckin the Brown Bear.
Breckin the Brown Bear slumbers.
Zookeeper Zeb tucks in Saajid the Sun Bear.
Saajid the Sun Bear roars aggressively.
Saajid the Sun Bear has roamed / exercised.
Zookeeper Zeb tucks in Shakaylah the Sun Bear.
Shakaylah the Sun Bear has roamed / exercised.
Zookeeper Zeb tucks in Soldier the Sun Bear.
Soldier the Sun Bear slumbers.
--------------------
Zookeeper Zeb left the Zoo.

Day #6

Zookeeper Zeb arrives at the Zoo.
--------------------
Zookeeper Zeb wakes up Hariyah the Hippo.
Hariyah the Hippo has woken up.
Zookeeper Zeb wakes up Harnoor the Hippo.
Harnoor the Hippo has woken up.
Zookeeper Zeb wakes up Hansell the Hippo.
Hansell the Hippo has woken up.
Zookeeper Zeb wakes up Harleth the Hippo.
Harleth the Hippo has woken up.
Zookeeper Zeb wakes up Ethal the Elephant.
Ethal the Elephant has woken up.
Zookeeper Zeb wakes up Edith the Elephant.
Edith the Elephant has woken up.
Zookeeper Zeb wakes up Roxey the Rhino.
Roxey the Rhino has woken up.
Zookeeper Zeb wakes up Russell the Rhino.
Russell the Rhino has woken up.
Zookeeper Zeb wakes up Raashan the Rhino.
Raashan the Rhino has woken up.
Zookeeper Zeb wakes up Reinardo the Rhino.
Reinardo the Rhino has woken up.
Zookeeper Zeb wakes up Cottrell the Cat.
Cottrell the Cat is already awake.
Zookeeper Zeb wakes up Chun the Cat.
Chun the Cat has woken up.
Zookeeper Zeb wakes up Chrisoula the Cat.
Chrisoula the Cat is already awake.
Zookeeper Zeb wakes up Crew the Cat.
Crew the Cat is already awake.
Zookeeper Zeb wakes up Llovani the Lion.
Llovani the Lion is already awake.
Zookeeper Zeb wakes up Lorann the Lion.
Lorann the Lion has woken up.
Zookeeper Zeb wakes up Tredarius the Tiger.
Tredarius the Tiger has woken up.
Zookeeper Zeb wakes up Tannis the Tiger.
Tannis the Tiger has woken up.
Zookeeper Zeb wakes up Tralynn the Tiger.
Tralynn the Tiger has woken up.
Zookeeper Zeb wakes up Wille the Wolf.
Wille the Wolf has woken up.
Zookeeper Zeb wakes up Wynter the Wolf.
Wynter the Wolf has woken up.
Zookeeper Zeb wakes up Wylma the Wolf.
Wylma the Wolf has woken up.
Zookeeper Zeb wakes up Dallys the Dog.
Dallys the Dog has woken up.
Zookeeper Zeb wakes up Delie the Dog.
Delie the Dog has woken up.
Zookeeper Zeb wakes up Donata the Dog.
Donata the Dog has woken up.
Zookeeper Zeb wakes up Byrd the Brown Bear.
Byrd the Brown Bear has woken up.
Zookeeper Zeb wakes up Britanya the Brown Bear.
Britanya the Brown Bear has woken up.
Zookeeper Zeb wakes up Breshawn the Brown Bear.
Breshawn the Brown Bear has woken up.
Zookeeper Zeb wakes up Breckin the Brown Bear.
Breckin the Brown Bear has woken up.
Zookeeper Zeb wakes up Saajid the Sun Bear.
Saajid the Sun Bear is already awake.
Zookeeper Zeb wakes up Shakaylah the Sun Bear.
Shakaylah the Sun Bear is already awake.
Zookeeper Zeb wakes up Soldier the Sun Bear.
Soldier the Sun Bear has woken up.
Zookeeper Zeb roll calls Hariyah the Hippo.
Hariyah the Hippo growns.
Zookeeper Zeb roll calls Harnoor the Hippo.
Harnoor the Hippo growns.
Zookeeper Zeb roll calls Hansell the Hippo.
Hansell the Hippo growns.
Zookeeper Zeb roll calls Harleth the Hippo.
Harleth the Hippo growns.
Zookeeper Zeb roll calls Ethal the Elephant.
Ethal the Elephant trumpets.
Zookeeper Zeb roll calls Edith the Elephant.
Edith the Elephant trumpets.
Zookeeper Zeb roll calls Roxey the Rhino.
Roxey the Rhino growls.
Zookeeper Zeb roll calls Russell the Rhino.
Russell the Rhino growls.
Zookeeper Zeb roll calls Raashan the Rhino.
Raashan the Rhino growls.
Zookeeper Zeb roll calls Reinardo the Rhino.
Reinardo the Rhino growls.
Zookeeper Zeb roll calls Cottrell the Cat.
Cottrell the Cat meows.
Zookeeper Zeb roll calls Chun the Cat.
Chun the Cat meows.
Zookeeper Zeb roll calls Chrisoula the Cat.
Chrisoula the Cat meows.
Zookeeper Zeb roll calls Crew the Cat.
Crew the Cat meows.
Zookeeper Zeb roll calls Llovani the Lion.
Llovani the Lion roars.
Zookeeper Zeb roll calls Lorann the Lion.
Lorann the Lion roars.
Zookeeper Zeb roll calls Tredarius the Tiger.
Tredarius the Tiger purrs.
Zookeeper Zeb roll calls Tannis the Tiger.
Tannis the Tiger purrs.
Zookeeper Zeb roll calls Tralynn the Tiger.
Tralynn the Tiger purrs.
Zookeeper Zeb roll calls Wille the Wolf.
Wille the Wolf bark-howls.
Zookeeper Zeb roll calls Wynter the Wolf.
Wynter the Wolf bark-howls.
Zookeeper Zeb roll calls Wylma the Wolf.
Wylma the Wolf bark-howls.
Zookeeper Zeb roll calls Dallys the Dog.
Dallys the Dog barks.
Zookeeper Zeb roll calls Delie the Dog.
Delie the Dog barks.
Zookeeper Zeb roll calls Donata the Dog.
Donata the Dog barks.
Zookeeper Zeb roll calls Byrd the Brown Bear.
Byrd the Brown Bear growels.
Zookeeper Zeb roll calls Britanya the Brown Bear.
Britanya the Brown Bear growels.
Zookeeper Zeb roll calls Breshawn the Brown Bear.
Breshawn the Brown Bear growels.
Zookeeper Zeb roll calls Breckin the Brown Bear.
Breckin the Brown Bear growels.
Zookeeper Zeb roll calls Saajid the Sun Bear.
Saajid the Sun Bear roars aggressively.
Zookeeper Zeb roll calls Shakaylah the Sun Bear.
Shakaylah the Sun Bear roars aggressively.
Zookeeper Zeb roll calls Soldier the Sun Bear.
Soldier the Sun Bear roars aggressively.
Zookeeper Zeb feeds Hariyah the Hippo.
Hariyah the Hippo has eaten.
Zookeeper Zeb feeds Harnoor the Hippo.
Harnoor the Hippo has eaten.
Zookeeper Zeb feeds Hansell the Hippo.
Hansell the Hippo has eaten.
Zookeeper Zeb feeds Harleth the Hippo.
Harleth the Hippo has eaten.
Zookeeper Zeb feeds Ethal the Elephant.
Ethal the Elephant has eaten.
Zookeeper Zeb feeds Edith the Elephant.
Edith the Elephant has eaten.
Zookeeper Zeb feeds Roxey the Rhino.
Roxey the Rhino has eaten.
Zookeeper Zeb feeds Russell the Rhino.
Russell the Rhino has eaten.
Zookeeper Zeb feeds Raashan the Rhino.
Raashan the Rhino has eaten.
Zookeeper Zeb feeds Reinardo the Rhino.
Reinardo the Rhino has eaten.
Zookeeper Zeb feeds Cottrell the Cat.
Cottrell the Cat has eaten.
Zookeeper Zeb feeds Chun the Cat.
Chun the Cat has eaten.
Zookeeper Zeb feeds Chrisoula the Cat.
Chrisoula the Cat has eaten.
Zookeeper Zeb feeds Crew the Cat.
Crew the Cat has eaten.
Zookeeper Zeb feeds Llovani the Lion.
Llovani the Lion has eaten.
Zookeeper Zeb feeds Lorann the Lion.
Lorann the Lion has eaten.
Zookeeper Zeb feeds Tredarius the Tiger.
Tredarius the Tiger has eaten.
Zookeeper Zeb feeds Tannis the Tiger.
Tannis the Tiger has eaten.
Zookeeper Zeb feeds Tralynn the Tiger.
Tralynn the Tiger has eaten.
Zookeeper Zeb feeds Wille the Wolf.
Wille the Wolf has eaten.
Zookeeper Zeb feeds Wynter the Wolf.
Wynter the Wolf has eaten.
Zookeeper Zeb feeds Wylma the Wolf.
Wylma the Wolf has eaten.
Zookeeper Zeb feeds Dallys the Dog.
Dallys the Dog has eaten.
Zookeeper Zeb feeds Delie the Dog.
Delie the Dog has eaten.
Zookeeper Zeb feeds Donata the Dog.
Donata the Dog has eaten.
Zookeeper Zeb feeds Byrd the Brown Bear.
Byrd the Brown Bear has eaten.
Zookeeper Zeb feeds Britanya the Brown Bear.
Britanya the Brown Bear feasts on a large meal.
Zookeeper Zeb feeds Breshawn the Brown Bear.
Breshawn the Brown Bear has eaten.
Zookeeper Zeb feeds Breckin the Brown Bear.
Breckin the Brown Bear has eaten.
Zookeeper Zeb feeds Saajid the Sun Bear.
Saajid the Sun Bear has eaten.
Zookeeper Zeb feeds Shakaylah the Sun Bear.
Shakaylah the Sun Bear has eaten.
Zookeeper Zeb feeds Soldier the Sun Bear.
Soldier the Sun Bear feasts on a large meal.
Zookeeper Zeb exercises Hariyah the Hippo.
Hariyah the Hippo has roamed / exercised.
Zookeeper Zeb exercises Harnoor the Hippo.
Harnoor the Hippo has charged.
Zookeeper Zeb exercises Hansell the Hippo.
Hansell the Hippo has charged.
Zookeeper Zeb exercises Harleth the Hippo.
Harleth the Hippo has charged.
Zookeeper Zeb exercises Ethal the Elephant.
Ethal the Elephant has charged.
Zookeeper Zeb exercises Edith the Elephant.
Edith the Elephant has charged.
Zookeeper Zeb exercises Roxey the Rhino.
Roxey the Rhino has roamed / exercised.
Zookeeper Zeb exercises Russell the Rhino.
Russell the Rhino has charged.
Zookeeper Zeb exercises Raashan the Rhino.
Raashan the Rhino has roamed / exercised.
Zookeeper Zeb exercises Reinardo the Rhino.
Reinardo the Rhino has roamed / exercised.
Zookeeper Zeb exercises Cottrell the Cat.
Cottrell the Cat has roamed / exercised.
Zookeeper Zeb exercises Chun the Cat.
Chun the Cat has roamed / exercised.
Zookeeper Zeb exercises Chrisoula the Cat.
Chrisoula the Cat has roamed / exercised.
Zookeeper Zeb exercises Crew the Cat.
Crew the Cat has roamed / exercised.
Zookeeper Zeb exercises Llovani the Lion.
Llovani the Lion has roamed / exercised.
Zookeeper Zeb exercises Lorann the Lion.
Lorann the Lion has roamed / exercised.
Zookeeper Zeb exercises Tredarius the Tiger.
Tredarius the Tiger has roamed / exercised.
Zookeeper Zeb exercises Tannis the Tiger.
Tannis the Tiger has roamed / exercised.
Zookeeper Zeb exercises Tralynn the Tiger.
Tralynn the Tiger has roamed / exercised.
Zookeeper Zeb exercises Wille the Wolf.
Wille the Wolf bark-howls.
Zookeeper Zeb exercises Wynter the Wolf.
Wynter the Wolf bark-howls.
Zookeeper Zeb exercises Wylma the Wolf.
Wylma the Wolf has roamed / exercised.
Zookeeper Zeb exercises Dallys the Dog.
Dallys the Dog has dug a hole.
Zookeeper Zeb exercises Delie the Dog.
Delie the Dog has roamed / exercised.
Zookeeper Zeb exercises Donata the Dog.
Donata the Dog has roamed / exercised.
Zookeeper Zeb exercises Byrd the Brown Bear.
Byrd the Brown Bear has roamed / exercised.
Zookeeper Zeb exercises Britanya the Brown Bear.
Britanya the Brown Bear has roamed / exercised.
Zookeeper Zeb exercises Breshawn the Brown Bear.
Breshawn the Brown Bear has roamed / exercised.
Zookeeper Zeb exercises Breckin the Brown Bear.
Breckin the Brown Bear has roamed / exercised.
Zookeeper Zeb exercises Saajid the Sun Bear.
Saajid the Sun Bear has roamed / exercised.
Zookeeper Zeb exercises Shakaylah the Sun Bear.
Shakaylah the Sun Bear has roamed / exercised.
Zookeeper Zeb exercises Soldier the Sun Bear.
Soldier the Sun Bear has roamed / exercised.
Zookeeper Zeb tucks in Hariyah the Hippo.
Hariyah the Hippo slumbers.
Zookeeper Zeb tucks in Harnoor the Hippo.
Harnoor the Hippo slumbers.
Zookeeper Zeb tucks in Hansell the Hippo.
Hansell the Hippo slumbers.
Zookeeper Zeb tucks in Harleth the Hippo.
Harleth the Hippo slumbers.
Zookeeper Zeb tucks in Ethal the Elephant.
Ethal the Elephant slumbers.
Zookeeper Zeb tucks in Edith the Elephant.
Edith the Elephant slumbers.
Zookeeper Zeb tucks in Roxey the Rhino.
Roxey the Rhino slumbers.
Zookeeper Zeb tucks in Russell the Rhino.
Russell the Rhino slumbers.
Zookeeper Zeb tucks in Raashan the Rhino.
Raashan the Rhino slumbers.
Zookeeper Zeb tucks in Reinardo the Rhino.
Reinardo the Rhino slumbers.
Zookeeper Zeb tucks in Cottrell the Cat.
Cottrell the Cat meows.
Zookeeper Zeb tucks in Chun the Cat.
Chun the Cat meows.
Zookeeper Zeb tucks in Chrisoula the Cat.
Chrisoula the Cat has roamed / exercised.
Zookeeper Zeb tucks in Crew the Cat.
Crew the Cat meows.
Zookeeper Zeb tucks in Llovani the Lion.
Llovani the Lion slumbers.
Zookeeper Zeb tucks in Lorann the Lion.
Lorann the Lion roars.
Zookeeper Zeb tucks in Tredarius the Tiger.
Tredarius the Tiger slumbers.
Zookeeper Zeb tucks in Tannis the Tiger.
Tannis the Tiger slumbers.
Zookeeper Zeb tucks in Tralynn the Tiger.
Tralynn the Tiger has roamed / exercised.
Zookeeper Zeb tucks in Wille the Wolf.
Wille the Wolf slumbers.
Zookeeper Zeb tucks in Wynter the Wolf.
Wynter the Wolf slumbers.
Zookeeper Zeb tucks in Wylma the Wolf.
Wylma the Wolf slumbers.
Zookeeper Zeb tucks in Dallys the Dog.
Dallys the Dog slumbers.
Zookeeper Zeb tucks in Delie the Dog.
Delie the Dog slumbers.
Zookeeper Zeb tucks in Donata the Dog.
Donata the Dog slumbers.
Zookeeper Zeb tucks in Byrd the Brown Bear.
Byrd the Brown Bear slumbers.
Zookeeper Zeb tucks in Britanya the Brown Bear.
Britanya the Brown Bear slumbers.
Zookeeper Zeb tucks in Breshawn the Brown Bear.
Breshawn the Brown Bear slumbers.
Zookeeper Zeb tucks in Breckin the Brown Bear.
Breckin the Brown Bear slumbers.
Zookeeper Zeb tucks in Saajid the Sun Bear.
Saajid the Sun Bear has roamed / exercised.
Zookeeper Zeb tucks in Shakaylah the Sun Bear.
Shakaylah the Sun Bear has roamed / exercised.
Zookeeper Zeb tucks in Soldier the Sun Bear.
Soldier the Sun Bear roars aggressively.
Soldier the Sun Bear has roamed / exercised.
--------------------
Zookeeper Zeb left the Zoo.

Day #7

Zookeeper Zeb arrives at the Zoo.
--------------------
Zookeeper Zeb wakes up Hariyah the Hippo.
Hariyah the Hippo has woken up.
Zookeeper Zeb wakes up Harnoor the Hippo.
Harnoor the Hippo has woken up.
Zookeeper Zeb wakes up Hansell the Hippo.
Hansell the Hippo has woken up.
Zookeeper Zeb wakes up Harleth the Hippo.
Harleth the Hippo has woken up.
Zookeeper Zeb wakes up Ethal the Elephant.
Ethal the Elephant has woken up.
Zookeeper Zeb wakes up Edith the Elephant.
Edith the Elephant has woken up.
Zookeeper Zeb wakes up Roxey the Rhino.
Roxey the Rhino has woken up.
Zookeeper Zeb wakes up Russell the Rhino.
Russell the Rhino has woken up.
Zookeeper Zeb wakes up Raashan the Rhino.
Raashan the Rhino has woken up.
Zookeeper Zeb wakes up Reinardo the Rhino.
Reinardo the Rhino has woken up.
Zookeeper Zeb wakes up Cottrell the Cat.
Cottrell the Cat is already awake.
Zookeeper Zeb wakes up Chun the Cat.
Chun the Cat is already awake.
Zookeeper Zeb wakes up Chrisoula the Cat.
Chrisoula the Cat is already awake.
Zookeeper Zeb wakes up Crew the Cat.
Crew the Cat is already awake.
Zookeeper Zeb wakes up Llovani the Lion.
Llovani the Lion has woken up.
Zookeeper Zeb wakes up Lorann the Lion.
Lorann the Lion is already awake.
Zookeeper Zeb wakes up Tredarius the Tiger.
Tredarius the Tiger has woken up.
Zookeeper Zeb wakes up Tannis the Tiger.
Tannis the Tiger has woken up.
Zookeeper Zeb wakes up Tralynn the Tiger.
Tralynn the Tiger is already awake.
Zookeeper Zeb wakes up Wille the Wolf.
Wille the Wolf has woken up.
Zookeeper Zeb wakes up Wynter the Wolf.
Wynter the Wolf has woken up.
Zookeeper Zeb wakes up Wylma the Wolf.
Wylma the Wolf has woken up.
Zookeeper Zeb wakes up Dallys the Dog.
Dallys the Dog has woken up.
Zookeeper Zeb wakes up Delie the Dog.
Delie the Dog has woken up.
Zookeeper Zeb wakes up Donata the Dog.
Donata the Dog has woken up.
Zookeeper Zeb wakes up Byrd the Brown Bear.
Byrd the Brown Bear has woken up.
Zookeeper Zeb wakes up Britanya the Brown Bear.
Britanya the Brown Bear has woken up.
Zookeeper Zeb wakes up Breshawn the Brown Bear.
Breshawn the Brown Bear has woken up.
Zookeeper Zeb wakes up Breckin the Brown Bear.
Breckin the Brown Bear has woken up.
Zookeeper Zeb wakes up Saajid the Sun Bear.
Saajid the Sun Bear is already awake.
Zookeeper Zeb wakes up Shakaylah the Sun Bear.
Shakaylah the Sun Bear is already awake.
Zookeeper Zeb wakes up Soldier the Sun Bear.
Soldier the Sun Bear is already awake.
Zookeeper Zeb roll calls Hariyah the Hippo.
Hariyah the Hippo growns.
Zookeeper Zeb roll calls Harnoor the Hippo.
Harnoor the Hippo growns.
Zookeeper Zeb roll calls Hansell the Hippo.
Hansell the Hippo growns.
Zookeeper Zeb roll calls Harleth the Hippo.
Harleth the Hippo growns.
Zookeeper Zeb roll calls Ethal the Elephant.
Ethal the Elephant trumpets.
Zookeeper Zeb roll calls Edith the Elephant.
Edith the Elephant trumpets.
Zookeeper Zeb roll calls Roxey the Rhino.
Roxey the Rhino growls.
Zookeeper Zeb roll calls Russell the Rhino.
Russell the Rhino growls.
Zookeeper Zeb roll calls Raashan the Rhino.
Raashan the Rhino growls.
Zookeeper Zeb roll calls Reinardo the Rhino.
Reinardo the Rhino growls.
Zookeeper Zeb roll calls Cottrell the Cat.
Cottrell the Cat meows.
Zookeeper Zeb roll calls Chun the Cat.
Chun the Cat meows.
Zookeeper Zeb roll calls Chrisoula the Cat.
Chrisoula the Cat meows.
Zookeeper Zeb roll calls Crew the Cat.
Crew the Cat meows.
Zookeeper Zeb roll calls Llovani the Lion.
Llovani the Lion roars.
Zookeeper Zeb roll calls Lorann the Lion.
Lorann the Lion roars.
Zookeeper Zeb roll calls Tredarius the Tiger.
Tredarius the Tiger purrs.
Zookeeper Zeb roll calls Tannis the Tiger.
Tannis the Tiger purrs.
Zookeeper Zeb roll calls Tralynn the Tiger.
Tralynn the Tiger purrs.
Zookeeper Zeb roll calls Wille the Wolf.
Wille the Wolf bark-howls.
Zookeeper Zeb roll calls Wynter the Wolf.
Wynter the Wolf bark-howls.
Zookeeper Zeb roll calls Wylma the Wolf.
Wylma the Wolf bark-howls.
Zookeeper Zeb roll calls Dallys the Dog.
Dallys the Dog barks.
Zookeeper Zeb roll calls Delie the Dog.
Delie the Dog barks.
Zookeeper Zeb roll calls Donata the Dog.
Donata the Dog barks.
Zookeeper Zeb roll calls Byrd the Brown Bear.
Byrd the Brown Bear growels.
Zookeeper Zeb roll calls Britanya the Brown Bear.
Britanya the Brown Bear growels.
Zookeeper Zeb roll calls Breshawn the Brown Bear.
Breshawn the Brown Bear growels.
Zookeeper Zeb roll calls Breckin the Brown Bear.
Breckin the Brown Bear growels.
Zookeeper Zeb roll calls Saajid the Sun Bear.
Saajid the Sun Bear roars aggressively.
Zookeeper Zeb roll calls Shakaylah the Sun Bear.
Shakaylah the Sun Bear roars aggressively.
Zookeeper Zeb roll calls Soldier the Sun Bear.
Soldier the Sun Bear roars aggressively.
Zookeeper Zeb feeds Hariyah the Hippo.
Hariyah the Hippo has eaten.
Zookeeper Zeb feeds Harnoor the Hippo.
Harnoor the Hippo has eaten.
Zookeeper Zeb feeds Hansell the Hippo.
Hansell the Hippo has eaten.
Zookeeper Zeb feeds Harleth the Hippo.
Harleth the Hippo has eaten.
Zookeeper Zeb feeds Ethal the Elephant.
Ethal the Elephant has eaten.
Zookeeper Zeb feeds Edith the Elephant.
Edith the Elephant has eaten.
Zookeeper Zeb feeds Roxey the Rhino.
Roxey the Rhino has eaten.
Zookeeper Zeb feeds Russell the Rhino.
Russell the Rhino has eaten.
Zookeeper Zeb feeds Raashan the Rhino.
Raashan the Rhino has eaten.
Zookeeper Zeb feeds Reinardo the Rhino.
Reinardo the Rhino has eaten.
Zookeeper Zeb feeds Cottrell the Cat.
Cottrell the Cat has eaten.
Zookeeper Zeb feeds Chun the Cat.
Chun the Cat has eaten.
Zookeeper Zeb feeds Chrisoula the Cat.
Chrisoula the Cat has eaten.
Zookeeper Zeb feeds Crew the Cat.
Crew the Cat has eaten.
Zookeeper Zeb feeds Llovani the Lion.
Llovani the Lion has eaten.
Zookeeper Zeb feeds Lorann the Lion.
Lorann the Lion has eaten.
Zookeeper Zeb feeds Tredarius the Tiger.
Tredarius the Tiger has eaten.
Zookeeper Zeb feeds Tannis the Tiger.
Tannis the Tiger has eaten.
Zookeeper Zeb feeds Tralynn the Tiger.
Tralynn the Tiger has eaten.
Zookeeper Zeb feeds Wille the Wolf.
Wille the Wolf has eaten.
Zookeeper Zeb feeds Wynter the Wolf.
Wynter the Wolf has eaten.
Zookeeper Zeb feeds Wylma the Wolf.
Wylma the Wolf has eaten.
Zookeeper Zeb feeds Dallys the Dog.
Dallys the Dog has eaten.
Zookeeper Zeb feeds Delie the Dog.
Delie the Dog has eaten.
Zookeeper Zeb feeds Donata the Dog.
Donata the Dog has eaten.
Zookeeper Zeb feeds Byrd the Brown Bear.
Byrd the Brown Bear has eaten.
Zookeeper Zeb feeds Britanya the Brown Bear.
Britanya the Brown Bear has eaten.
Zookeeper Zeb feeds Breshawn the Brown Bear.
Breshawn the Brown Bear feasts on a large meal.
Zookeeper Zeb feeds Breckin the Brown Bear.
Breckin the Brown Bear has eaten.
Zookeeper Zeb feeds Saajid the Sun Bear.
Saajid the Sun Bear has eaten.
Zookeeper Zeb feeds Shakaylah the Sun Bear.
Shakaylah the Sun Bear feasts on a large meal.
Zookeeper Zeb feeds Soldier the Sun Bear.
Soldier the Sun Bear has eaten.
Zookeeper Zeb exercises Hariyah the Hippo.
Hariyah the Hippo has roamed / exercised.
Zookeeper Zeb exercises Harnoor the Hippo.
Harnoor the Hippo has charged.
Zookeeper Zeb exercises Hansell the Hippo.
Hansell the Hippo has charged.
Zookeeper Zeb exercises Harleth the Hippo.
Harleth the Hippo has roamed / exercised.
Zookeeper Zeb exercises Ethal the Elephant.
Ethal the Elephant has charged.
Zookeeper Zeb exercises Edith the Elephant.
Edith the Elephant has roamed / exercised.
Zookeeper Zeb exercises Roxey the Rhino.
Roxey the Rhino has roamed / exercised.
Zookeeper Zeb exercises Russell the Rhino.
Russell the Rhino has roamed / exercised.
Zookeeper Zeb exercises Raashan the Rhino.
Raashan the Rhino has charged.
Zookeeper Zeb exercises Reinardo the Rhino.
Reinardo the Rhino has charged.
Zookeeper Zeb exercises Cottrell the Cat.
Cottrell the Cat has roamed / exercised.
Zookeeper Zeb exercises Chun the Cat.
Chun the Cat has roamed / exercised.
Zookeeper Zeb exercises Chrisoula the Cat.
Chrisoula the Cat has roamed / exercised.
Zookeeper Zeb exercises Crew the Cat.
Crew the Cat has roamed / exercised.
Zookeeper Zeb exercises Llovani the Lion.
Llovani the Lion has roamed / exercised.
Zookeeper Zeb exercises Lorann the Lion.
Lorann the Lion has roamed / exercised.
Zookeeper Zeb exercises Tredarius the Tiger.
Tredarius the Tiger has roamed / exercised.
Zookeeper Zeb exercises Tannis the Tiger.
Tannis the Tiger has roamed / exercised.
Zookeeper Zeb exercises Tralynn the Tiger.
Tralynn the Tiger has roamed / exercised.
Zookeeper Zeb exercises Wille the Wolf.
Wille the Wolf has roamed / exercised.
Zookeeper Zeb exercises Wynter the Wolf.
Wynter the Wolf has roamed / exercised.
Zookeeper Zeb exercises Wylma the Wolf.
Wylma the Wolf bark-howls.
Zookeeper Zeb exercises Dallys the Dog.
Dallys the Dog has roamed / exercised.
Zookeeper Zeb exercises Delie the Dog.
Delie the Dog has roamed / exercised.
Zookeeper Zeb exercises Donata the Dog.
Donata the Dog has roamed / exercised.
Zookeeper Zeb exercises Byrd the Brown Bear.
Byrd the Brown Bear has roamed / exercised.
Zookeeper Zeb exercises Britanya the Brown Bear.
Britanya the Brown Bear has roamed / exercised.
Zookeeper Zeb exercises Breshawn the Brown Bear.
Breshawn the Brown Bear has roamed / exercised.
Zookeeper Zeb exercises Breckin the Brown Bear.
Breckin the Brown Bear has roamed / exercised.
Zookeeper Zeb exercises Saajid the Sun Bear.
Saajid the Sun Bear has roamed / exercised.
Zookeeper Zeb exercises Shakaylah the Sun Bear.
Shakaylah the Sun Bear has roamed / exercised.
Zookeeper Zeb exercises Soldier the Sun Bear.
Soldier the Sun Bear has roamed / exercised.
Zookeeper Zeb tucks in Hariyah the Hippo.
Hariyah the Hippo slumbers.
Zookeeper Zeb tucks in Harnoor the Hippo.
Harnoor the Hippo slumbers.
Zookeeper Zeb tucks in Hansell the Hippo.
Hansell the Hippo slumbers.
Zookeeper Zeb tucks in Harleth the Hippo.
Harleth the Hippo slumbers.
Zookeeper Zeb tucks in Ethal the Elephant.
Ethal the Elephant slumbers.
Zookeeper Zeb tucks in Edith the Elephant.
Edith the Elephant slumbers.
Zookeeper Zeb tucks in Roxey the Rhino.
Roxey the Rhino slumbers.
Zookeeper Zeb tucks in Russell the Rhino.
Russell the Rhino slumbers.
Zookeeper Zeb tucks in Raashan the Rhino.
Raashan the Rhino slumbers.
Zookeeper Zeb tucks in Reinardo the Rhino.
Reinardo the Rhino slumbers.
Zookeeper Zeb tucks in Cottrell the Cat.
Cottrell the Cat slumbers.
Zookeeper Zeb tucks in Chun the Cat.
Chun the Cat meows.
Zookeeper Zeb tucks in Chrisoula the Cat.
Chrisoula the Cat slumbers.
Zookeeper Zeb tucks in Crew the Cat.
Crew the Cat slumbers.
Zookeeper Zeb tucks in Llovani the Lion.
Llovani the Lion roars.
Zookeeper Zeb tucks in Lorann the Lion.
Lorann the Lion roars.
Zookeeper Zeb tucks in Tredarius the Tiger.
Tredarius the Tiger has roamed / exercised.
Zookeeper Zeb tucks in Tannis the Tiger.
Tannis the Tiger has roamed / exercised.
Zookeeper Zeb tucks in Tralynn the Tiger.
Tralynn the Tiger purrs.
Zookeeper Zeb tucks in Wille the Wolf.
Wille the Wolf slumbers.
Zookeeper Zeb tucks in Wynter the Wolf.
Wynter the Wolf slumbers.
Zookeeper Zeb tucks in Wylma the Wolf.
Wylma the Wolf slumbers.
Zookeeper Zeb tucks in Dallys the Dog.
Dallys the Dog slumbers.
Zookeeper Zeb tucks in Delie the Dog.
Delie the Dog slumbers.
Zookeeper Zeb tucks in Donata the Dog.
Donata the Dog slumbers.
Zookeeper Zeb tucks in Byrd the Brown Bear.
Byrd the Brown Bear slumbers.
Zookeeper Zeb tucks in Britanya the Brown Bear.
Britanya the Brown Bear slumbers.
Zookeeper Zeb tucks in Breshawn the Brown Bear.
Breshawn the Brown Bear slumbers.
Zookeeper Zeb tucks in Breckin the Brown Bear.
Breckin the Brown Bear slumbers.
Zookeeper Zeb tucks in Saajid the Sun Bear.
Saajid the Sun Bear slumbers.
Zookeeper Zeb tucks in Shakaylah the Sun Bear.
Shakaylah the Sun Bear slumbers.
Zookeeper Zeb tucks in Soldier the Sun Bear.
Soldier the Sun Bear slumbers.
--------------------
Zookeeper Zeb left the Zoo.

