---Day 0---
Spring rolls sold today: 15
Egg rolls sold today: 6
Sausage rolls sold today: 9
Pastry rolls sold today: 16
Jelly rolls sold today: 15
Extra sauce sold today: 10
Extra topping sold today: 33
Sausage filling sold today: 0
The store made $143.5 today.
Spring rolls left today: 15
Egg rolls left today: 24
Sausage rolls left today: 21
Pastry rolls left today: 14
Jelly rolls left today: 15
--- End of Day 0---

---Day 1---
Spring rolls sold today: 15
Egg rolls sold today: 24
Sausage rolls sold today: 12
Pastry rolls sold today: 14
Jelly rolls sold today: 15
Extra sauce sold today: 19
Extra topping sold today: 36
Sausage filling sold today: 0
The store made $175.75 today.
Spring rolls left today: 0
Egg rolls left today: 0
Sausage rolls left today: 9
Pastry rolls left today: 0
Jelly rolls left today: 0
--- End of Day 1---

---Day 2---
Spring rolls sold today: 8
Egg rolls sold today: 8
Sausage rolls sold today: 7
Pastry rolls sold today: 11
Jelly rolls sold today: 9
Extra sauce sold today: 14
Extra topping sold today: 25
Sausage filling sold today: 0
The store made $104.5 today.
Spring rolls left today: 22
Egg rolls left today: 22
Sausage rolls left today: 2
Pastry rolls left today: 19
Jelly rolls left today: 21
--- End of Day 2---

---Day 3---
Spring rolls sold today: 22
Egg rolls sold today: 22
Sausage rolls sold today: 2
Pastry rolls sold today: 19
Jelly rolls sold today: 20
Extra sauce sold today: 22
Extra topping sold today: 45
Sausage filling sold today: 0
The store made $185.0 today.
Spring rolls left today: 0
Egg rolls left today: 0
Sausage rolls left today: 0
Pastry rolls left today: 0
Jelly rolls left today: 1
--- End of Day 3---

---Day 4---
Spring rolls sold today: 9
Egg rolls sold today: 3
Sausage rolls sold today: 3
Pastry rolls sold today: 5
Jelly rolls sold today: 1
Extra sauce sold today: 3
Extra topping sold today: 15
Sausage filling sold today: 0
The store made $46.25 today.
Spring rolls left today: 21
Egg rolls left today: 27
Sausage rolls left today: 27
Pastry rolls left today: 25
Jelly rolls left today: 0
--- End of Day 4---

---Day 5---
Spring rolls sold today: 12
Egg rolls sold today: 17
Sausage rolls sold today: 21
Pastry rolls sold today: 8
Jelly rolls sold today: 16
Extra sauce sold today: 20
Extra topping sold today: 31
Sausage filling sold today: 0
The store made $166.5 today.
Spring rolls left today: 9
Egg rolls left today: 10
Sausage rolls left today: 6
Pastry rolls left today: 17
Jelly rolls left today: 14
--- End of Day 5---

---Day 6---
Spring rolls sold today: 9
Egg rolls sold today: 9
Sausage rolls sold today: 6
Pastry rolls sold today: 8
Jelly rolls sold today: 7
Extra sauce sold today: 6
Extra topping sold today: 23
Sausage filling sold today: 0
The store made $88.5 today.
Spring rolls left today: 0
Egg rolls left today: 1
Sausage rolls left today: 0
Pastry rolls left today: 9
Jelly rolls left today: 7
--- End of Day 6---

---Totals---
Spring rolls sold total: 90
Egg rolls sold total: 89
Sausage rolls sold total: 60
Pastry rolls sold total: 81
Jelly rolls sold total: 83
Extra sauce sold total: 94
Extra topping sold total: 208
Sausage filling sold total: 0
The store made $910.0 total.
